#
# There is insufficient memory for the Java Runtime Environment to continue.
# Native memory allocation (mmap) failed to map 34603008 bytes for committing reserved memory.
# Possible reasons:
#   The system is out of physical RAM or swap space
#   In 32 bit mode, the process size limit was hit
# Possible solutions:
#   Reduce memory load on the system
#   Increase physical memory or swap space
#   Check if swap backing store is full
#   Use 64 bit Java on a 64 bit OS
#   Decrease Java heap size (-Xmx/-Xms)
#   Decrease number of Java threads
#   Decrease Java thread stack sizes (-Xss)
#   Set larger code cache with -XX:ReservedCodeCacheSize=
# This output file may be truncated or incomplete.
#
#  Out of Memory Error (os_linux.cpp:2627), pid=8869, tid=0x00007fc604c90700
#
# JRE version: OpenJDK Runtime Environment (8.0_76-b03) (build 1.8.0_76-release-b03)
# Java VM: OpenJDK 64-Bit Server VM (25.76-b03 mixed mode linux-amd64 compressed oops)
# Failed to write core dump. Core dumps have been disabled. To enable core dumping, try "ulimit -c unlimited" before starting Java again
#

---------------  T H R E A D  ---------------

Current thread (0x00007fc61c076000):  VMThread [stack: 0x00007fc604b90000,0x00007fc604c91000] [id=8880]

Stack: [0x00007fc604b90000,0x00007fc604c91000],  sp=0x00007fc604c8f4c0,  free space=1021k
Native frames: (J=compiled Java code, j=interpreted, Vv=VM code, C=native code)
V  [libjvm.so+0x9d9fcd]  VMError::report_and_die()+0x15d
V  [libjvm.so+0x4b4d4a]  report_vm_out_of_memory(char const*, int, unsigned long, VMErrorType, char const*)+0x8a
V  [libjvm.so+0x845190]  os::pd_commit_memory(char*, unsigned long, unsigned long, bool)+0xf0
V  [libjvm.so+0x83fcbf]  os::commit_memory(char*, unsigned long, unsigned long, bool)+0x1f
V  [libjvm.so+0x8b4d9b]  PSVirtualSpace::expand_by(unsigned long)+0x5b
V  [libjvm.so+0x8b5a10]  PSYoungGen::resize_generation(unsigned long, unsigned long)+0xb0
V  [libjvm.so+0x8b5d2b]  PSYoungGen::resize(unsigned long, unsigned long)+0x1b
V  [libjvm.so+0x8b241c]  PSScavenge::invoke_no_policy()+0xdac
V  [libjvm.so+0x8b2bf8]  PSScavenge::invoke()+0x38
V  [libjvm.so+0x8681f3]  ParallelScavengeHeap::failed_mem_allocate(unsigned long)+0x63
V  [libjvm.so+0x9dba94]  VM_ParallelGCFailedAllocation::doit()+0x84
V  [libjvm.so+0x9dfe47]  VM_Operation::evaluate()+0x47
V  [libjvm.so+0x9de908]  VMThread::evaluate_operation(VM_Operation*)+0x2c8
V  [libjvm.so+0x9ded89]  VMThread::loop()+0x219
V  [libjvm.so+0x9df1d2]  VMThread::run()+0x72
V  [libjvm.so+0x8425b2]  java_start(Thread*)+0xf2

VM_Operation (0x00007fc5ffffbe30): ParallelGCFailedAllocation, mode: safepoint, requested by thread 0x00007fc61c296000


---------------  P R O C E S S  ---------------

Java Threads: ( => current thread )
  0x00007fc61c1b6000 JavaThread "pool-1-thread-8" [_thread_blocked, id=8897, stack(0x00007fc5fefce000,0x00007fc5ff0cf000)]
  0x00007fc61c1b4800 JavaThread "pool-1-thread-7" [_thread_blocked, id=8896, stack(0x00007fc5ff0cf000,0x00007fc5ff1d0000)]
  0x00007fc61c1b2800 JavaThread "pool-1-thread-6" [_thread_blocked, id=8895, stack(0x00007fc5ff1d0000,0x00007fc5ff2d1000)]
  0x00007fc61c1b1000 JavaThread "pool-1-thread-5" [_thread_blocked, id=8894, stack(0x00007fc5ff2d1000,0x00007fc5ff3d2000)]
  0x00007fc61c1af800 JavaThread "pool-1-thread-4" [_thread_blocked, id=8893, stack(0x00007fc5ff3d2000,0x00007fc5ff4d3000)]
  0x00007fc61c0ca000 JavaThread "pool-1-thread-3" [_thread_blocked, id=8892, stack(0x00007fc5ff4d3000,0x00007fc5ff5d4000)]
  0x00007fc61c0d1000 JavaThread "pool-1-thread-2" [_thread_blocked, id=8891, stack(0x00007fc5ff5d4000,0x00007fc5ff6d5000)]
  0x00007fc61c296000 JavaThread "pool-1-thread-1" [_thread_blocked, id=8889, stack(0x00007fc5ffeff000,0x00007fc600000000)]
  0x00007fc61c0be000 JavaThread "Service Thread" daemon [_thread_blocked, id=8887, stack(0x00007fc604489000,0x00007fc60458a000)]
  0x00007fc61c0bb000 JavaThread "C1 CompilerThread2" daemon [_thread_blocked, id=8886, stack(0x00007fc60458a000,0x00007fc60468b000)]
  0x00007fc61c0b9800 JavaThread "C2 CompilerThread1" daemon [_thread_blocked, id=8885, stack(0x00007fc60468b000,0x00007fc60478c000)]
  0x00007fc61c0b6800 JavaThread "C2 CompilerThread0" daemon [_thread_blocked, id=8884, stack(0x00007fc60478c000,0x00007fc60488d000)]
  0x00007fc61c0b5000 JavaThread "Signal Dispatcher" daemon [_thread_blocked, id=8883, stack(0x00007fc60488d000,0x00007fc60498e000)]
  0x00007fc61c082000 JavaThread "Finalizer" daemon [_thread_blocked, id=8882, stack(0x00007fc60498e000,0x00007fc604a8f000)]
  0x00007fc61c07d800 JavaThread "Reference Handler" daemon [_thread_blocked, id=8881, stack(0x00007fc604a8f000,0x00007fc604b90000)]
  0x00007fc61c008800 JavaThread "main" [_thread_blocked, id=8875, stack(0x00007fc622727000,0x00007fc622828000)]

Other Threads:
=>0x00007fc61c076000 VMThread [stack: 0x00007fc604b90000,0x00007fc604c91000] [id=8880]
  0x00007fc61c0c1000 WatcherThread [stack: 0x00007fc604388000,0x00007fc604489000] [id=8888]

VM state:at safepoint (normal execution)

VM Mutex/Monitor currently owned by a thread:  ([mutex/lock_event])
[0x00007fc61c006b90] Threads_lock - owner thread: 0x00007fc61c076000
[0x00007fc61c007090] Heap_lock - owner thread: 0x00007fc61c296000

Heap:
 PSYoungGen      total 38912K, used 7662K [0x00000000ebf00000, 0x00000000eed00000, 0x0000000100000000)
  eden space 31232K, 0% used [0x00000000ebf00000,0x00000000ebf00000,0x00000000edd80000)
  from space 7680K, 99% used [0x00000000edd80000,0x00000000ee4fb820,0x00000000ee500000)
  to   space 7168K, 0% used [0x00000000ee500000,0x00000000ee500000,0x00000000eec00000)
 ParOldGen       total 42496K, used 11369K [0x00000000c3c00000, 0x00000000c6580000, 0x00000000ebf00000)
  object space 42496K, 26% used [0x00000000c3c00000,0x00000000c471a630,0x00000000c6580000)
 Metaspace       used 15165K, capacity 15551K, committed 15872K, reserved 1062912K
  class space    used 2688K, capacity 2731K, committed 2816K, reserved 1048576K

Card table byte_map: [0x00007fc60ca5d000,0x00007fc60cc40000] byte_map_base: 0x00007fc60c43f000

Marking Bits: (ParMarkBitMap*) 0x00007fc621c091a0
 Begin Bits: [0x00007fc6061e0000, 0x00007fc6070f0000)
 End Bits:   [0x00007fc6070f0000, 0x00007fc608000000)

Polling page: 0x00007fc622726000

CodeCache: size=245760Kb used=4619Kb max_used=4633Kb free=241140Kb
 bounds [0x00007fc60d000000, 0x00007fc60d490000, 0x00007fc61c000000]
 total_blobs=1609 nmethods=1299 adapters=225
 compilation: enabled

Compilation events (10 events):
Event: 23.627 Thread 0x00007fc61c0bb000 nmethod 1360 0x00007fc60d47ca50 code [0x00007fc60d47ccc0, 0x00007fc60d47d9a8]
Event: 23.628 Thread 0x00007fc61c0bb000 1359       2       frege.compiler.passes.Imp$21$1$1Let$24404::rebuildRho$22747 (42 bytes)
Event: 23.770 Thread 0x00007fc61c0bb000 nmethod 1359 0x00007fc60d475e10 code [0x00007fc60d475fe0, 0x00007fc60d476468]
Event: 23.770 Thread 0x00007fc61c0bb000 1335       2       frege.compiler.passes.Imp$21$1$12$1$1::call (16 bytes)
Event: 23.848 Thread 0x00007fc61c0bb000 nmethod 1335 0x00007fc60d47e7d0 code [0x00007fc60d47ea20, 0x00007fc60d47f678]
Event: 23.856 Thread 0x00007fc61c0bb000 1377       3       frege.compiler.passes.Imp$21$1$1Let$24404::rbSymL$22773 (65 bytes)
Event: 23.962 Thread 0x00007fc61c0bb000 nmethod 1377 0x00007fc60d480290 code [0x00007fc60d480600, 0x00007fc60d481eb8]
Event: 23.962 Thread 0x00007fc61c0bb000 1383       3       frege.compiler.types.Strictness$1Let$8103::decode$7594 (124 bytes)
Event: 24.050 Thread 0x00007fc61c0b6800 nmethod 1261 0x00007fc60d4863d0 code [0x00007fc60d4868e0, 0x00007fc60d489168]
Event: 24.050 Thread 0x00007fc61c0b6800 1374       4       frege.prelude.PreludeMonad$5::call (5 bytes)

GC Heap History (10 events):
Event: 6.846 GC heap after
Heap after GC invocations=2 (full 0):
 PSYoungGen      total 18432K, used 2534K [0x00000000ebf00000, 0x00000000ed380000, 0x0000000100000000)
  eden space 15872K, 0% used [0x00000000ebf00000,0x00000000ebf00000,0x00000000ece80000)
  from space 2560K, 98% used [0x00000000ed100000,0x00000000ed379888,0x00000000ed380000)
  to   space 2560K, 0% used [0x00000000ece80000,0x00000000ece80000,0x00000000ed100000)
 ParOldGen       total 42496K, used 3262K [0x00000000c3c00000, 0x00000000c6580000, 0x00000000ebf00000)
  object space 42496K, 7% used [0x00000000c3c00000,0x00000000c3f2f9d0,0x00000000c6580000)
 Metaspace       used 9818K, capacity 10589K, committed 10752K, reserved 1058816K
  class space    used 1632K, capacity 1680K, committed 1792K, reserved 1048576K
}
Event: 7.262 GC heap before
{Heap before GC invocations=3 (full 0):
 PSYoungGen      total 18432K, used 18406K [0x00000000ebf00000, 0x00000000ed380000, 0x0000000100000000)
  eden space 15872K, 100% used [0x00000000ebf00000,0x00000000ece80000,0x00000000ece80000)
  from space 2560K, 98% used [0x00000000ed100000,0x00000000ed379888,0x00000000ed380000)
  to   space 2560K, 0% used [0x00000000ece80000,0x00000000ece80000,0x00000000ed100000)
 ParOldGen       total 42496K, used 3262K [0x00000000c3c00000, 0x00000000c6580000, 0x00000000ebf00000)
  object space 42496K, 7% used [0x00000000c3c00000,0x00000000c3f2f9d0,0x00000000c6580000)
 Metaspace       used 11172K, capacity 11933K, committed 12032K, reserved 1058816K
  class space    used 1962K, capacity 2000K, committed 2048K, reserved 1048576K
Event: 7.266 GC heap after
Heap after GC invocations=3 (full 0):
 PSYoungGen      total 18432K, used 2545K [0x00000000ebf00000, 0x00000000ed380000, 0x0000000100000000)
  eden space 15872K, 0% used [0x00000000ebf00000,0x00000000ebf00000,0x00000000ece80000)
  from space 2560K, 99% used [0x00000000ece80000,0x00000000ed0fc4e0,0x00000000ed100000)
  to   space 2560K, 0% used [0x00000000ed100000,0x00000000ed100000,0x00000000ed380000)
 ParOldGen       total 42496K, used 3849K [0x00000000c3c00000, 0x00000000c6580000, 0x00000000ebf00000)
  object space 42496K, 9% used [0x00000000c3c00000,0x00000000c3fc25f0,0x00000000c6580000)
 Metaspace       used 11172K, capacity 11933K, committed 12032K, reserved 1058816K
  class space    used 1962K, capacity 2000K, committed 2048K, reserved 1048576K
}
Event: 10.217 GC heap before
{Heap before GC invocations=4 (full 0):
 PSYoungGen      total 18432K, used 18417K [0x00000000ebf00000, 0x00000000ed380000, 0x0000000100000000)
  eden space 15872K, 100% used [0x00000000ebf00000,0x00000000ece80000,0x00000000ece80000)
  from space 2560K, 99% used [0x00000000ece80000,0x00000000ed0fc4e0,0x00000000ed100000)
  to   space 2560K, 0% used [0x00000000ed100000,0x00000000ed100000,0x00000000ed380000)
 ParOldGen       total 42496K, used 3849K [0x00000000c3c00000, 0x00000000c6580000, 0x00000000ebf00000)
  object space 42496K, 9% used [0x00000000c3c00000,0x00000000c3fc25f0,0x00000000c6580000)
 Metaspace       used 12957K, capacity 13425K, committed 13696K, reserved 1060864K
  class space    used 2348K, capacity 2398K, committed 2432K, reserved 1048576K
Event: 10.224 GC heap after
Heap after GC invocations=4 (full 0):
 PSYoungGen      total 18432K, used 2542K [0x00000000ebf00000, 0x00000000ed380000, 0x0000000100000000)
  eden space 15872K, 0% used [0x00000000ebf00000,0x00000000ebf00000,0x00000000ece80000)
  from space 2560K, 99% used [0x00000000ed100000,0x00000000ed37b9b8,0x00000000ed380000)
  to   space 2560K, 0% used [0x00000000ece80000,0x00000000ece80000,0x00000000ed100000)
 ParOldGen       total 42496K, used 7116K [0x00000000c3c00000, 0x00000000c6580000, 0x00000000ebf00000)
  object space 42496K, 16% used [0x00000000c3c00000,0x00000000c42f3070,0x00000000c6580000)
 Metaspace       used 12957K, capacity 13425K, committed 13696K, reserved 1060864K
  class space    used 2348K, capacity 2398K, committed 2432K, reserved 1048576K
}
Event: 10.283 GC heap before
{Heap before GC invocations=5 (full 0):
 PSYoungGen      total 18432K, used 18414K [0x00000000ebf00000, 0x00000000ed380000, 0x0000000100000000)
  eden space 15872K, 100% used [0x00000000ebf00000,0x00000000ece80000,0x00000000ece80000)
  from space 2560K, 99% used [0x00000000ed100000,0x00000000ed37b9b8,0x00000000ed380000)
  to   space 2560K, 0% used [0x00000000ece80000,0x00000000ece80000,0x00000000ed100000)
 ParOldGen       total 42496K, used 7116K [0x00000000c3c00000, 0x00000000c6580000, 0x00000000ebf00000)
  object space 42496K, 16% used [0x00000000c3c00000,0x00000000c42f3070,0x00000000c6580000)
 Metaspace       used 13062K, capacity 13491K, committed 13696K, reserved 1060864K
  class space    used 2359K, capacity 2409K, committed 2432K, reserved 1048576K
Event: 10.289 GC heap after
Heap after GC invocations=5 (full 0):
 PSYoungGen      total 18432K, used 2554K [0x00000000ebf00000, 0x00000000eec00000, 0x0000000100000000)
  eden space 15872K, 0% used [0x00000000ebf00000,0x00000000ebf00000,0x00000000ece80000)
  from space 2560K, 99% used [0x00000000ece80000,0x00000000ed0fe9a8,0x00000000ed100000)
  to   space 7168K, 0% used [0x00000000ee500000,0x00000000ee500000,0x00000000eec00000)
 ParOldGen       total 42496K, used 10539K [0x00000000c3c00000, 0x00000000c6580000, 0x00000000ebf00000)
  object space 42496K, 24% used [0x00000000c3c00000,0x00000000c464ad50,0x00000000c6580000)
 Metaspace       used 13062K, capacity 13491K, committed 13696K, reserved 1060864K
  class space    used 2359K, capacity 2409K, committed 2432K, reserved 1048576K
}
Event: 12.977 GC heap before
{Heap before GC invocations=6 (full 0):
 PSYoungGen      total 18432K, used 18381K [0x00000000ebf00000, 0x00000000eec00000, 0x0000000100000000)
  eden space 15872K, 99% used [0x00000000ebf00000,0x00000000ece74a78,0x00000000ece80000)
  from space 2560K, 99% used [0x00000000ece80000,0x00000000ed0fe9a8,0x00000000ed100000)
  to   space 7168K, 0% used [0x00000000ee500000,0x00000000ee500000,0x00000000eec00000)
 ParOldGen       total 42496K, used 10539K [0x00000000c3c00000, 0x00000000c6580000, 0x00000000ebf00000)
  object space 42496K, 24% used [0x00000000c3c00000,0x00000000c464ad50,0x00000000c6580000)
 Metaspace       used 14348K, capacity 14745K, committed 14976K, reserved 1060864K
  class space    used 2594K, capacity 2634K, committed 2688K, reserved 1048576K
Event: 13.086 GC heap after
Heap after GC invocations=6 (full 0):
 PSYoungGen      total 38400K, used 6041K [0x00000000ebf00000, 0x00000000eed00000, 0x0000000100000000)
  eden space 31232K, 0% used [0x00000000ebf00000,0x00000000ebf00000,0x00000000edd80000)
  from space 7168K, 84% used [0x00000000ee500000,0x00000000eeae6640,0x00000000eec00000)
  to   space 7680K, 0% used [0x00000000edd80000,0x00000000edd80000,0x00000000ee500000)
 ParOldGen       total 42496K, used 10547K [0x00000000c3c00000, 0x00000000c6580000, 0x00000000ebf00000)
  object space 42496K, 24% used [0x00000000c3c00000,0x00000000c464cd50,0x00000000c6580000)
 Metaspace       used 14348K, capacity 14745K, committed 14976K, reserved 1060864K
  class space    used 2594K, capacity 2634K, committed 2688K, reserved 1048576K
}
Event: 24.424 GC heap before
{Heap before GC invocations=7 (full 0):
 PSYoungGen      total 38400K, used 37273K [0x00000000ebf00000, 0x00000000eed00000, 0x0000000100000000)
  eden space 31232K, 100% used [0x00000000ebf00000,0x00000000edd80000,0x00000000edd80000)
  from space 7168K, 84% used [0x00000000ee500000,0x00000000eeae6640,0x00000000eec00000)
  to   space 7680K, 0% used [0x00000000edd80000,0x00000000edd80000,0x00000000ee500000)
 ParOldGen       total 42496K, used 10547K [0x00000000c3c00000, 0x00000000c6580000, 0x00000000ebf00000)
  object space 42496K, 24% used [0x00000000c3c00000,0x00000000c464cd50,0x00000000c6580000)
 Metaspace       used 15165K, capacity 15551K, committed 15872K, reserved 1062912K
  class space    used 2688K, capacity 2731K, committed 2816K, reserved 1048576K

Deoptimization events (10 events):
Event: 13.442 Thread 0x00007fc61c296000 Uncommon trap: reason=class_check action=maybe_recompile pc=0x00007fc60d2270d0 method=frege.prelude.PreludeMonad.sequence_(Lfrege/prelude/PreludeMonad$CMonad;Lfrege/prelude/PreludeBase$TList;)Lfrege/run/Kind$U; @ 60
Event: 13.607 Thread 0x00007fc61c296000 Uncommon trap: reason=predicate action=maybe_recompile pc=0x00007fc60d3474a4 method=sun.reflect.annotation.AnnotationParser.parseAnnotationArray(ILjava/lang/Class;Ljava/nio/ByteBuffer;Lsun/reflect/ConstantPool;Ljava/lang/Class;)Ljava/lang/Object; @ 28
Event: 15.522 Thread 0x00007fc61c296000 Uncommon trap: reason=class_check action=maybe_recompile pc=0x00007fc60d2270d0 method=frege.prelude.PreludeMonad.sequence_(Lfrege/prelude/PreludeMonad$CMonad;Lfrege/prelude/PreludeBase$TList;)Lfrege/run/Kind$U; @ 60
Event: 18.188 Thread 0x00007fc61c296000 Uncommon trap: reason=class_check action=maybe_recompile pc=0x00007fc60d227340 method=frege.prelude.PreludeMonad.sequence_(Lfrege/prelude/PreludeMonad$CMonad;Lfrege/prelude/PreludeBase$TList;)Lfrege/run/Kind$U; @ 14
Event: 22.315 Thread 0x00007fc61c296000 Uncommon trap: reason=class_check action=maybe_recompile pc=0x00007fc60d22c700 method=frege.prelude.PreludeMonad.sequence_(Lfrege/prelude/PreludeMonad$CMonad;Lfrege/prelude/PreludeBase$TList;)Lfrege/run/Kind$U; @ 60
Event: 23.196 Thread 0x00007fc61c296000 Uncommon trap: reason=class_check action=maybe_recompile pc=0x00007fc60d2270d0 method=frege.prelude.PreludeMonad.sequence_(Lfrege/prelude/PreludeMonad$CMonad;Lfrege/prelude/PreludeBase$TList;)Lfrege/run/Kind$U; @ 60
Event: 23.214 Thread 0x00007fc61c296000 Uncommon trap: reason=class_check action=maybe_recompile pc=0x00007fc60d44baa4 method=frege.data.TreeMap$TTreeMap.insertWork(Lfrege/prelude/PreludeBase$COrd;Lfrege/run7/Func$U;Lfrege/data/TreeMap$TTreeMap;Ljava/lang/Object;Lfrege/run7/Lazy;)Lfrege/data/Tr
Event: 23.214 Thread 0x00007fc61c296000 Uncommon trap: reason=class_check action=maybe_recompile pc=0x00007fc60d44baa4 method=frege.data.TreeMap$TTreeMap.insertWork(Lfrege/prelude/PreludeBase$COrd;Lfrege/run7/Func$U;Lfrege/data/TreeMap$TTreeMap;Ljava/lang/Object;Lfrege/run7/Lazy;)Lfrege/data/Tr
Event: 23.214 Thread 0x00007fc61c296000 Uncommon trap: reason=class_check action=maybe_recompile pc=0x00007fc60d44baa4 method=frege.data.TreeMap$TTreeMap.insertWork(Lfrege/prelude/PreludeBase$COrd;Lfrege/run7/Func$U;Lfrege/data/TreeMap$TTreeMap;Ljava/lang/Object;Lfrege/run7/Lazy;)Lfrege/data/Tr
Event: 23.215 Thread 0x00007fc61c296000 Uncommon trap: reason=class_check action=maybe_recompile pc=0x00007fc60d44baa4 method=frege.data.TreeMap$TTreeMap.insertWork(Lfrege/prelude/PreludeBase$COrd;Lfrege/run7/Func$U;Lfrege/data/TreeMap$TTreeMap;Ljava/lang/Object;Lfrege/run7/Lazy;)Lfrege/data/Tr

Internal exceptions (3 events):
Event: 0.398 Thread 0x00007fc61c008800 Exception <a 'java/lang/NoSuchMethodError': Method sun.misc.Unsafe.defineClass(Ljava/lang/String;[BII)Ljava/lang/Class; name or signature does not match> (0x00000000ebf07cc0) thrown at [/ssd/Android/AOSP-openjdk/external/jetbrains/jdk/hotspot/src/share/vm
Event: 0.398 Thread 0x00007fc61c008800 Exception <a 'java/lang/NoSuchMethodError': Method sun.misc.Unsafe.prefetchRead(Ljava/lang/Object;J)V name or signature does not match> (0x00000000ebf07fa8) thrown at [/ssd/Android/AOSP-openjdk/external/jetbrains/jdk/hotspot/src/share/vm/prims/jni.cpp, li
Event: 10.359 Thread 0x00007fc61c296000 Implicit null exception at 0x00007fc60d24ffae to 0x00007fc60d25c09d

Events (10 events):
Event: 23.214 Thread 0x00007fc61c296000 DEOPT UNPACKING pc=0x00007fc60d004f69 sp=0x00007fc5ffffc8c8 mode 2
Event: 23.214 Thread 0x00007fc61c296000 Uncommon trap: trap_request=0xffffffde fr.pc=0x00007fc60d44baa4
Event: 23.214 Thread 0x00007fc61c296000 DEOPT PACKING pc=0x00007fc60d44baa4 sp=0x00007fc5ffffc850
Event: 23.214 Thread 0x00007fc61c296000 DEOPT UNPACKING pc=0x00007fc60d004f69 sp=0x00007fc5ffffc838 mode 2
Event: 23.215 Thread 0x00007fc61c296000 Uncommon trap: trap_request=0xffffffde fr.pc=0x00007fc60d44baa4
Event: 23.215 Thread 0x00007fc61c296000 DEOPT PACKING pc=0x00007fc60d44baa4 sp=0x00007fc5ffffc980
Event: 23.215 Thread 0x00007fc61c296000 DEOPT UNPACKING pc=0x00007fc60d004f69 sp=0x00007fc5ffffc968 mode 2
Event: 23.216 loading class frege/java/IO
Event: 23.216 loading class frege/java/IO done
Event: 24.353 Executing VM operation: ParallelGCFailedAllocation


Dynamic libraries:
00400000-00401000 r-xp 00000000 08:04 3944526                            /nix/store/x7cz8zxmww3smmjkg5r8gf7n7yzgd1vd-android-studio/jre/bin/java
00600000-00601000 r--p 00000000 08:04 3944526                            /nix/store/x7cz8zxmww3smmjkg5r8gf7n7yzgd1vd-android-studio/jre/bin/java
00601000-00602000 rw-p 00001000 08:04 3944526                            /nix/store/x7cz8zxmww3smmjkg5r8gf7n7yzgd1vd-android-studio/jre/bin/java
01811000-01832000 rw-p 00000000 00:00 0                                  [heap]
c3c00000-c6580000 rw-p 00000000 00:00 0 
c6580000-ebf00000 ---p 00000000 00:00 0 
ebf00000-eed00000 rw-p 00000000 00:00 0 
f0e00000-100000000 ---p 00000000 00:00 0 
100000000-1002c0000 rw-p 00000000 00:00 0 
1002c0000-140000000 ---p 00000000 00:00 0 
7fc5a4000000-7fc5a4021000 rw-p 00000000 00:00 0 
7fc5a4021000-7fc5a8000000 ---p 00000000 00:00 0 
7fc5ac000000-7fc5ac021000 rw-p 00000000 00:00 0 
7fc5ac021000-7fc5b0000000 ---p 00000000 00:00 0 
7fc5b0000000-7fc5b0021000 rw-p 00000000 00:00 0 
7fc5b0021000-7fc5b4000000 ---p 00000000 00:00 0 
7fc5b4000000-7fc5b4021000 rw-p 00000000 00:00 0 
7fc5b4021000-7fc5b8000000 ---p 00000000 00:00 0 
7fc5b8000000-7fc5b8021000 rw-p 00000000 00:00 0 
7fc5b8021000-7fc5bc000000 ---p 00000000 00:00 0 
7fc5bc000000-7fc5bc021000 rw-p 00000000 00:00 0 
7fc5bc021000-7fc5c0000000 ---p 00000000 00:00 0 
7fc5c0000000-7fc5c0021000 rw-p 00000000 00:00 0 
7fc5c0021000-7fc5c4000000 ---p 00000000 00:00 0 
7fc5c4000000-7fc5c4021000 rw-p 00000000 00:00 0 
7fc5c4021000-7fc5c8000000 ---p 00000000 00:00 0 
7fc5c8000000-7fc5c8413000 rw-p 00000000 00:00 0 
7fc5c8413000-7fc5cc000000 ---p 00000000 00:00 0 
7fc5cc000000-7fc5cc364000 rw-p 00000000 00:00 0 
7fc5cc364000-7fc5d0000000 ---p 00000000 00:00 0 
7fc5d0000000-7fc5d0021000 rw-p 00000000 00:00 0 
7fc5d0021000-7fc5d4000000 ---p 00000000 00:00 0 
7fc5d4000000-7fc5d63f4000 rw-p 00000000 00:00 0 
7fc5d63f4000-7fc5d8000000 ---p 00000000 00:00 0 
7fc5d8000000-7fc5d915a000 rw-p 00000000 00:00 0 
7fc5d915a000-7fc5dc000000 ---p 00000000 00:00 0 
7fc5dc000000-7fc5dc021000 rw-p 00000000 00:00 0 
7fc5dc021000-7fc5e0000000 ---p 00000000 00:00 0 
7fc5e13e8000-7fc5e8000000 r--p 00000000 08:04 2238261                    /nix/store/5zy82yd0p3scpkp4lmxrz6vf3f9gk1nb-glibc-locales-2.25/lib/locale/locale-archive
7fc5e8000000-7fc5e8021000 rw-p 00000000 00:00 0 
7fc5e8021000-7fc5ec000000 ---p 00000000 00:00 0 
7fc5ec000000-7fc5ec021000 rw-p 00000000 00:00 0 
7fc5ec021000-7fc5f0000000 ---p 00000000 00:00 0 
7fc5f0000000-7fc5f0021000 rw-p 00000000 00:00 0 
7fc5f0021000-7fc5f4000000 ---p 00000000 00:00 0 
7fc5f4000000-7fc5f427d000 rw-p 00000000 00:00 0 
7fc5f427d000-7fc5f8000000 ---p 00000000 00:00 0 
7fc5f8000000-7fc5f8021000 rw-p 00000000 00:00 0 
7fc5f8021000-7fc5fc000000 ---p 00000000 00:00 0 
7fc5fedce000-7fc5fee8e000 rw-p 00000000 00:00 0 
7fc5fee8e000-7fc5fefce000 ---p 00000000 00:00 0 
7fc5fefce000-7fc5fefd1000 ---p 00000000 00:00 0 
7fc5fefd1000-7fc5ff0cf000 rw-p 00000000 00:00 0 
7fc5ff0cf000-7fc5ff0d2000 ---p 00000000 00:00 0 
7fc5ff0d2000-7fc5ff1d0000 rw-p 00000000 00:00 0 
7fc5ff1d0000-7fc5ff1d3000 ---p 00000000 00:00 0 
7fc5ff1d3000-7fc5ff2d1000 rw-p 00000000 00:00 0 
7fc5ff2d1000-7fc5ff2d4000 ---p 00000000 00:00 0 
7fc5ff2d4000-7fc5ff3d2000 rw-p 00000000 00:00 0 
7fc5ff3d2000-7fc5ff3d5000 ---p 00000000 00:00 0 
7fc5ff3d5000-7fc5ff4d3000 rw-p 00000000 00:00 0 
7fc5ff4d3000-7fc5ff4d6000 ---p 00000000 00:00 0 
7fc5ff4d6000-7fc5ff5d4000 rw-p 00000000 00:00 0 
7fc5ff5d4000-7fc5ff5d7000 ---p 00000000 00:00 0 
7fc5ff5d7000-7fc5ff8d5000 rw-p 00000000 00:00 0 
7fc5ff8d5000-7fc5ffad5000 rw-p 00000000 00:00 0 
7fc5ffad5000-7fc5ffaec000 r-xp 00000000 08:04 3944617                    /nix/store/x7cz8zxmww3smmjkg5r8gf7n7yzgd1vd-android-studio/jre/jre/lib/amd64/libnet.so
7fc5ffaec000-7fc5ffceb000 ---p 00017000 08:04 3944617                    /nix/store/x7cz8zxmww3smmjkg5r8gf7n7yzgd1vd-android-studio/jre/jre/lib/amd64/libnet.so
7fc5ffceb000-7fc5ffcec000 r--p 00016000 08:04 3944617                    /nix/store/x7cz8zxmww3smmjkg5r8gf7n7yzgd1vd-android-studio/jre/jre/lib/amd64/libnet.so
7fc5ffcec000-7fc5ffced000 rw-p 00017000 08:04 3944617                    /nix/store/x7cz8zxmww3smmjkg5r8gf7n7yzgd1vd-android-studio/jre/jre/lib/amd64/libnet.so
7fc5ffced000-7fc5ffcfe000 r-xp 00000000 08:04 3944618                    /nix/store/x7cz8zxmww3smmjkg5r8gf7n7yzgd1vd-android-studio/jre/jre/lib/amd64/libnio.so
7fc5ffcfe000-7fc5ffefd000 ---p 00011000 08:04 3944618                    /nix/store/x7cz8zxmww3smmjkg5r8gf7n7yzgd1vd-android-studio/jre/jre/lib/amd64/libnio.so
7fc5ffefd000-7fc5ffefe000 r--p 00010000 08:04 3944618                    /nix/store/x7cz8zxmww3smmjkg5r8gf7n7yzgd1vd-android-studio/jre/jre/lib/amd64/libnio.so
7fc5ffefe000-7fc5ffeff000 rw-p 00011000 08:04 3944618                    /nix/store/x7cz8zxmww3smmjkg5r8gf7n7yzgd1vd-android-studio/jre/jre/lib/amd64/libnio.so
7fc5ffeff000-7fc5fff02000 ---p 00000000 00:00 0 
7fc5fff02000-7fc600000000 rw-p 00000000 00:00 0 
7fc600000000-7fc600021000 rw-p 00000000 00:00 0 
7fc600021000-7fc604000000 ---p 00000000 00:00 0 
7fc604009000-7fc60408e000 rw-p 00000000 00:00 0 
7fc60408e000-7fc604388000 r--s 01c1e000 08:04 2373537                    /home/nik/AndroidStudioProjects/HelloActivities/app/libs/frege-3.24.100.1-jdk7.jar
7fc604388000-7fc604389000 ---p 00000000 00:00 0 
7fc604389000-7fc604489000 rw-p 00000000 00:00 0 
7fc604489000-7fc60448c000 ---p 00000000 00:00 0 
7fc60448c000-7fc60458a000 rw-p 00000000 00:00 0 
7fc60458a000-7fc60458d000 ---p 00000000 00:00 0 
7fc60458d000-7fc60468b000 rw-p 00000000 00:00 0 
7fc60468b000-7fc60468e000 ---p 00000000 00:00 0 
7fc60468e000-7fc60478c000 rw-p 00000000 00:00 0 
7fc60478c000-7fc60478f000 ---p 00000000 00:00 0 
7fc60478f000-7fc60488d000 rw-p 00000000 00:00 0 
7fc60488d000-7fc604890000 ---p 00000000 00:00 0 
7fc604890000-7fc60498e000 rw-p 00000000 00:00 0 
7fc60498e000-7fc604991000 ---p 00000000 00:00 0 
7fc604991000-7fc604a8f000 rw-p 00000000 00:00 0 
7fc604a8f000-7fc604a92000 ---p 00000000 00:00 0 
7fc604a92000-7fc604b90000 rw-p 00000000 00:00 0 
7fc604b90000-7fc604b91000 ---p 00000000 00:00 0 
7fc604b91000-7fc608000000 rw-p 00000000 00:00 0 
7fc608000000-7fc608021000 rw-p 00000000 00:00 0 
7fc608021000-7fc60c000000 ---p 00000000 00:00 0 
7fc60c019000-7fc60c2aa000 rw-p 00000000 00:00 0 
7fc60c2aa000-7fc60c477000 r--s 03bec000 08:04 3944645                    /nix/store/x7cz8zxmww3smmjkg5r8gf7n7yzgd1vd-android-studio/jre/jre/lib/rt.jar
7fc60c477000-7fc60c659000 rw-p 00000000 00:00 0 
7fc60c659000-7fc60c65a000 ---p 00000000 00:00 0 
7fc60c65a000-7fc60c75a000 rw-p 00000000 00:00 0 
7fc60c75a000-7fc60c75b000 ---p 00000000 00:00 0 
7fc60c75b000-7fc60c85b000 rw-p 00000000 00:00 0 
7fc60c85b000-7fc60c85c000 ---p 00000000 00:00 0 
7fc60c85c000-7fc60c95c000 rw-p 00000000 00:00 0 
7fc60c95c000-7fc60c95d000 ---p 00000000 00:00 0 
7fc60c95d000-7fc60ca72000 rw-p 00000000 00:00 0 
7fc60ca72000-7fc60cb9e000 ---p 00000000 00:00 0 
7fc60cb9e000-7fc60cbb6000 rw-p 00000000 00:00 0 
7fc60cbb6000-7fc60cc3f000 ---p 00000000 00:00 0 
7fc60cc3f000-7fc60cc53000 rw-p 00000000 00:00 0 
7fc60cc53000-7fc60d000000 ---p 00000000 00:00 0 
7fc60d000000-7fc60d490000 rwxp 00000000 00:00 0 
7fc60d490000-7fc61c000000 ---p 00000000 00:00 0 
7fc61c000000-7fc61c3aa000 rw-p 00000000 00:00 0 
7fc61c3aa000-7fc620000000 ---p 00000000 00:00 0 
7fc620008000-7fc620016000 r--s 0007f000 08:04 2373736                    /home/nik/AndroidStudioProjects/HelloActivities/app/libs/froid_0.0.2.jar
7fc620016000-7fc6200a1000 rw-p 00000000 00:00 0 
7fc6200a1000-7fc6201ce000 ---p 00000000 00:00 0 
7fc6201ce000-7fc6201e8000 r-xp 00000000 08:04 3944626                    /nix/store/x7cz8zxmww3smmjkg5r8gf7n7yzgd1vd-android-studio/jre/jre/lib/amd64/libzip.so
7fc6201e8000-7fc6203e8000 ---p 0001a000 08:04 3944626                    /nix/store/x7cz8zxmww3smmjkg5r8gf7n7yzgd1vd-android-studio/jre/jre/lib/amd64/libzip.so
7fc6203e8000-7fc6203e9000 r--p 0001a000 08:04 3944626                    /nix/store/x7cz8zxmww3smmjkg5r8gf7n7yzgd1vd-android-studio/jre/jre/lib/amd64/libzip.so
7fc6203e9000-7fc6203ea000 rw-p 0001b000 08:04 3944626                    /nix/store/x7cz8zxmww3smmjkg5r8gf7n7yzgd1vd-android-studio/jre/jre/lib/amd64/libzip.so
7fc6203ea000-7fc620417000 r-xp 00000000 08:04 3944605                    /nix/store/x7cz8zxmww3smmjkg5r8gf7n7yzgd1vd-android-studio/jre/jre/lib/amd64/libjava.so
7fc620417000-7fc620616000 ---p 0002d000 08:04 3944605                    /nix/store/x7cz8zxmww3smmjkg5r8gf7n7yzgd1vd-android-studio/jre/jre/lib/amd64/libjava.so
7fc620616000-7fc620617000 r--p 0002c000 08:04 3944605                    /nix/store/x7cz8zxmww3smmjkg5r8gf7n7yzgd1vd-android-studio/jre/jre/lib/amd64/libjava.so
7fc620617000-7fc620619000 rw-p 0002d000 08:04 3944605                    /nix/store/x7cz8zxmww3smmjkg5r8gf7n7yzgd1vd-android-studio/jre/jre/lib/amd64/libjava.so
7fc620619000-7fc620629000 r-xp 00000000 08:04 3944625                    /nix/store/x7cz8zxmww3smmjkg5r8gf7n7yzgd1vd-android-studio/jre/jre/lib/amd64/libverify.so
7fc620629000-7fc620828000 ---p 00010000 08:04 3944625                    /nix/store/x7cz8zxmww3smmjkg5r8gf7n7yzgd1vd-android-studio/jre/jre/lib/amd64/libverify.so
7fc620828000-7fc62082a000 r--p 0000f000 08:04 3944625                    /nix/store/x7cz8zxmww3smmjkg5r8gf7n7yzgd1vd-android-studio/jre/jre/lib/amd64/libverify.so
7fc62082a000-7fc62082b000 rw-p 00011000 08:04 3944625                    /nix/store/x7cz8zxmww3smmjkg5r8gf7n7yzgd1vd-android-studio/jre/jre/lib/amd64/libverify.so
7fc62082b000-7fc620832000 r-xp 00000000 08:04 1835335                    /nix/store/kjwbqnh13dxh6w4pk2gb3ddmhpiaihqg-glibc-2.25/lib/librt-2.25.so
7fc620832000-7fc620a31000 ---p 00007000 08:04 1835335                    /nix/store/kjwbqnh13dxh6w4pk2gb3ddmhpiaihqg-glibc-2.25/lib/librt-2.25.so
7fc620a31000-7fc620a32000 r--p 00006000 08:04 1835335                    /nix/store/kjwbqnh13dxh6w4pk2gb3ddmhpiaihqg-glibc-2.25/lib/librt-2.25.so
7fc620a32000-7fc620a33000 rw-p 00007000 08:04 1835335                    /nix/store/kjwbqnh13dxh6w4pk2gb3ddmhpiaihqg-glibc-2.25/lib/librt-2.25.so
7fc620a33000-7fc620b44000 r-xp 00000000 08:04 1835317                    /nix/store/kjwbqnh13dxh6w4pk2gb3ddmhpiaihqg-glibc-2.25/lib/libm-2.25.so
7fc620b44000-7fc620d44000 ---p 00111000 08:04 1835317                    /nix/store/kjwbqnh13dxh6w4pk2gb3ddmhpiaihqg-glibc-2.25/lib/libm-2.25.so
7fc620d44000-7fc620d45000 r--p 00111000 08:04 1835317                    /nix/store/kjwbqnh13dxh6w4pk2gb3ddmhpiaihqg-glibc-2.25/lib/libm-2.25.so
7fc620d45000-7fc620d46000 rw-p 00112000 08:04 1835317                    /nix/store/kjwbqnh13dxh6w4pk2gb3ddmhpiaihqg-glibc-2.25/lib/libm-2.25.so
7fc620d46000-7fc62192c000 r-xp 00000000 08:04 4075730                    /nix/store/x7cz8zxmww3smmjkg5r8gf7n7yzgd1vd-android-studio/jre/jre/lib/amd64/server/libjvm.so
7fc62192c000-7fc621b2c000 ---p 00be6000 08:04 4075730                    /nix/store/x7cz8zxmww3smmjkg5r8gf7n7yzgd1vd-android-studio/jre/jre/lib/amd64/server/libjvm.so
7fc621b2c000-7fc621bcb000 r--p 00be6000 08:04 4075730                    /nix/store/x7cz8zxmww3smmjkg5r8gf7n7yzgd1vd-android-studio/jre/jre/lib/amd64/server/libjvm.so
7fc621bcb000-7fc621bf4000 rw-p 00c85000 08:04 4075730                    /nix/store/x7cz8zxmww3smmjkg5r8gf7n7yzgd1vd-android-studio/jre/jre/lib/amd64/server/libjvm.so
7fc621bf4000-7fc621c36000 rw-p 00000000 00:00 0 
7fc621c36000-7fc621c4f000 r-xp 00000000 08:04 1835331                    /nix/store/kjwbqnh13dxh6w4pk2gb3ddmhpiaihqg-glibc-2.25/lib/libpthread-2.25.so
7fc621c4f000-7fc621e4e000 ---p 00019000 08:04 1835331                    /nix/store/kjwbqnh13dxh6w4pk2gb3ddmhpiaihqg-glibc-2.25/lib/libpthread-2.25.so
7fc621e4e000-7fc621e4f000 r--p 00018000 08:04 1835331                    /nix/store/kjwbqnh13dxh6w4pk2gb3ddmhpiaihqg-glibc-2.25/lib/libpthread-2.25.so
7fc621e4f000-7fc621e50000 rw-p 00019000 08:04 1835331                    /nix/store/kjwbqnh13dxh6w4pk2gb3ddmhpiaihqg-glibc-2.25/lib/libpthread-2.25.so
7fc621e50000-7fc621e54000 rw-p 00000000 00:00 0 
7fc621e54000-7fc621e57000 r-xp 00000000 08:04 1835315                    /nix/store/kjwbqnh13dxh6w4pk2gb3ddmhpiaihqg-glibc-2.25/lib/libdl-2.25.so
7fc621e57000-7fc622056000 ---p 00003000 08:04 1835315                    /nix/store/kjwbqnh13dxh6w4pk2gb3ddmhpiaihqg-glibc-2.25/lib/libdl-2.25.so
7fc622056000-7fc622057000 r--p 00002000 08:04 1835315                    /nix/store/kjwbqnh13dxh6w4pk2gb3ddmhpiaihqg-glibc-2.25/lib/libdl-2.25.so
7fc622057000-7fc622058000 rw-p 00003000 08:04 1835315                    /nix/store/kjwbqnh13dxh6w4pk2gb3ddmhpiaihqg-glibc-2.25/lib/libdl-2.25.so
7fc622058000-7fc6221ed000 r-xp 00000000 08:04 1835310                    /nix/store/kjwbqnh13dxh6w4pk2gb3ddmhpiaihqg-glibc-2.25/lib/libc-2.25.so
7fc6221ed000-7fc6223ed000 ---p 00195000 08:04 1835310                    /nix/store/kjwbqnh13dxh6w4pk2gb3ddmhpiaihqg-glibc-2.25/lib/libc-2.25.so
7fc6223ed000-7fc6223f1000 r--p 00195000 08:04 1835310                    /nix/store/kjwbqnh13dxh6w4pk2gb3ddmhpiaihqg-glibc-2.25/lib/libc-2.25.so
7fc6223f1000-7fc6223f3000 rw-p 00199000 08:04 1835310                    /nix/store/kjwbqnh13dxh6w4pk2gb3ddmhpiaihqg-glibc-2.25/lib/libc-2.25.so
7fc6223f3000-7fc6223f7000 rw-p 00000000 00:00 0 
7fc6223f7000-7fc62240d000 r-xp 00000000 08:04 4333926                    /nix/store/x7cz8zxmww3smmjkg5r8gf7n7yzgd1vd-android-studio/jre/lib/amd64/jli/libjli.so
7fc62240d000-7fc62260c000 ---p 00016000 08:04 4333926                    /nix/store/x7cz8zxmww3smmjkg5r8gf7n7yzgd1vd-android-studio/jre/lib/amd64/jli/libjli.so
7fc62260c000-7fc62260d000 r--p 00015000 08:04 4333926                    /nix/store/x7cz8zxmww3smmjkg5r8gf7n7yzgd1vd-android-studio/jre/lib/amd64/jli/libjli.so
7fc62260d000-7fc62260e000 rw-p 00016000 08:04 4333926                    /nix/store/x7cz8zxmww3smmjkg5r8gf7n7yzgd1vd-android-studio/jre/lib/amd64/jli/libjli.so
7fc62260e000-7fc622631000 r-xp 00000000 08:04 1835306                    /nix/store/kjwbqnh13dxh6w4pk2gb3ddmhpiaihqg-glibc-2.25/lib/ld-2.25.so
7fc622631000-7fc6226e8000 rw-p 00000000 00:00 0 
7fc6226e8000-7fc6226f0000 rw-s 00000000 08:04 3819341                    /tmp/hsperfdata_nik/8869
7fc6226f0000-7fc622725000 r--s 00000000 00:12 17055                      /run/nscd/dbmmb7lt (deleted)
7fc622725000-7fc622726000 rw-p 00000000 00:00 0 
7fc622726000-7fc622727000 ---p 00000000 00:00 0 
7fc622727000-7fc62272a000 ---p 00000000 00:00 0 
7fc62272a000-7fc622830000 rw-p 00000000 00:00 0 
7fc622830000-7fc622831000 r--p 00022000 08:04 1835306                    /nix/store/kjwbqnh13dxh6w4pk2gb3ddmhpiaihqg-glibc-2.25/lib/ld-2.25.so
7fc622831000-7fc622832000 rw-p 00023000 08:04 1835306                    /nix/store/kjwbqnh13dxh6w4pk2gb3ddmhpiaihqg-glibc-2.25/lib/ld-2.25.so
7fc622832000-7fc622833000 rw-p 00000000 00:00 0 
7ffc52b3d000-7ffc52b5e000 rw-p 00000000 00:00 0                          [stack]
7ffc52b93000-7ffc52b95000 r--p 00000000 00:00 0                          [vvar]
7ffc52b95000-7ffc52b97000 r-xp 00000000 00:00 0                          [vdso]
ffffffffff600000-ffffffffff601000 r-xp 00000000 00:00 0                  [vsyscall]

VM Arguments:
jvm_args: -Dfile.encoding=UTF-8 -Duser.country=US -Duser.language=en -Duser.variant 
java_command: frege.compiler.Main -j -target 1.7 -v -inline -O -d src/main/java -make -fp /home/nik/Android/Sdk/platforms/android-27/android.jar -sp src/main/frege/ src/main/frege/
java_class_path (initial): /home/nik/AndroidStudioProjects/HelloActivities/app/libs/frege-3.24.100.1-jdk7.jar:/home/nik/AndroidStudioProjects/HelloActivities/app/libs/froid_0.0.2.jar:/home/nik/Android/Sdk/platforms/android-27/android.jar
Launcher Type: SUN_STANDARD

Environment Variables:
PATH=/nix/store/c07gdr6cm43j1cphadzafq185k711vx4-coreutils-8.26/bin:/nix/store/7pyzxi7k5l6nym972gi2nq8s9f9b2q0j-findutils-4.6.0/bin:/nix/store/r6s8rcd28wsk4gwviyc93343bq5zwlqq-gnugrep-3.0/bin:/nix/store/l40jpwx8yxhvg3zb9irqyk8yhxznyd6v-which-2.21/bin:/nix/store/fvhg58wd3xp46q8rz3zc7lkjr4lndz53-file-5.28/bin:/nix/store/nf7gb5akijk5afn6nwm8qy996yrlb7dx-glxinfo-8.3.0/bin:/nix/store/3ibl7s2kqm6mnmp8bx51b8m5aq725j55-pciutils-3.5.2/bin:/nix/store/ligi8gcqvrgfgnkapji9gdyfxh2k9hdf-setxkbmap-1.3.1/bin:/nix/store/g3skr3kss1fqqzl5viyg178qbcp4cdky-gnutar-1.29/bin:/nix/store/kdx0bwfy20q6blpgpdb7psbn1y435r56-gzip-1.8/bin:/nix/store/vgzh9wrrn9xja5fjgz6h4dw50cvnsxmd-git-2.12.2/bin
LD_LIBRARY_PATH=/nix/store/x7cz8zxmww3smmjkg5r8gf7n7yzgd1vd-android-studio/bin:/nix/store/3m9wn3mkiyhy9wfqv8xc0w7x2hm5gr6s-fontconfig-2.12.1-lib/lib:/nix/store/h8y0vbvcqz6jg11m3vn5fqpm0w4895ap-freetype-2.6.5/lib:/nix/store/5j7j1h5abb40kywvgkpaxc8rf4j8ja8x-libXext-1.3.3/lib:/nix/store/bx0xp6rk90i95g3n4067338gz6gznagv-libXi-1.7.9/lib:/nix/store/7y33fyidr76z5lfrgm1ymx8x0wjjvapn-libXrender-0.9.10/lib:/nix/store/p3wh1sx3a1waqaab8whnr6r7h2253xva-libXtst-1.2.3/lib:/nix/store/lc9cdddv2xv45ighz8znsanjfgkcdgbx-gcc-5.4.0-lib/lib:/nix/store/yazqb91vcgqza2711h4x8jwywyfni5lb-gcc-5.4.0-lib/lib:/nix/store/sg6ri2jj92sbv7f4rvchzr00d24pi4nq-zlib-1.2.11/lib:/nix/store/pkjjygzk19vfc1b5xxz6jz5hd2sickb2-zlib-1.2.11/lib:/nix/store/xp3m1yx8s1hfwr4wrmkzsy32myzzwbi4-libXrandr-1.5.1/lib:/nix/store/4lapb4ylcl8nwfdqpf8jbaz34w37v9p6-libpulseaudio-10.0/lib:/nix/store/0wznqd6bvr9860885m5lbm3zl7ygkpa6-libX11-1.6.5/lib:/run/opengl-driver/lib:/run/opengl-driver-32/lib:/usr/lib:/usr/lib32
DISPLAY=:0.0

Signal Handlers:
SIGSEGV: [libjvm.so+0x9daac0], sa_mask[0]=11111111011111111101111111111110, sa_flags=SA_RESTART|SA_SIGINFO
SIGBUS: [libjvm.so+0x9daac0], sa_mask[0]=11111111011111111101111111111110, sa_flags=SA_RESTART|SA_SIGINFO
SIGFPE: [libjvm.so+0x840d90], sa_mask[0]=11111111011111111101111111111110, sa_flags=SA_RESTART|SA_SIGINFO
SIGPIPE: [libjvm.so+0x840d90], sa_mask[0]=11111111011111111101111111111110, sa_flags=SA_RESTART|SA_SIGINFO
SIGXFSZ: [libjvm.so+0x840d90], sa_mask[0]=11111111011111111101111111111110, sa_flags=SA_RESTART|SA_SIGINFO
SIGILL: [libjvm.so+0x840d90], sa_mask[0]=11111111011111111101111111111110, sa_flags=SA_RESTART|SA_SIGINFO
SIGUSR1: SIG_DFL, sa_mask[0]=00000000000000000000000000000000, sa_flags=none
SIGUSR2: [libjvm.so+0x840c60], sa_mask[0]=00100000000000000000000000000000, sa_flags=SA_RESTART|SA_SIGINFO
SIGHUP: [libjvm.so+0x840e50], sa_mask[0]=11111111011111111101111111111110, sa_flags=SA_RESTART|SA_SIGINFO
SIGINT: [libjvm.so+0x840e50], sa_mask[0]=11111111011111111101111111111110, sa_flags=SA_RESTART|SA_SIGINFO
SIGTERM: [libjvm.so+0x840e50], sa_mask[0]=11111111011111111101111111111110, sa_flags=SA_RESTART|SA_SIGINFO
SIGQUIT: [libjvm.so+0x840e50], sa_mask[0]=11111111011111111101111111111110, sa_flags=SA_RESTART|SA_SIGINFO


---------------  S Y S T E M  ---------------

OS:NAME=NixOS
ID=nixos
VERSION="17.03.1584.48ecdcf598 (Gorilla)"
VERSION_CODENAME=gorilla
VERSION_ID="17.03.1584.48ecdcf598"
PRETTY_NAME="NixOS 17.03.1584.48ecdcf598 (Gorilla)"
HOME_URL="https://nixos.org/"
SUPPORT_URL="https://nixos.org/nixos/support.html"
BUG_REPORT_URL="https://github.com/NixOS/nixpkgs/issues"

uname:Linux 4.9.38 #1-NixOS SMP Sat Jul 15 10:17:55 UTC 2017 x86_64
libc:glibc 2.25 NPTL 2.25 
rlimit: STACK 8192k, CORE 0k, NPROC 15364, NOFILE 4096, AS infinity
load average:4.57 2.82 1.96

/proc/meminfo:
MemTotal:        3941256 kB
MemFree:           95556 kB
MemAvailable:          0 kB
Buffers:            1196 kB
Cached:           261212 kB
SwapCached:            0 kB
Active:          3464460 kB
Inactive:         247208 kB
Active(anon):    3453520 kB
Inactive(anon):   237192 kB
Active(file):      10940 kB
Inactive(file):    10016 kB
Unevictable:           0 kB
Mlocked:               0 kB
SwapTotal:             0 kB
SwapFree:              0 kB
Dirty:                96 kB
Writeback:            64 kB
AnonPages:       3449452 kB
Mapped:           212232 kB
Shmem:            241260 kB
Slab:              58724 kB
SReclaimable:      29248 kB
SUnreclaim:        29476 kB
KernelStack:        7152 kB
PageTables:        25232 kB
NFS_Unstable:          0 kB
Bounce:                0 kB
WritebackTmp:          0 kB
CommitLimit:     1970628 kB
Committed_AS:    5361304 kB
VmallocTotal:   34359738367 kB
VmallocUsed:           0 kB
VmallocChunk:          0 kB
AnonHugePages:         0 kB
ShmemHugePages:        0 kB
ShmemPmdMapped:        0 kB
HugePages_Total:       0
HugePages_Free:        0
HugePages_Rsvd:        0
HugePages_Surp:        0
Hugepagesize:       2048 kB
DirectMap4k:      132500 kB
DirectMap2M:     3950592 kB
DirectMap1G:           0 kB


CPU:total 4 (2 cores per cpu, 2 threads per core) family 6 model 78 stepping 3, cmov, cx8, fxsr, mmx, sse, sse2, sse3, ssse3, sse4.1, sse4.2, popcnt, avx, avx2, aes, clmul, erms, 3dnowpref, lzcnt, ht, tsc, tscinvbit, bmi1, bmi2, adx

/proc/cpuinfo:
processor	: 0
vendor_id	: GenuineIntel
cpu family	: 6
model		: 78
model name	: Intel(R) Core(TM) i5-6200U CPU @ 2.30GHz
stepping	: 3
microcode	: 0x7c
cpu MHz		: 2700.585
cache size	: 3072 KB
physical id	: 0
siblings	: 4
core id		: 0
cpu cores	: 2
apicid		: 0
initial apicid	: 0
fpu		: yes
fpu_exception	: yes
cpuid level	: 22
wp		: yes
flags		: fpu vme de pse tsc msr pae mce cx8 apic sep mtrr pge mca cmov pat pse36 clflush dts acpi mmx fxsr sse sse2 ss ht tm pbe syscall nx pdpe1gb rdtscp lm constant_tsc art arch_perfmon pebs bts rep_good nopl xtopology nonstop_tsc aperfmperf eagerfpu pni pclmulqdq dtes64 monitor ds_cpl vmx est tm2 ssse3 sdbg fma cx16 xtpr pdcm pcid sse4_1 sse4_2 x2apic movbe popcnt tsc_deadline_timer aes xsave avx f16c rdrand lahf_lm abm 3dnowprefetch epb intel_pt tpr_shadow vnmi flexpriority ept vpid fsgsbase tsc_adjust bmi1 avx2 smep bmi2 erms invpcid mpx rdseed adx smap clflushopt xsaveopt xsavec xgetbv1 xsaves dtherm ida arat pln pts hwp hwp_notify hwp_act_window hwp_epp
bugs		:
bogomips	: 4800.00
clflush size	: 64
cache_alignment	: 64
address sizes	: 39 bits physical, 48 bits virtual
power management:

processor	: 1
vendor_id	: GenuineIntel
cpu family	: 6
model		: 78
model name	: Intel(R) Core(TM) i5-6200U CPU @ 2.30GHz
stepping	: 3
microcode	: 0x7c
cpu MHz		: 2788.916
cache size	: 3072 KB
physical id	: 0
siblings	: 4
core id		: 1
cpu cores	: 2
apicid		: 2
initial apicid	: 2
fpu		: yes
fpu_exception	: yes
cpuid level	: 22
wp		: yes
flags		: fpu vme de pse tsc msr pae mce cx8 apic sep mtrr pge mca cmov pat pse36 clflush dts acpi mmx fxsr sse sse2 ss ht tm pbe syscall nx pdpe1gb rdtscp lm constant_tsc art arch_perfmon pebs bts rep_good nopl xtopology nonstop_tsc aperfmperf eagerfpu pni pclmulqdq dtes64 monitor ds_cpl vmx est tm2 ssse3 sdbg fma cx16 xtpr pdcm pcid sse4_1 sse4_2 x2apic movbe popcnt tsc_deadline_timer aes xsave avx f16c rdrand lahf_lm abm 3dnowprefetch epb intel_pt tpr_shadow vnmi flexpriority ept vpid fsgsbase tsc_adjust bmi1 avx2 smep bmi2 erms invpcid mpx rdseed adx smap clflushopt xsaveopt xsavec xgetbv1 xsaves dtherm ida arat pln pts hwp hwp_notify hwp_act_window hwp_epp
bugs		:
bogomips	: 4803.76
clflush size	: 64
cache_alignment	: 64
address sizes	: 39 bits physical, 48 bits virtual
power management:

processor	: 2
vendor_id	: GenuineIntel
cpu family	: 6
model		: 78
model name	: Intel(R) Core(TM) i5-6200U CPU @ 2.30GHz
stepping	: 3
microcode	: 0x7c
cpu MHz		: 2699.707
cache size	: 3072 KB
physical id	: 0
siblings	: 4
core id		: 0
cpu cores	: 2
apicid		: 1
initial apicid	: 1
fpu		: yes
fpu_exception	: yes
cpuid level	: 22
wp		: yes
flags		: fpu vme de pse tsc msr pae mce cx8 apic sep mtrr pge mca cmov pat pse36 clflush dts acpi mmx fxsr sse sse2 ss ht tm pbe syscall nx pdpe1gb rdtscp lm constant_tsc art arch_perfmon pebs bts rep_good nopl xtopology nonstop_tsc aperfmperf eagerfpu pni pclmulqdq dtes64 monitor ds_cpl vmx est tm2 ssse3 sdbg fma cx16 xtpr pdcm pcid sse4_1 sse4_2 x2apic movbe popcnt tsc_deadline_timer aes xsave avx f16c rdrand lahf_lm abm 3dnowprefetch epb intel_pt tpr_shadow vnmi flexpriority ept vpid fsgsbase tsc_adjust bmi1 avx2 smep bmi2 erms invpcid mpx rdseed adx smap clflushopt xsaveopt xsavec xgetbv1 xsaves dtherm ida arat pln pts hwp hwp_notify hwp_act_window hwp_epp
bugs		:
bogomips	: 4805.24
clflush size	: 64
cache_alignment	: 64
address sizes	: 39 bits physical, 48 bits virtual
power management:

processor	: 3
vendor_id	: GenuineIntel
cpu family	: 6
model		: 78
model name	: Intel(R) Core(TM) i5-6200U CPU @ 2.30GHz
stepping	: 3
microcode	: 0x7c
cpu MHz		: 2797.851
cache size	: 3072 KB
physical id	: 0
siblings	: 4
core id		: 1
cpu cores	: 2
apicid		: 3
initial apicid	: 3
fpu		: yes
fpu_exception	: yes
cpuid level	: 22
wp		: yes
flags		: fpu vme de pse tsc msr pae mce cx8 apic sep mtrr pge mca cmov pat pse36 clflush dts acpi mmx fxsr sse sse2 ss ht tm pbe syscall nx pdpe1gb rdtscp lm constant_tsc art arch_perfmon pebs bts rep_good nopl xtopology nonstop_tsc aperfmperf eagerfpu pni pclmulqdq dtes64 monitor ds_cpl vmx est tm2 ssse3 sdbg fma cx16 xtpr pdcm pcid sse4_1 sse4_2 x2apic movbe popcnt tsc_deadline_timer aes xsave avx f16c rdrand lahf_lm abm 3dnowprefetch epb intel_pt tpr_shadow vnmi flexpriority ept vpid fsgsbase tsc_adjust bmi1 avx2 smep bmi2 erms invpcid mpx rdseed adx smap clflushopt xsaveopt xsavec xgetbv1 xsaves dtherm ida arat pln pts hwp hwp_notify hwp_act_window hwp_epp
bugs		:
bogomips	: 4804.10
clflush size	: 64
cache_alignment	: 64
address sizes	: 39 bits physical, 48 bits virtual
power management:



Memory: 4k page, physical 3941256k(95804k free), swap 0k(0k free)

vm_info: OpenJDK 64-Bit Server VM (25.76-b03) for linux-amd64 JRE (1.8.0_76-release-b03), built on Jun 29 2016 09:39:19 by "builder" with gcc 4.8.4

time: Sat Dec 23 13:22:54 2017
elapsed time: 30 seconds (0d 0h 0m 30s)

