#
# There is insufficient memory for the Java Runtime Environment to continue.
# Native memory allocation (mmap) failed to map 30408704 bytes for committing reserved memory.
# Possible reasons:
#   The system is out of physical RAM or swap space
#   In 32 bit mode, the process size limit was hit
# Possible solutions:
#   Reduce memory load on the system
#   Increase physical memory or swap space
#   Check if swap backing store is full
#   Use 64 bit Java on a 64 bit OS
#   Decrease Java heap size (-Xmx/-Xms)
#   Decrease number of Java threads
#   Decrease Java thread stack sizes (-Xss)
#   Set larger code cache with -XX:ReservedCodeCacheSize=
# This output file may be truncated or incomplete.
#
#  Out of Memory Error (os_linux.cpp:2627), pid=4412, tid=0x00007fb5b94fa700
#
# JRE version: OpenJDK Runtime Environment (8.0_76-b03) (build 1.8.0_76-release-b03)
# Java VM: OpenJDK 64-Bit Server VM (25.76-b03 mixed mode linux-amd64 compressed oops)
# Failed to write core dump. Core dumps have been disabled. To enable core dumping, try "ulimit -c unlimited" before starting Java again
#

---------------  T H R E A D  ---------------

Current thread (0x00007fb5cc076000):  VMThread [stack: 0x00007fb5b93fa000,0x00007fb5b94fb000] [id=4422]

Stack: [0x00007fb5b93fa000,0x00007fb5b94fb000],  sp=0x00007fb5b94f94a0,  free space=1021k
Native frames: (J=compiled Java code, j=interpreted, Vv=VM code, C=native code)
V  [libjvm.so+0x9d9fcd]  VMError::report_and_die()+0x15d
V  [libjvm.so+0x4b4d4a]  report_vm_out_of_memory(char const*, int, unsigned long, VMErrorType, char const*)+0x8a
V  [libjvm.so+0x845190]  os::pd_commit_memory(char*, unsigned long, unsigned long, bool)+0xf0
V  [libjvm.so+0x83fcbf]  os::commit_memory(char*, unsigned long, unsigned long, bool)+0x1f
V  [libjvm.so+0x8b4d9b]  PSVirtualSpace::expand_by(unsigned long)+0x5b
V  [libjvm.so+0x8b5a10]  PSYoungGen::resize_generation(unsigned long, unsigned long)+0xb0
V  [libjvm.so+0x8b5d2b]  PSYoungGen::resize(unsigned long, unsigned long)+0x1b
V  [libjvm.so+0x8b241c]  PSScavenge::invoke_no_policy()+0xdac
V  [libjvm.so+0x8abf20]  PSParallelCompact::invoke(bool)+0x40
V  [libjvm.so+0x4451e3]  CollectedHeap::collect_as_vm_thread(GCCause::Cause)+0x143
V  [libjvm.so+0x9db401]  VM_CollectForMetadataAllocation::doit()+0x141
V  [libjvm.so+0x9dfe47]  VM_Operation::evaluate()+0x47
V  [libjvm.so+0x9de908]  VMThread::evaluate_operation(VM_Operation*)+0x2c8
V  [libjvm.so+0x9ded89]  VMThread::loop()+0x219
V  [libjvm.so+0x9df1d2]  VMThread::run()+0x72
V  [libjvm.so+0x8425b2]  java_start(Thread*)+0xf2

VM_Operation (0x00007fb594cdb6a0): CollectForMetadataAllocation, mode: safepoint, requested by thread 0x00007fb5cc2c9000


---------------  P R O C E S S  ---------------

Java Threads: ( => current thread )
  0x00007fb5cc2c9000 JavaThread "pool-1-thread-8" [_thread_blocked, id=4438, stack(0x00007fb594bdd000,0x00007fb594cde000)]
  0x00007fb5cc2c7800 JavaThread "pool-1-thread-7" [_thread_blocked, id=4437, stack(0x00007fb594cde000,0x00007fb594ddf000)]
  0x00007fb5cc2c5800 JavaThread "pool-1-thread-6" [_thread_blocked, id=4436, stack(0x00007fb594fe6000,0x00007fb5950e7000)]
  0x00007fb5cc2c4800 JavaThread "pool-1-thread-5" [_thread_blocked, id=4435, stack(0x00007fb5950e7000,0x00007fb5951e8000)]
  0x00007fb5cc1b5800 JavaThread "pool-1-thread-4" [_thread_blocked, id=4434, stack(0x00007fb594ddf000,0x00007fb594ee0000)]
  0x00007fb5cc1b4000 JavaThread "pool-1-thread-3" [_thread_blocked, id=4433, stack(0x00007fb594ee0000,0x00007fb594fe1000)]
  0x00007fb5cc280000 JavaThread "pool-1-thread-2" [_thread_blocked, id=4432, stack(0x00007fb5b8671000,0x00007fb5b8772000)]
  0x00007fb5cc27d800 JavaThread "pool-1-thread-1" [_thread_blocked, id=4431, stack(0x00007fb5b8772000,0x00007fb5b8873000)]
  0x00007fb5cc0be000 JavaThread "Service Thread" daemon [_thread_blocked, id=4429, stack(0x00007fb5b8cf3000,0x00007fb5b8df4000)]
  0x00007fb5cc0bb000 JavaThread "C1 CompilerThread2" daemon [_thread_blocked, id=4428, stack(0x00007fb5b8df4000,0x00007fb5b8ef5000)]
  0x00007fb5cc0b9800 JavaThread "C2 CompilerThread1" daemon [_thread_blocked, id=4427, stack(0x00007fb5b8ef5000,0x00007fb5b8ff6000)]
  0x00007fb5cc0b6800 JavaThread "C2 CompilerThread0" daemon [_thread_blocked, id=4426, stack(0x00007fb5b8ff6000,0x00007fb5b90f7000)]
  0x00007fb5cc0b5000 JavaThread "Signal Dispatcher" daemon [_thread_blocked, id=4425, stack(0x00007fb5b90f7000,0x00007fb5b91f8000)]
  0x00007fb5cc082000 JavaThread "Finalizer" daemon [_thread_blocked, id=4424, stack(0x00007fb5b91f8000,0x00007fb5b92f9000)]
  0x00007fb5cc07d800 JavaThread "Reference Handler" daemon [_thread_blocked, id=4423, stack(0x00007fb5b92f9000,0x00007fb5b93fa000)]
  0x00007fb5cc008800 JavaThread "main" [_thread_blocked, id=4417, stack(0x00007fb5d2f6e000,0x00007fb5d306f000)]

Other Threads:
=>0x00007fb5cc076000 VMThread [stack: 0x00007fb5b93fa000,0x00007fb5b94fb000] [id=4422]
  0x00007fb5cc0c0800 WatcherThread [stack: 0x00007fb5b8bf2000,0x00007fb5b8cf3000] [id=4430]

VM state:at safepoint (normal execution)

VM Mutex/Monitor currently owned by a thread:  ([mutex/lock_event])
[0x00007fb5cc006b50] Threads_lock - owner thread: 0x00007fb5cc076000
[0x00007fb5cc007050] Heap_lock - owner thread: 0x00007fb5cc2c9000

Heap:
 PSYoungGen      total 182784K, used 6532K [0x00000000ebf00000, 0x00000000f9b00000, 0x0000000100000000)
  eden space 163328K, 0% used [0x00000000ebf00000,0x00000000ebf00000,0x00000000f5e80000)
  from space 19456K, 33% used [0x00000000f7500000,0x00000000f7b61110,0x00000000f8800000)
  to   space 14848K, 0% used [0x00000000f8c80000,0x00000000f8c80000,0x00000000f9b00000)
 ParOldGen       total 57344K, used 30013K [0x00000000c3c00000, 0x00000000c7400000, 0x00000000ebf00000)
  object space 57344K, 52% used [0x00000000c3c00000,0x00000000c594f7a8,0x00000000c7400000)
 Metaspace       used 35211K, capacity 35294K, committed 35456K, reserved 1077248K
  class space    used 6711K, capacity 6751K, committed 6784K, reserved 1048576K

Card table byte_map: [0x00007fb5d0472000,0x00007fb5d0655000] byte_map_base: 0x00007fb5cfe54000

Marking Bits: (ParMarkBitMap*) 0x00007fb5d24501a0
 Begin Bits: [0x00007fb5bb0df000, 0x00007fb5bbfef000)
 End Bits:   [0x00007fb5bbfef000, 0x00007fb5bceff000)

Polling page: 0x00007fb5d2f6d000

CodeCache: size=245760Kb used=14985Kb max_used=14985Kb free=230774Kb
 bounds [0x00007fb5bd000000, 0x00007fb5bded0000, 0x00007fb5cc000000]
 total_blobs=4435 nmethods=4106 adapters=243
 compilation: enabled

Compilation events (10 events):
Event: 31.610 Thread 0x00007fb5cc0bb000 4585       3       frege.lib.PP$27$1$2::call (5 bytes)
Event: 31.610 Thread 0x00007fb5cc0bb000 nmethod 4585 0x00007fb5bd153c90 code [0x00007fb5bd153e00, 0x00007fb5bd153fa8]
Event: 31.610 Thread 0x00007fb5cc0bb000 4586       3       frege.lib.PP$27$1$2::call (43 bytes)
Event: 31.611 Thread 0x00007fb5cc0bb000 nmethod 4586 0x00007fb5bd635b50 code [0x00007fb5bd635d40, 0x00007fb5bd636668]
Event: 31.614 Thread 0x00007fb5cc0bb000 4588       3       java.util.regex.Pattern$BranchConn::match (11 bytes)
Event: 31.614 Thread 0x00007fb5cc0b9800 4587       4       frege.control.monad.State$TStateT::mk (9 bytes)
Event: 31.614 Thread 0x00007fb5cc0bb000 nmethod 4588 0x00007fb5bd581b10 code [0x00007fb5bd581c80, 0x00007fb5bd581ea8]
Event: 31.614 Thread 0x00007fb5cc0bb000 4589       3       frege.compiler.types.Global$TGlobal::packClass (192 bytes)
Event: 31.615 Thread 0x00007fb5cc0b9800 nmethod 4587 0x00007fb5bd4e51d0 code [0x00007fb5bd4e5320, 0x00007fb5bd4e53d8]
Event: 32.335 Thread 0x00007fb5cc0bb000 nmethod 4589 0x00007fb5bd81c5d0 code [0x00007fb5bd81c9c0, 0x00007fb5bd81ec38]

GC Heap History (10 events):
Event: 11.920 GC heap after
Heap after GC invocations=7 (full 0):
 PSYoungGen      total 73216K, used 11744K [0x00000000ebf00000, 0x00000000f5500000, 0x0000000100000000)
  eden space 61440K, 0% used [0x00000000ebf00000,0x00000000ebf00000,0x00000000efb00000)
  from space 11776K, 99% used [0x00000000efb00000,0x00000000f0678020,0x00000000f0680000)
  to   space 15360K, 0% used [0x00000000f4600000,0x00000000f4600000,0x00000000f5500000)
 ParOldGen       total 42496K, used 18148K [0x00000000c3c00000, 0x00000000c6580000, 0x00000000ebf00000)
  object space 42496K, 42% used [0x00000000c3c00000,0x00000000c4db91b8,0x00000000c6580000)
 Metaspace       used 17127K, capacity 17380K, committed 17536K, reserved 1062912K
  class space    used 3101K, capacity 3144K, committed 3200K, reserved 1048576K
}
Event: 13.922 GC heap before
{Heap before GC invocations=8 (full 0):
 PSYoungGen      total 73216K, used 73184K [0x00000000ebf00000, 0x00000000f5500000, 0x0000000100000000)
  eden space 61440K, 100% used [0x00000000ebf00000,0x00000000efb00000,0x00000000efb00000)
  from space 11776K, 99% used [0x00000000efb00000,0x00000000f0678020,0x00000000f0680000)
  to   space 15360K, 0% used [0x00000000f4600000,0x00000000f4600000,0x00000000f5500000)
 ParOldGen       total 42496K, used 18148K [0x00000000c3c00000, 0x00000000c6580000, 0x00000000ebf00000)
  object space 42496K, 42% used [0x00000000c3c00000,0x00000000c4db91b8,0x00000000c6580000)
 Metaspace       used 18624K, capacity 18884K, committed 19072K, reserved 1064960K
  class space    used 3390K, capacity 3432K, committed 3456K, reserved 1048576K
Event: 13.949 GC heap after
Heap after GC invocations=8 (full 0):
 PSYoungGen      total 135168K, used 15342K [0x00000000ebf00000, 0x00000000f5b00000, 0x0000000100000000)
  eden space 119808K, 0% used [0x00000000ebf00000,0x00000000ebf00000,0x00000000f3400000)
  from space 15360K, 99% used [0x00000000f4600000,0x00000000f54fba50,0x00000000f5500000)
  to   space 18432K, 0% used [0x00000000f3400000,0x00000000f3400000,0x00000000f4600000)
 ParOldGen       total 42496K, used 18960K [0x00000000c3c00000, 0x00000000c6580000, 0x00000000ebf00000)
  object space 42496K, 44% used [0x00000000c3c00000,0x00000000c4e841e8,0x00000000c6580000)
 Metaspace       used 18624K, capacity 18884K, committed 19072K, reserved 1064960K
  class space    used 3390K, capacity 3432K, committed 3456K, reserved 1048576K
}
Event: 16.534 GC heap before
{Heap before GC invocations=9 (full 0):
 PSYoungGen      total 135168K, used 39923K [0x00000000ebf00000, 0x00000000f5b00000, 0x0000000100000000)
  eden space 119808K, 20% used [0x00000000ebf00000,0x00000000ed701280,0x00000000f3400000)
  from space 15360K, 99% used [0x00000000f4600000,0x00000000f54fba50,0x00000000f5500000)
  to   space 18432K, 0% used [0x00000000f3400000,0x00000000f3400000,0x00000000f4600000)
 ParOldGen       total 42496K, used 18960K [0x00000000c3c00000, 0x00000000c6580000, 0x00000000ebf00000)
  object space 42496K, 44% used [0x00000000c3c00000,0x00000000c4e841e8,0x00000000c6580000)
 Metaspace       used 20886K, capacity 21092K, committed 21296K, reserved 1067008K
  class space    used 3863K, capacity 3912K, committed 3968K, reserved 1048576K
Event: 16.556 GC heap after
Heap after GC invocations=9 (full 0):
 PSYoungGen      total 138240K, used 10767K [0x00000000ebf00000, 0x00000000f9e80000, 0x0000000100000000)
  eden space 119808K, 0% used [0x00000000ebf00000,0x00000000ebf00000,0x00000000f3400000)
  from space 18432K, 58% used [0x00000000f3400000,0x00000000f3e83c98,0x00000000f4600000)
  to   space 18432K, 0% used [0x00000000f8c80000,0x00000000f8c80000,0x00000000f9e80000)
 ParOldGen       total 42496K, used 25332K [0x00000000c3c00000, 0x00000000c6580000, 0x00000000ebf00000)
  object space 42496K, 59% used [0x00000000c3c00000,0x00000000c54bd2a8,0x00000000c6580000)
 Metaspace       used 20886K, capacity 21092K, committed 21296K, reserved 1067008K
  class space    used 3863K, capacity 3912K, committed 3968K, reserved 1048576K
}
Event: 16.556 GC heap before
{Heap before GC invocations=10 (full 1):
 PSYoungGen      total 138240K, used 10767K [0x00000000ebf00000, 0x00000000f9e80000, 0x0000000100000000)
  eden space 119808K, 0% used [0x00000000ebf00000,0x00000000ebf00000,0x00000000f3400000)
  from space 18432K, 58% used [0x00000000f3400000,0x00000000f3e83c98,0x00000000f4600000)
  to   space 18432K, 0% used [0x00000000f8c80000,0x00000000f8c80000,0x00000000f9e80000)
 ParOldGen       total 42496K, used 25332K [0x00000000c3c00000, 0x00000000c6580000, 0x00000000ebf00000)
  object space 42496K, 59% used [0x00000000c3c00000,0x00000000c54bd2a8,0x00000000c6580000)
 Metaspace       used 20886K, capacity 21092K, committed 21296K, reserved 1067008K
  class space    used 3863K, capacity 3912K, committed 3968K, reserved 1048576K
Event: 16.705 GC heap after
Heap after GC invocations=10 (full 1):
 PSYoungGen      total 138240K, used 0K [0x00000000ebf00000, 0x00000000f9e80000, 0x0000000100000000)
  eden space 119808K, 0% used [0x00000000ebf00000,0x00000000ebf00000,0x00000000f3400000)
  from space 18432K, 0% used [0x00000000f3400000,0x00000000f3400000,0x00000000f4600000)
  to   space 18432K, 0% used [0x00000000f8c80000,0x00000000f8c80000,0x00000000f9e80000)
 ParOldGen       total 57344K, used 27395K [0x00000000c3c00000, 0x00000000c7400000, 0x00000000ebf00000)
  object space 57344K, 47% used [0x00000000c3c00000,0x00000000c56c0eb8,0x00000000c7400000)
 Metaspace       used 20852K, capacity 21038K, committed 21296K, reserved 1067008K
  class space    used 3859K, capacity 3903K, committed 3968K, reserved 1048576K
}
Event: 22.499 GC heap before
{Heap before GC invocations=11 (full 1):
 PSYoungGen      total 138240K, used 119808K [0x00000000ebf00000, 0x00000000f9e80000, 0x0000000100000000)
  eden space 119808K, 100% used [0x00000000ebf00000,0x00000000f3400000,0x00000000f3400000)
  from space 18432K, 0% used [0x00000000f3400000,0x00000000f3400000,0x00000000f4600000)
  to   space 18432K, 0% used [0x00000000f8c80000,0x00000000f8c80000,0x00000000f9e80000)
 ParOldGen       total 57344K, used 27395K [0x00000000c3c00000, 0x00000000c7400000, 0x00000000ebf00000)
  object space 57344K, 47% used [0x00000000c3c00000,0x00000000c56c0eb8,0x00000000c7400000)
 Metaspace       used 32980K, capacity 33150K, committed 33408K, reserved 1077248K
  class space    used 6329K, capacity 6399K, committed 6528K, reserved 1048576K
Event: 22.525 GC heap after
Heap after GC invocations=11 (full 1):
 PSYoungGen      total 178176K, used 14729K [0x00000000ebf00000, 0x00000000f9b00000, 0x0000000100000000)
  eden space 163328K, 0% used [0x00000000ebf00000,0x00000000ebf00000,0x00000000f5e80000)
  from space 14848K, 99% used [0x00000000f8c80000,0x00000000f9ae25e0,0x00000000f9b00000)
  to   space 19456K, 0% used [0x00000000f7500000,0x00000000f7500000,0x00000000f8800000)
 ParOldGen       total 57344K, used 27403K [0x00000000c3c00000, 0x00000000c7400000, 0x00000000ebf00000)
  object space 57344K, 47% used [0x00000000c3c00000,0x00000000c56c2eb8,0x00000000c7400000)
 Metaspace       used 32980K, capacity 33150K, committed 33408K, reserved 1077248K
  class space    used 6329K, capacity 6399K, committed 6528K, reserved 1048576K
}
Event: 32.376 GC heap before
{Heap before GC invocations=12 (full 1):
 PSYoungGen      total 178176K, used 151902K [0x00000000ebf00000, 0x00000000f9b00000, 0x0000000100000000)
  eden space 163328K, 83% used [0x00000000ebf00000,0x00000000f44f54d0,0x00000000f5e80000)
  from space 14848K, 99% used [0x00000000f8c80000,0x00000000f9ae25e0,0x00000000f9b00000)
  to   space 19456K, 0% used [0x00000000f7500000,0x00000000f7500000,0x00000000f8800000)
 ParOldGen       total 57344K, used 27403K [0x00000000c3c00000, 0x00000000c7400000, 0x00000000ebf00000)
  object space 57344K, 47% used [0x00000000c3c00000,0x00000000c56c2eb8,0x00000000c7400000)
 Metaspace       used 35211K, capacity 35294K, committed 35456K, reserved 1077248K
  class space    used 6711K, capacity 6751K, committed 6784K, reserved 1048576K

Deoptimization events (10 events):
Event: 28.622 Thread 0x00007fb5cc2c9000 Uncommon trap: reason=class_check action=maybe_recompile pc=0x00007fb5bd968cec method=frege.compiler.common.Trans.isSimple(Lfrege/run7/Lazy;Lfrege/compiler/types/Expression$TExprT;)Lfrege/run7/Lazy; @ 30
Event: 28.623 Thread 0x00007fb5cc2c9000 Uncommon trap: reason=class_check action=maybe_recompile pc=0x00007fb5bddd3058 method=frege.compiler.common.Trans.isEasy(Lfrege/run7/Lazy;Lfrege/compiler/types/Expression$TExprT;)Lfrege/run7/Lazy; @ 140
Event: 28.623 Thread 0x00007fb5cc2c9000 Uncommon trap: reason=class_check action=maybe_recompile pc=0x00007fb5bddd3058 method=frege.compiler.common.Trans.isEasy(Lfrege/run7/Lazy;Lfrege/compiler/types/Expression$TExprT;)Lfrege/run7/Lazy; @ 140
Event: 28.624 Thread 0x00007fb5cc2c9000 Uncommon trap: reason=unstable_if action=reinterpret pc=0x00007fb5bddd2f50 method=frege.compiler.common.Trans.isEasy(Lfrege/run7/Lazy;Lfrege/compiler/types/Expression$TExprT;)Lfrege/run7/Lazy; @ 53
Event: 28.624 Thread 0x00007fb5cc2c9000 Uncommon trap: reason=bimorphic action=maybe_recompile pc=0x00007fb5bd9e1490 method=frege.compiler.passes.Easy.mkEasy(Lfrege/compiler/types/Expression$TExprT;)Lfrege/control/monad/State$TState; @ 269
Event: 28.631 Thread 0x00007fb5cc2c9000 Uncommon trap: reason=class_check action=maybe_recompile pc=0x00007fb5bdd67cf4 method=frege.compiler.Utilities$66.apply(Lfrege/run7/Lazy;)Lfrege/run7/Lazy; @ 583
Event: 28.696 Thread 0x00007fb5cc2c9000 Uncommon trap: reason=bimorphic action=maybe_recompile pc=0x00007fb5bd9dfb28 method=frege.compiler.common.Trans.isEasy(Lfrege/run7/Lazy;Lfrege/compiler/types/Expression$TExprT;)Lfrege/run7/Lazy; @ 46
Event: 28.703 Thread 0x00007fb5cc2c9000 Uncommon trap: reason=class_check action=maybe_recompile pc=0x00007fb5bdd67cf4 method=frege.compiler.Utilities$66.apply(Lfrege/run7/Lazy;)Lfrege/run7/Lazy; @ 583
Event: 28.703 Thread 0x00007fb5cc2c9000 Uncommon trap: reason=class_check action=maybe_recompile pc=0x00007fb5bdd67cf4 method=frege.compiler.Utilities$66.apply(Lfrege/run7/Lazy;)Lfrege/run7/Lazy; @ 583
Event: 28.708 Thread 0x00007fb5cc2c9000 Uncommon trap: reason=class_check action=maybe_recompile pc=0x00007fb5bdd67cf4 method=frege.compiler.Utilities$66.apply(Lfrege/run7/Lazy;)Lfrege/run7/Lazy; @ 583

Internal exceptions (7 events):
Event: 0.364 Thread 0x00007fb5cc008800 Exception <a 'java/lang/NoSuchMethodError': Method sun.misc.Unsafe.defineClass(Ljava/lang/String;[BII)Ljava/lang/Class; name or signature does not match> (0x00000000ebf07cc0) thrown at [/ssd/Android/AOSP-openjdk/external/jetbrains/jdk/hotspot/src/share/vm
Event: 0.364 Thread 0x00007fb5cc008800 Exception <a 'java/lang/NoSuchMethodError': Method sun.misc.Unsafe.prefetchRead(Ljava/lang/Object;J)V name or signature does not match> (0x00000000ebf07fa8) thrown at [/ssd/Android/AOSP-openjdk/external/jetbrains/jdk/hotspot/src/share/vm/prims/jni.cpp, li
Event: 8.061 Thread 0x00007fb5cc1b5800 Implicit null exception at 0x00007fb5bd26dfc5 to 0x00007fb5bd26e629
Event: 8.061 Thread 0x00007fb5cc2c4800 Implicit null exception at 0x00007fb5bd26dfc5 to 0x00007fb5bd26e629
Event: 8.061 Thread 0x00007fb5cc1b4000 Implicit null exception at 0x00007fb5bd26dfc5 to 0x00007fb5bd26e629
Event: 8.458 Thread 0x00007fb5cc1b5800 Implicit null exception at 0x00007fb5bd3073e3 to 0x00007fb5bd30eb95
Event: 16.932 Thread 0x00007fb5cc27d800 Implicit null exception at 0x00007fb5bd7a4c6e to 0x00007fb5bd7a58e5

Events (10 events):
Event: 31.473 Thread 0x00007fb5cc0b9800 flushing nmethod 0x00007fb5bd795790
Event: 31.476 Thread 0x00007fb5cc0bb000 flushing nmethod 0x00007fb5bd81b110
Event: 31.476 Thread 0x00007fb5cc0bb000 flushing nmethod 0x00007fb5bd843590
Event: 31.614 loading class frege/compiler/GenMeta$37$1$1
Event: 31.614 loading class frege/compiler/GenMeta$37$1$1 done
Event: 32.321 loading class frege/compiler/GenMeta$28
Event: 32.321 loading class frege/compiler/GenMeta$28 done
Event: 32.361 loading class frege/compiler/GenMeta$TConFieldA
Event: 32.361 loading class frege/compiler/GenMeta$TConFieldA done
Event: 32.376 Executing VM operation: CollectForMetadataAllocation


Dynamic libraries:
00400000-00401000 r-xp 00000000 08:04 3944526                            /nix/store/x7cz8zxmww3smmjkg5r8gf7n7yzgd1vd-android-studio/jre/bin/java
00600000-00601000 r--p 00000000 08:04 3944526                            /nix/store/x7cz8zxmww3smmjkg5r8gf7n7yzgd1vd-android-studio/jre/bin/java
00601000-00602000 rw-p 00001000 08:04 3944526                            /nix/store/x7cz8zxmww3smmjkg5r8gf7n7yzgd1vd-android-studio/jre/bin/java
007c3000-007e4000 rw-p 00000000 00:00 0                                  [heap]
c3c00000-c7400000 rw-p 00000000 00:00 0 
c7400000-ebf00000 ---p 00000000 00:00 0 
ebf00000-f9b00000 rw-p 00000000 00:00 0 
fb800000-100000000 ---p 00000000 00:00 0 
100000000-1006a0000 rw-p 00000000 00:00 0 
1006a0000-140000000 ---p 00000000 00:00 0 
7fb558000000-7fb55808a000 rw-p 00000000 00:00 0 
7fb55808a000-7fb55c000000 ---p 00000000 00:00 0 
7fb55fa00000-7fb55fc00000 rw-p 00000000 00:00 0 
7fb55fc00000-7fb55fe00000 rw-p 00000000 00:00 0 
7fb55fe00000-7fb560000000 rw-p 00000000 00:00 0 
7fb560000000-7fb560021000 rw-p 00000000 00:00 0 
7fb560021000-7fb564000000 ---p 00000000 00:00 0 
7fb564000000-7fb564021000 rw-p 00000000 00:00 0 
7fb564021000-7fb568000000 ---p 00000000 00:00 0 
7fb568000000-7fb568021000 rw-p 00000000 00:00 0 
7fb568021000-7fb56c000000 ---p 00000000 00:00 0 
7fb56c000000-7fb56c021000 rw-p 00000000 00:00 0 
7fb56c021000-7fb570000000 ---p 00000000 00:00 0 
7fb570000000-7fb5701e7000 rw-p 00000000 00:00 0 
7fb5701e7000-7fb574000000 ---p 00000000 00:00 0 
7fb574000000-7fb574021000 rw-p 00000000 00:00 0 
7fb574021000-7fb578000000 ---p 00000000 00:00 0 
7fb578000000-7fb578021000 rw-p 00000000 00:00 0 
7fb578021000-7fb57c000000 ---p 00000000 00:00 0 
7fb57c000000-7fb57c7c5000 rw-p 00000000 00:00 0 
7fb57c7c5000-7fb580000000 ---p 00000000 00:00 0 
7fb580000000-7fb580647000 rw-p 00000000 00:00 0 
7fb580647000-7fb584000000 ---p 00000000 00:00 0 
7fb584000000-7fb584021000 rw-p 00000000 00:00 0 
7fb584021000-7fb588000000 ---p 00000000 00:00 0 
7fb588000000-7fb58a250000 rw-p 00000000 00:00 0 
7fb58a250000-7fb58c000000 ---p 00000000 00:00 0 
7fb58c000000-7fb58e1a2000 rw-p 00000000 00:00 0 
7fb58e1a2000-7fb590000000 ---p 00000000 00:00 0 
7fb590000000-7fb590021000 rw-p 00000000 00:00 0 
7fb590021000-7fb594000000 ---p 00000000 00:00 0 
7fb5940d0000-7fb5942d0000 rw-p 00000000 00:00 0 
7fb5942d0000-7fb5944d0000 rw-p 00000000 00:00 0 
7fb5944d0000-7fb5945dd000 r--s 01b19000 08:04 3822235                    /home/nik/Android/Sdk/platforms/android-27/android.jar
7fb5945dd000-7fb5947dd000 rw-p 00000000 00:00 0 
7fb5947dd000-7fb5949dd000 rw-p 00000000 00:00 0 
7fb5949dd000-7fb594bdd000 rw-p 00000000 00:00 0 
7fb594bdd000-7fb594be0000 ---p 00000000 00:00 0 
7fb594be0000-7fb594cde000 rw-p 00000000 00:00 0 
7fb594cde000-7fb594ce1000 ---p 00000000 00:00 0 
7fb594ce1000-7fb594ddf000 rw-p 00000000 00:00 0 
7fb594ddf000-7fb594de2000 ---p 00000000 00:00 0 
7fb594de2000-7fb594ee0000 rw-p 00000000 00:00 0 
7fb594ee0000-7fb594ee3000 ---p 00000000 00:00 0 
7fb594ee3000-7fb594fe1000 rw-p 00000000 00:00 0 
7fb594fe6000-7fb594fe9000 ---p 00000000 00:00 0 
7fb594fe9000-7fb5950e7000 rw-p 00000000 00:00 0 
7fb5950e7000-7fb5950ea000 ---p 00000000 00:00 0 
7fb5950ea000-7fb5953e8000 rw-p 00000000 00:00 0 
7fb5953e8000-7fb59c000000 r--p 00000000 08:04 2238261                    /nix/store/5zy82yd0p3scpkp4lmxrz6vf3f9gk1nb-glibc-locales-2.25/lib/locale/locale-archive
7fb59c000000-7fb59c021000 rw-p 00000000 00:00 0 
7fb59c021000-7fb5a0000000 ---p 00000000 00:00 0 
7fb5a0000000-7fb5a0021000 rw-p 00000000 00:00 0 
7fb5a0021000-7fb5a4000000 ---p 00000000 00:00 0 
7fb5a4000000-7fb5a4021000 rw-p 00000000 00:00 0 
7fb5a4021000-7fb5a8000000 ---p 00000000 00:00 0 
7fb5a8000000-7fb5a827e000 rw-p 00000000 00:00 0 
7fb5a827e000-7fb5ac000000 ---p 00000000 00:00 0 
7fb5ac000000-7fb5ac021000 rw-p 00000000 00:00 0 
7fb5ac021000-7fb5b0000000 ---p 00000000 00:00 0 
7fb5b0000000-7fb5b0021000 rw-p 00000000 00:00 0 
7fb5b0021000-7fb5b4000000 ---p 00000000 00:00 0 
7fb5b4000000-7fb5b4021000 rw-p 00000000 00:00 0 
7fb5b4021000-7fb5b8000000 ---p 00000000 00:00 0 
7fb5b8026000-7fb5b8034000 r--s 0007f000 08:04 1857979                    /home/nik/projects/Piler/mobile/app/libs/froid_0.0.2.jar
7fb5b8034000-7fb5b8234000 rw-p 00000000 00:00 0 
7fb5b8234000-7fb5b8247000 r--s 00344000 08:04 3944644                    /nix/store/x7cz8zxmww3smmjkg5r8gf7n7yzgd1vd-android-studio/jre/jre/lib/resources.jar
7fb5b8247000-7fb5b825e000 r-xp 00000000 08:04 3944617                    /nix/store/x7cz8zxmww3smmjkg5r8gf7n7yzgd1vd-android-studio/jre/jre/lib/amd64/libnet.so
7fb5b825e000-7fb5b845d000 ---p 00017000 08:04 3944617                    /nix/store/x7cz8zxmww3smmjkg5r8gf7n7yzgd1vd-android-studio/jre/jre/lib/amd64/libnet.so
7fb5b845d000-7fb5b845e000 r--p 00016000 08:04 3944617                    /nix/store/x7cz8zxmww3smmjkg5r8gf7n7yzgd1vd-android-studio/jre/jre/lib/amd64/libnet.so
7fb5b845e000-7fb5b845f000 rw-p 00017000 08:04 3944617                    /nix/store/x7cz8zxmww3smmjkg5r8gf7n7yzgd1vd-android-studio/jre/jre/lib/amd64/libnet.so
7fb5b845f000-7fb5b8470000 r-xp 00000000 08:04 3944618                    /nix/store/x7cz8zxmww3smmjkg5r8gf7n7yzgd1vd-android-studio/jre/jre/lib/amd64/libnio.so
7fb5b8470000-7fb5b866f000 ---p 00011000 08:04 3944618                    /nix/store/x7cz8zxmww3smmjkg5r8gf7n7yzgd1vd-android-studio/jre/jre/lib/amd64/libnio.so
7fb5b866f000-7fb5b8670000 r--p 00010000 08:04 3944618                    /nix/store/x7cz8zxmww3smmjkg5r8gf7n7yzgd1vd-android-studio/jre/jre/lib/amd64/libnio.so
7fb5b8670000-7fb5b8671000 rw-p 00011000 08:04 3944618                    /nix/store/x7cz8zxmww3smmjkg5r8gf7n7yzgd1vd-android-studio/jre/jre/lib/amd64/libnio.so
7fb5b8671000-7fb5b8674000 ---p 00000000 00:00 0 
7fb5b8674000-7fb5b8772000 rw-p 00000000 00:00 0 
7fb5b8772000-7fb5b8775000 ---p 00000000 00:00 0 
7fb5b8775000-7fb5b88f8000 rw-p 00000000 00:00 0 
7fb5b88f8000-7fb5b8bf2000 r--s 01c1e000 08:04 1855104                    /home/nik/projects/Piler/mobile/app/libs/frege-3.24.100.1-jdk7.jar
7fb5b8bf2000-7fb5b8bf3000 ---p 00000000 00:00 0 
7fb5b8bf3000-7fb5b8cf3000 rw-p 00000000 00:00 0 
7fb5b8cf3000-7fb5b8cf6000 ---p 00000000 00:00 0 
7fb5b8cf6000-7fb5b8df4000 rw-p 00000000 00:00 0 
7fb5b8df4000-7fb5b8df7000 ---p 00000000 00:00 0 
7fb5b8df7000-7fb5b8ef5000 rw-p 00000000 00:00 0 
7fb5b8ef5000-7fb5b8ef8000 ---p 00000000 00:00 0 
7fb5b8ef8000-7fb5b8ff6000 rw-p 00000000 00:00 0 
7fb5b8ff6000-7fb5b8ff9000 ---p 00000000 00:00 0 
7fb5b8ff9000-7fb5b90f7000 rw-p 00000000 00:00 0 
7fb5b90f7000-7fb5b90fa000 ---p 00000000 00:00 0 
7fb5b90fa000-7fb5b91f8000 rw-p 00000000 00:00 0 
7fb5b91f8000-7fb5b91fb000 ---p 00000000 00:00 0 
7fb5b91fb000-7fb5b92f9000 rw-p 00000000 00:00 0 
7fb5b92f9000-7fb5b92fc000 ---p 00000000 00:00 0 
7fb5b92fc000-7fb5b93fa000 rw-p 00000000 00:00 0 
7fb5b93fa000-7fb5b93fb000 ---p 00000000 00:00 0 
7fb5b93fb000-7fb5ba4ba000 rw-p 00000000 00:00 0 
7fb5ba4ba000-7fb5ba687000 r--s 03bec000 08:04 3944645                    /nix/store/x7cz8zxmww3smmjkg5r8gf7n7yzgd1vd-android-studio/jre/jre/lib/rt.jar
7fb5ba687000-7fb5bceff000 rw-p 00000000 00:00 0 
7fb5bceff000-7fb5bcf00000 ---p 00000000 00:00 0 
7fb5bcf00000-7fb5bd000000 rw-p 00000000 00:00 0 
7fb5bd000000-7fb5bded0000 rwxp 00000000 00:00 0 
7fb5bded0000-7fb5cc000000 ---p 00000000 00:00 0 
7fb5cc000000-7fb5cc3b1000 rw-p 00000000 00:00 0 
7fb5cc3b1000-7fb5d0000000 ---p 00000000 00:00 0 
7fb5d000c000-7fb5d002d000 rw-p 00000000 00:00 0 
7fb5d002d000-7fb5d002e000 ---p 00000000 00:00 0 
7fb5d002e000-7fb5d012e000 rw-p 00000000 00:00 0 
7fb5d012e000-7fb5d012f000 ---p 00000000 00:00 0 
7fb5d012f000-7fb5d022f000 rw-p 00000000 00:00 0 
7fb5d022f000-7fb5d0230000 ---p 00000000 00:00 0 
7fb5d0230000-7fb5d034c000 rw-p 00000000 00:00 0 
7fb5d034c000-7fb5d0472000 ---p 00000000 00:00 0 
7fb5d0472000-7fb5d048e000 rw-p 00000000 00:00 0 
7fb5d048e000-7fb5d05b3000 ---p 00000000 00:00 0 
7fb5d05b3000-7fb5d0622000 rw-p 00000000 00:00 0 
7fb5d0622000-7fb5d0654000 ---p 00000000 00:00 0 
7fb5d0654000-7fb5d0691000 rw-p 00000000 00:00 0 
7fb5d0691000-7fb5d0a15000 ---p 00000000 00:00 0 
7fb5d0a15000-7fb5d0a2f000 r-xp 00000000 08:04 3944626                    /nix/store/x7cz8zxmww3smmjkg5r8gf7n7yzgd1vd-android-studio/jre/jre/lib/amd64/libzip.so
7fb5d0a2f000-7fb5d0c2f000 ---p 0001a000 08:04 3944626                    /nix/store/x7cz8zxmww3smmjkg5r8gf7n7yzgd1vd-android-studio/jre/jre/lib/amd64/libzip.so
7fb5d0c2f000-7fb5d0c30000 r--p 0001a000 08:04 3944626                    /nix/store/x7cz8zxmww3smmjkg5r8gf7n7yzgd1vd-android-studio/jre/jre/lib/amd64/libzip.so
7fb5d0c30000-7fb5d0c31000 rw-p 0001b000 08:04 3944626                    /nix/store/x7cz8zxmww3smmjkg5r8gf7n7yzgd1vd-android-studio/jre/jre/lib/amd64/libzip.so
7fb5d0c31000-7fb5d0c5e000 r-xp 00000000 08:04 3944605                    /nix/store/x7cz8zxmww3smmjkg5r8gf7n7yzgd1vd-android-studio/jre/jre/lib/amd64/libjava.so
7fb5d0c5e000-7fb5d0e5d000 ---p 0002d000 08:04 3944605                    /nix/store/x7cz8zxmww3smmjkg5r8gf7n7yzgd1vd-android-studio/jre/jre/lib/amd64/libjava.so
7fb5d0e5d000-7fb5d0e5e000 r--p 0002c000 08:04 3944605                    /nix/store/x7cz8zxmww3smmjkg5r8gf7n7yzgd1vd-android-studio/jre/jre/lib/amd64/libjava.so
7fb5d0e5e000-7fb5d0e60000 rw-p 0002d000 08:04 3944605                    /nix/store/x7cz8zxmww3smmjkg5r8gf7n7yzgd1vd-android-studio/jre/jre/lib/amd64/libjava.so
7fb5d0e60000-7fb5d0e70000 r-xp 00000000 08:04 3944625                    /nix/store/x7cz8zxmww3smmjkg5r8gf7n7yzgd1vd-android-studio/jre/jre/lib/amd64/libverify.so
7fb5d0e70000-7fb5d106f000 ---p 00010000 08:04 3944625                    /nix/store/x7cz8zxmww3smmjkg5r8gf7n7yzgd1vd-android-studio/jre/jre/lib/amd64/libverify.so
7fb5d106f000-7fb5d1071000 r--p 0000f000 08:04 3944625                    /nix/store/x7cz8zxmww3smmjkg5r8gf7n7yzgd1vd-android-studio/jre/jre/lib/amd64/libverify.so
7fb5d1071000-7fb5d1072000 rw-p 00011000 08:04 3944625                    /nix/store/x7cz8zxmww3smmjkg5r8gf7n7yzgd1vd-android-studio/jre/jre/lib/amd64/libverify.so
7fb5d1072000-7fb5d1079000 r-xp 00000000 08:04 1835335                    /nix/store/kjwbqnh13dxh6w4pk2gb3ddmhpiaihqg-glibc-2.25/lib/librt-2.25.so
7fb5d1079000-7fb5d1278000 ---p 00007000 08:04 1835335                    /nix/store/kjwbqnh13dxh6w4pk2gb3ddmhpiaihqg-glibc-2.25/lib/librt-2.25.so
7fb5d1278000-7fb5d1279000 r--p 00006000 08:04 1835335                    /nix/store/kjwbqnh13dxh6w4pk2gb3ddmhpiaihqg-glibc-2.25/lib/librt-2.25.so
7fb5d1279000-7fb5d127a000 rw-p 00007000 08:04 1835335                    /nix/store/kjwbqnh13dxh6w4pk2gb3ddmhpiaihqg-glibc-2.25/lib/librt-2.25.so
7fb5d127a000-7fb5d138b000 r-xp 00000000 08:04 1835317                    /nix/store/kjwbqnh13dxh6w4pk2gb3ddmhpiaihqg-glibc-2.25/lib/libm-2.25.so
7fb5d138b000-7fb5d158b000 ---p 00111000 08:04 1835317                    /nix/store/kjwbqnh13dxh6w4pk2gb3ddmhpiaihqg-glibc-2.25/lib/libm-2.25.so
7fb5d158b000-7fb5d158c000 r--p 00111000 08:04 1835317                    /nix/store/kjwbqnh13dxh6w4pk2gb3ddmhpiaihqg-glibc-2.25/lib/libm-2.25.so
7fb5d158c000-7fb5d158d000 rw-p 00112000 08:04 1835317                    /nix/store/kjwbqnh13dxh6w4pk2gb3ddmhpiaihqg-glibc-2.25/lib/libm-2.25.so
7fb5d158d000-7fb5d2173000 r-xp 00000000 08:04 4075730                    /nix/store/x7cz8zxmww3smmjkg5r8gf7n7yzgd1vd-android-studio/jre/jre/lib/amd64/server/libjvm.so
7fb5d2173000-7fb5d2373000 ---p 00be6000 08:04 4075730                    /nix/store/x7cz8zxmww3smmjkg5r8gf7n7yzgd1vd-android-studio/jre/jre/lib/amd64/server/libjvm.so
7fb5d2373000-7fb5d2412000 r--p 00be6000 08:04 4075730                    /nix/store/x7cz8zxmww3smmjkg5r8gf7n7yzgd1vd-android-studio/jre/jre/lib/amd64/server/libjvm.so
7fb5d2412000-7fb5d243b000 rw-p 00c85000 08:04 4075730                    /nix/store/x7cz8zxmww3smmjkg5r8gf7n7yzgd1vd-android-studio/jre/jre/lib/amd64/server/libjvm.so
7fb5d243b000-7fb5d247d000 rw-p 00000000 00:00 0 
7fb5d247d000-7fb5d2496000 r-xp 00000000 08:04 1835331                    /nix/store/kjwbqnh13dxh6w4pk2gb3ddmhpiaihqg-glibc-2.25/lib/libpthread-2.25.so
7fb5d2496000-7fb5d2695000 ---p 00019000 08:04 1835331                    /nix/store/kjwbqnh13dxh6w4pk2gb3ddmhpiaihqg-glibc-2.25/lib/libpthread-2.25.so
7fb5d2695000-7fb5d2696000 r--p 00018000 08:04 1835331                    /nix/store/kjwbqnh13dxh6w4pk2gb3ddmhpiaihqg-glibc-2.25/lib/libpthread-2.25.so
7fb5d2696000-7fb5d2697000 rw-p 00019000 08:04 1835331                    /nix/store/kjwbqnh13dxh6w4pk2gb3ddmhpiaihqg-glibc-2.25/lib/libpthread-2.25.so
7fb5d2697000-7fb5d269b000 rw-p 00000000 00:00 0 
7fb5d269b000-7fb5d269e000 r-xp 00000000 08:04 1835315                    /nix/store/kjwbqnh13dxh6w4pk2gb3ddmhpiaihqg-glibc-2.25/lib/libdl-2.25.so
7fb5d269e000-7fb5d289d000 ---p 00003000 08:04 1835315                    /nix/store/kjwbqnh13dxh6w4pk2gb3ddmhpiaihqg-glibc-2.25/lib/libdl-2.25.so
7fb5d289d000-7fb5d289e000 r--p 00002000 08:04 1835315                    /nix/store/kjwbqnh13dxh6w4pk2gb3ddmhpiaihqg-glibc-2.25/lib/libdl-2.25.so
7fb5d289e000-7fb5d289f000 rw-p 00003000 08:04 1835315                    /nix/store/kjwbqnh13dxh6w4pk2gb3ddmhpiaihqg-glibc-2.25/lib/libdl-2.25.so
7fb5d289f000-7fb5d2a34000 r-xp 00000000 08:04 1835310                    /nix/store/kjwbqnh13dxh6w4pk2gb3ddmhpiaihqg-glibc-2.25/lib/libc-2.25.so
7fb5d2a34000-7fb5d2c34000 ---p 00195000 08:04 1835310                    /nix/store/kjwbqnh13dxh6w4pk2gb3ddmhpiaihqg-glibc-2.25/lib/libc-2.25.so
7fb5d2c34000-7fb5d2c38000 r--p 00195000 08:04 1835310                    /nix/store/kjwbqnh13dxh6w4pk2gb3ddmhpiaihqg-glibc-2.25/lib/libc-2.25.so
7fb5d2c38000-7fb5d2c3a000 rw-p 00199000 08:04 1835310                    /nix/store/kjwbqnh13dxh6w4pk2gb3ddmhpiaihqg-glibc-2.25/lib/libc-2.25.so
7fb5d2c3a000-7fb5d2c3e000 rw-p 00000000 00:00 0 
7fb5d2c3e000-7fb5d2c54000 r-xp 00000000 08:04 4333926                    /nix/store/x7cz8zxmww3smmjkg5r8gf7n7yzgd1vd-android-studio/jre/lib/amd64/jli/libjli.so
7fb5d2c54000-7fb5d2e53000 ---p 00016000 08:04 4333926                    /nix/store/x7cz8zxmww3smmjkg5r8gf7n7yzgd1vd-android-studio/jre/lib/amd64/jli/libjli.so
7fb5d2e53000-7fb5d2e54000 r--p 00015000 08:04 4333926                    /nix/store/x7cz8zxmww3smmjkg5r8gf7n7yzgd1vd-android-studio/jre/lib/amd64/jli/libjli.so
7fb5d2e54000-7fb5d2e55000 rw-p 00016000 08:04 4333926                    /nix/store/x7cz8zxmww3smmjkg5r8gf7n7yzgd1vd-android-studio/jre/lib/amd64/jli/libjli.so
7fb5d2e55000-7fb5d2e78000 r-xp 00000000 08:04 1835306                    /nix/store/kjwbqnh13dxh6w4pk2gb3ddmhpiaihqg-glibc-2.25/lib/ld-2.25.so
7fb5d2e78000-7fb5d2f2f000 rw-p 00000000 00:00 0 
7fb5d2f2f000-7fb5d2f37000 rw-s 00000000 08:04 3817995                    /tmp/hsperfdata_nik/4412
7fb5d2f37000-7fb5d2f6c000 r--s 00000000 00:12 13187                      /run/nscd/dbAliI0L (deleted)
7fb5d2f6c000-7fb5d2f6d000 rw-p 00000000 00:00 0 
7fb5d2f6d000-7fb5d2f6e000 ---p 00000000 00:00 0 
7fb5d2f6e000-7fb5d2f71000 ---p 00000000 00:00 0 
7fb5d2f71000-7fb5d3077000 rw-p 00000000 00:00 0 
7fb5d3077000-7fb5d3078000 r--p 00022000 08:04 1835306                    /nix/store/kjwbqnh13dxh6w4pk2gb3ddmhpiaihqg-glibc-2.25/lib/ld-2.25.so
7fb5d3078000-7fb5d3079000 rw-p 00023000 08:04 1835306                    /nix/store/kjwbqnh13dxh6w4pk2gb3ddmhpiaihqg-glibc-2.25/lib/ld-2.25.so
7fb5d3079000-7fb5d307a000 rw-p 00000000 00:00 0 
7ffe704d3000-7ffe704f4000 rw-p 00000000 00:00 0                          [stack]
7ffe70505000-7ffe70507000 r--p 00000000 00:00 0                          [vvar]
7ffe70507000-7ffe70509000 r-xp 00000000 00:00 0                          [vdso]
ffffffffff600000-ffffffffff601000 r-xp 00000000 00:00 0                  [vsyscall]

VM Arguments:
jvm_args: -Dfile.encoding=UTF-8 -Duser.country=US -Duser.language=en -Duser.variant 
java_command: frege.compiler.Main -j -target 1.7 -v -inline -O -d src/main/java -make -fp /home/nik/Android/Sdk/platforms/android-27/android.jar -sp src/main/frege/ src/main/frege/
java_class_path (initial): /home/nik/projects/Piler/mobile/app/libs/frege-3.24.100.1-jdk7.jar:/home/nik/projects/Piler/mobile/app/libs/froid_0.0.2.jar:/home/nik/Android/Sdk/platforms/android-27/android.jar
Launcher Type: SUN_STANDARD

Environment Variables:
PATH=/nix/store/c07gdr6cm43j1cphadzafq185k711vx4-coreutils-8.26/bin:/nix/store/7pyzxi7k5l6nym972gi2nq8s9f9b2q0j-findutils-4.6.0/bin:/nix/store/r6s8rcd28wsk4gwviyc93343bq5zwlqq-gnugrep-3.0/bin:/nix/store/l40jpwx8yxhvg3zb9irqyk8yhxznyd6v-which-2.21/bin:/nix/store/fvhg58wd3xp46q8rz3zc7lkjr4lndz53-file-5.28/bin:/nix/store/nf7gb5akijk5afn6nwm8qy996yrlb7dx-glxinfo-8.3.0/bin:/nix/store/3ibl7s2kqm6mnmp8bx51b8m5aq725j55-pciutils-3.5.2/bin:/nix/store/ligi8gcqvrgfgnkapji9gdyfxh2k9hdf-setxkbmap-1.3.1/bin:/nix/store/g3skr3kss1fqqzl5viyg178qbcp4cdky-gnutar-1.29/bin:/nix/store/kdx0bwfy20q6blpgpdb7psbn1y435r56-gzip-1.8/bin:/nix/store/vgzh9wrrn9xja5fjgz6h4dw50cvnsxmd-git-2.12.2/bin
LD_LIBRARY_PATH=/nix/store/x7cz8zxmww3smmjkg5r8gf7n7yzgd1vd-android-studio/bin:/nix/store/3m9wn3mkiyhy9wfqv8xc0w7x2hm5gr6s-fontconfig-2.12.1-lib/lib:/nix/store/h8y0vbvcqz6jg11m3vn5fqpm0w4895ap-freetype-2.6.5/lib:/nix/store/5j7j1h5abb40kywvgkpaxc8rf4j8ja8x-libXext-1.3.3/lib:/nix/store/bx0xp6rk90i95g3n4067338gz6gznagv-libXi-1.7.9/lib:/nix/store/7y33fyidr76z5lfrgm1ymx8x0wjjvapn-libXrender-0.9.10/lib:/nix/store/p3wh1sx3a1waqaab8whnr6r7h2253xva-libXtst-1.2.3/lib:/nix/store/lc9cdddv2xv45ighz8znsanjfgkcdgbx-gcc-5.4.0-lib/lib:/nix/store/yazqb91vcgqza2711h4x8jwywyfni5lb-gcc-5.4.0-lib/lib:/nix/store/sg6ri2jj92sbv7f4rvchzr00d24pi4nq-zlib-1.2.11/lib:/nix/store/pkjjygzk19vfc1b5xxz6jz5hd2sickb2-zlib-1.2.11/lib:/nix/store/xp3m1yx8s1hfwr4wrmkzsy32myzzwbi4-libXrandr-1.5.1/lib:/nix/store/4lapb4ylcl8nwfdqpf8jbaz34w37v9p6-libpulseaudio-10.0/lib:/nix/store/0wznqd6bvr9860885m5lbm3zl7ygkpa6-libX11-1.6.5/lib:/run/opengl-driver/lib:/run/opengl-driver-32/lib:/usr/lib:/usr/lib32
DISPLAY=:0.0

Signal Handlers:
SIGSEGV: [libjvm.so+0x9daac0], sa_mask[0]=11111111011111111101111111111110, sa_flags=SA_RESTART|SA_SIGINFO
SIGBUS: [libjvm.so+0x9daac0], sa_mask[0]=11111111011111111101111111111110, sa_flags=SA_RESTART|SA_SIGINFO
SIGFPE: [libjvm.so+0x840d90], sa_mask[0]=11111111011111111101111111111110, sa_flags=SA_RESTART|SA_SIGINFO
SIGPIPE: [libjvm.so+0x840d90], sa_mask[0]=11111111011111111101111111111110, sa_flags=SA_RESTART|SA_SIGINFO
SIGXFSZ: [libjvm.so+0x840d90], sa_mask[0]=11111111011111111101111111111110, sa_flags=SA_RESTART|SA_SIGINFO
SIGILL: [libjvm.so+0x840d90], sa_mask[0]=11111111011111111101111111111110, sa_flags=SA_RESTART|SA_SIGINFO
SIGUSR1: SIG_DFL, sa_mask[0]=00000000000000000000000000000000, sa_flags=none
SIGUSR2: [libjvm.so+0x840c60], sa_mask[0]=00100000000000000000000000000000, sa_flags=SA_RESTART|SA_SIGINFO
SIGHUP: [libjvm.so+0x840e50], sa_mask[0]=11111111011111111101111111111110, sa_flags=SA_RESTART|SA_SIGINFO
SIGINT: [libjvm.so+0x840e50], sa_mask[0]=11111111011111111101111111111110, sa_flags=SA_RESTART|SA_SIGINFO
SIGTERM: [libjvm.so+0x840e50], sa_mask[0]=11111111011111111101111111111110, sa_flags=SA_RESTART|SA_SIGINFO
SIGQUIT: [libjvm.so+0x840e50], sa_mask[0]=11111111011111111101111111111110, sa_flags=SA_RESTART|SA_SIGINFO


---------------  S Y S T E M  ---------------

OS:NAME=NixOS
ID=nixos
VERSION="17.03.1584.48ecdcf598 (Gorilla)"
VERSION_CODENAME=gorilla
VERSION_ID="17.03.1584.48ecdcf598"
PRETTY_NAME="NixOS 17.03.1584.48ecdcf598 (Gorilla)"
HOME_URL="https://nixos.org/"
SUPPORT_URL="https://nixos.org/nixos/support.html"
BUG_REPORT_URL="https://github.com/NixOS/nixpkgs/issues"

uname:Linux 4.9.38 #1-NixOS SMP Sat Jul 15 10:17:55 UTC 2017 x86_64
libc:glibc 2.25 NPTL 2.25 
rlimit: STACK 8192k, CORE 0k, NPROC 15364, NOFILE 4096, AS infinity
load average:5.99 2.88 1.50

/proc/meminfo:
MemTotal:        3941256 kB
MemFree:          106604 kB
MemAvailable:       6452 kB
Buffers:             500 kB
Cached:           106076 kB
SwapCached:            0 kB
Active:          3616516 kB
Inactive:          95776 kB
Active(anon):    3608412 kB
Inactive(anon):    84104 kB
Active(file):       8104 kB
Inactive(file):    11672 kB
Unevictable:           0 kB
Mlocked:               0 kB
SwapTotal:             0 kB
SwapFree:              0 kB
Dirty:               236 kB
Writeback:             0 kB
AnonPages:       3605792 kB
Mapped:            49800 kB
Shmem:             86724 kB
Slab:              53488 kB
SReclaimable:      26936 kB
SUnreclaim:        26552 kB
KernelStack:        6464 kB
PageTables:        22072 kB
NFS_Unstable:          0 kB
Bounce:                0 kB
WritebackTmp:          0 kB
CommitLimit:     1970628 kB
Committed_AS:    5425516 kB
VmallocTotal:   34359738367 kB
VmallocUsed:           0 kB
VmallocChunk:          0 kB
AnonHugePages:         0 kB
ShmemHugePages:        0 kB
ShmemPmdMapped:        0 kB
HugePages_Total:       0
HugePages_Free:        0
HugePages_Rsvd:        0
HugePages_Surp:        0
Hugepagesize:       2048 kB
DirectMap4k:       95636 kB
DirectMap2M:     3987456 kB
DirectMap1G:           0 kB


CPU:total 4 (2 cores per cpu, 2 threads per core) family 6 model 78 stepping 3, cmov, cx8, fxsr, mmx, sse, sse2, sse3, ssse3, sse4.1, sse4.2, popcnt, avx, avx2, aes, clmul, erms, 3dnowpref, lzcnt, ht, tsc, tscinvbit, bmi1, bmi2, adx

/proc/cpuinfo:
processor	: 0
vendor_id	: GenuineIntel
cpu family	: 6
model		: 78
model name	: Intel(R) Core(TM) i5-6200U CPU @ 2.30GHz
stepping	: 3
microcode	: 0x7c
cpu MHz		: 2699.853
cache size	: 3072 KB
physical id	: 0
siblings	: 4
core id		: 0
cpu cores	: 2
apicid		: 0
initial apicid	: 0
fpu		: yes
fpu_exception	: yes
cpuid level	: 22
wp		: yes
flags		: fpu vme de pse tsc msr pae mce cx8 apic sep mtrr pge mca cmov pat pse36 clflush dts acpi mmx fxsr sse sse2 ss ht tm pbe syscall nx pdpe1gb rdtscp lm constant_tsc art arch_perfmon pebs bts rep_good nopl xtopology nonstop_tsc aperfmperf eagerfpu pni pclmulqdq dtes64 monitor ds_cpl vmx est tm2 ssse3 sdbg fma cx16 xtpr pdcm pcid sse4_1 sse4_2 x2apic movbe popcnt tsc_deadline_timer aes xsave avx f16c rdrand lahf_lm abm 3dnowprefetch epb intel_pt tpr_shadow vnmi flexpriority ept vpid fsgsbase tsc_adjust bmi1 avx2 smep bmi2 erms invpcid mpx rdseed adx smap clflushopt xsaveopt xsavec xgetbv1 xsaves dtherm ida arat pln pts hwp hwp_notify hwp_act_window hwp_epp
bugs		:
bogomips	: 4800.00
clflush size	: 64
cache_alignment	: 64
address sizes	: 39 bits physical, 48 bits virtual
power management:

processor	: 1
vendor_id	: GenuineIntel
cpu family	: 6
model		: 78
model name	: Intel(R) Core(TM) i5-6200U CPU @ 2.30GHz
stepping	: 3
microcode	: 0x7c
cpu MHz		: 2699.853
cache size	: 3072 KB
physical id	: 0
siblings	: 4
core id		: 1
cpu cores	: 2
apicid		: 2
initial apicid	: 2
fpu		: yes
fpu_exception	: yes
cpuid level	: 22
wp		: yes
flags		: fpu vme de pse tsc msr pae mce cx8 apic sep mtrr pge mca cmov pat pse36 clflush dts acpi mmx fxsr sse sse2 ss ht tm pbe syscall nx pdpe1gb rdtscp lm constant_tsc art arch_perfmon pebs bts rep_good nopl xtopology nonstop_tsc aperfmperf eagerfpu pni pclmulqdq dtes64 monitor ds_cpl vmx est tm2 ssse3 sdbg fma cx16 xtpr pdcm pcid sse4_1 sse4_2 x2apic movbe popcnt tsc_deadline_timer aes xsave avx f16c rdrand lahf_lm abm 3dnowprefetch epb intel_pt tpr_shadow vnmi flexpriority ept vpid fsgsbase tsc_adjust bmi1 avx2 smep bmi2 erms invpcid mpx rdseed adx smap clflushopt xsaveopt xsavec xgetbv1 xsaves dtherm ida arat pln pts hwp hwp_notify hwp_act_window hwp_epp
bugs		:
bogomips	: 4803.96
clflush size	: 64
cache_alignment	: 64
address sizes	: 39 bits physical, 48 bits virtual
power management:

processor	: 2
vendor_id	: GenuineIntel
cpu family	: 6
model		: 78
model name	: Intel(R) Core(TM) i5-6200U CPU @ 2.30GHz
stepping	: 3
microcode	: 0x7c
cpu MHz		: 2700.000
cache size	: 3072 KB
physical id	: 0
siblings	: 4
core id		: 0
cpu cores	: 2
apicid		: 1
initial apicid	: 1
fpu		: yes
fpu_exception	: yes
cpuid level	: 22
wp		: yes
flags		: fpu vme de pse tsc msr pae mce cx8 apic sep mtrr pge mca cmov pat pse36 clflush dts acpi mmx fxsr sse sse2 ss ht tm pbe syscall nx pdpe1gb rdtscp lm constant_tsc art arch_perfmon pebs bts rep_good nopl xtopology nonstop_tsc aperfmperf eagerfpu pni pclmulqdq dtes64 monitor ds_cpl vmx est tm2 ssse3 sdbg fma cx16 xtpr pdcm pcid sse4_1 sse4_2 x2apic movbe popcnt tsc_deadline_timer aes xsave avx f16c rdrand lahf_lm abm 3dnowprefetch epb intel_pt tpr_shadow vnmi flexpriority ept vpid fsgsbase tsc_adjust bmi1 avx2 smep bmi2 erms invpcid mpx rdseed adx smap clflushopt xsaveopt xsavec xgetbv1 xsaves dtherm ida arat pln pts hwp hwp_notify hwp_act_window hwp_epp
bugs		:
bogomips	: 4805.30
clflush size	: 64
cache_alignment	: 64
address sizes	: 39 bits physical, 48 bits virtual
power management:

processor	: 3
vendor_id	: GenuineIntel
cpu family	: 6
model		: 78
model name	: Intel(R) Core(TM) i5-6200U CPU @ 2.30GHz
stepping	: 3
microcode	: 0x7c
cpu MHz		: 2700.000
cache size	: 3072 KB
physical id	: 0
siblings	: 4
core id		: 1
cpu cores	: 2
apicid		: 3
initial apicid	: 3
fpu		: yes
fpu_exception	: yes
cpuid level	: 22
wp		: yes
flags		: fpu vme de pse tsc msr pae mce cx8 apic sep mtrr pge mca cmov pat pse36 clflush dts acpi mmx fxsr sse sse2 ss ht tm pbe syscall nx pdpe1gb rdtscp lm constant_tsc art arch_perfmon pebs bts rep_good nopl xtopology nonstop_tsc aperfmperf eagerfpu pni pclmulqdq dtes64 monitor ds_cpl vmx est tm2 ssse3 sdbg fma cx16 xtpr pdcm pcid sse4_1 sse4_2 x2apic movbe popcnt tsc_deadline_timer aes xsave avx f16c rdrand lahf_lm abm 3dnowprefetch epb intel_pt tpr_shadow vnmi flexpriority ept vpid fsgsbase tsc_adjust bmi1 avx2 smep bmi2 erms invpcid mpx rdseed adx smap clflushopt xsaveopt xsavec xgetbv1 xsaves dtherm ida arat pln pts hwp hwp_notify hwp_act_window hwp_epp
bugs		:
bogomips	: 4804.12
clflush size	: 64
cache_alignment	: 64
address sizes	: 39 bits physical, 48 bits virtual
power management:



Memory: 4k page, physical 3941256k(106604k free), swap 0k(0k free)

vm_info: OpenJDK 64-Bit Server VM (25.76-b03) for linux-amd64 JRE (1.8.0_76-release-b03), built on Jun 29 2016 09:39:19 by "builder" with gcc 4.8.4

time: Mon Dec 25 15:11:05 2017
elapsed time: 48 seconds (0d 0h 0m 48s)

