#
# There is insufficient memory for the Java Runtime Environment to continue.
# Native memory allocation (mmap) failed to map 47185920 bytes for committing reserved memory.
# Possible reasons:
#   The system is out of physical RAM or swap space
#   In 32 bit mode, the process size limit was hit
# Possible solutions:
#   Reduce memory load on the system
#   Increase physical memory or swap space
#   Check if swap backing store is full
#   Use 64 bit Java on a 64 bit OS
#   Decrease Java heap size (-Xmx/-Xms)
#   Decrease number of Java threads
#   Decrease Java thread stack sizes (-Xss)
#   Set larger code cache with -XX:ReservedCodeCacheSize=
# This output file may be truncated or incomplete.
#
#  Out of Memory Error (os_linux.cpp:2627), pid=6082, tid=0x00007f587c6f6700
#
# JRE version: OpenJDK Runtime Environment (8.0_76-b03) (build 1.8.0_76-release-b03)
# Java VM: OpenJDK 64-Bit Server VM (25.76-b03 mixed mode linux-amd64 compressed oops)
# Failed to write core dump. Core dumps have been disabled. To enable core dumping, try "ulimit -c unlimited" before starting Java again
#

---------------  T H R E A D  ---------------

Current thread (0x00007f588c076000):  VMThread [stack: 0x00007f587c5f6000,0x00007f587c6f7000] [id=6092]

Stack: [0x00007f587c5f6000,0x00007f587c6f7000],  sp=0x00007f587c6f54c0,  free space=1021k
Native frames: (J=compiled Java code, j=interpreted, Vv=VM code, C=native code)
V  [libjvm.so+0x9d9fcd]  VMError::report_and_die()+0x15d
V  [libjvm.so+0x4b4d4a]  report_vm_out_of_memory(char const*, int, unsigned long, VMErrorType, char const*)+0x8a
V  [libjvm.so+0x845190]  os::pd_commit_memory(char*, unsigned long, unsigned long, bool)+0xf0
V  [libjvm.so+0x83fcbf]  os::commit_memory(char*, unsigned long, unsigned long, bool)+0x1f
V  [libjvm.so+0x8b4d9b]  PSVirtualSpace::expand_by(unsigned long)+0x5b
V  [libjvm.so+0x8b5a10]  PSYoungGen::resize_generation(unsigned long, unsigned long)+0xb0
V  [libjvm.so+0x8b5d2b]  PSYoungGen::resize(unsigned long, unsigned long)+0x1b
V  [libjvm.so+0x8b241c]  PSScavenge::invoke_no_policy()+0xdac
V  [libjvm.so+0x8b2bf8]  PSScavenge::invoke()+0x38
V  [libjvm.so+0x8681f3]  ParallelScavengeHeap::failed_mem_allocate(unsigned long)+0x63
V  [libjvm.so+0x9dba94]  VM_ParallelGCFailedAllocation::doit()+0x84
V  [libjvm.so+0x9dfe47]  VM_Operation::evaluate()+0x47
V  [libjvm.so+0x9de908]  VMThread::evaluate_operation(VM_Operation*)+0x2c8
V  [libjvm.so+0x9ded89]  VMThread::loop()+0x219
V  [libjvm.so+0x9df1d2]  VMThread::run()+0x72
V  [libjvm.so+0x8425b2]  java_start(Thread*)+0xf2

VM_Operation (0x00007f5894461420): ParallelGCFailedAllocation, mode: safepoint, requested by thread 0x00007f588c008800


---------------  P R O C E S S  ---------------

Java Threads: ( => current thread )
  0x00007f588c1c4000 JavaThread "pool-1-thread-8" [_thread_blocked, id=6108, stack(0x00007f5874bb1000,0x00007f5874cb2000)]
  0x00007f588c12c800 JavaThread "pool-1-thread-7" [_thread_blocked, id=6107, stack(0x00007f5874cb2000,0x00007f5874db3000)]
  0x00007f588c12a800 JavaThread "pool-1-thread-6" [_thread_blocked, id=6106, stack(0x00007f5874db3000,0x00007f5874eb4000)]
  0x00007f588c129800 JavaThread "pool-1-thread-5" [_thread_blocked, id=6105, stack(0x00007f5874eb4000,0x00007f5874fb5000)]
  0x00007f588c1b1800 JavaThread "pool-1-thread-4" [_thread_blocked, id=6104, stack(0x00007f5874fb5000,0x00007f58750b6000)]
  0x00007f588c1b0000 JavaThread "pool-1-thread-3" [_thread_blocked, id=6103, stack(0x00007f58750b6000,0x00007f58751b7000)]
  0x00007f588c287800 JavaThread "pool-1-thread-2" [_thread_blocked, id=6102, stack(0x00007f58759e1000,0x00007f5875ae2000)]
  0x00007f588c285800 JavaThread "pool-1-thread-1" [_thread_blocked, id=6101, stack(0x00007f5875ae2000,0x00007f5875be3000)]
  0x00007f588c0be000 JavaThread "Service Thread" daemon [_thread_blocked, id=6099, stack(0x00007f5875fde000,0x00007f58760df000)]
  0x00007f588c0bb000 JavaThread "C1 CompilerThread2" daemon [_thread_blocked, id=6098, stack(0x00007f58760df000,0x00007f58761e0000)]
  0x00007f588c0b9800 JavaThread "C2 CompilerThread1" daemon [_thread_blocked, id=6097, stack(0x00007f587c0f1000,0x00007f587c1f2000)]
  0x00007f588c0b6800 JavaThread "C2 CompilerThread0" daemon [_thread_blocked, id=6096, stack(0x00007f587c1f2000,0x00007f587c2f3000)]
  0x00007f588c0b5000 JavaThread "Signal Dispatcher" daemon [_thread_blocked, id=6095, stack(0x00007f587c2f3000,0x00007f587c3f4000)]
  0x00007f588c082000 JavaThread "Finalizer" daemon [_thread_blocked, id=6094, stack(0x00007f587c3f4000,0x00007f587c4f5000)]
  0x00007f588c07d800 JavaThread "Reference Handler" daemon [_thread_blocked, id=6093, stack(0x00007f587c4f5000,0x00007f587c5f6000)]
  0x00007f588c008800 JavaThread "main" [_thread_blocked, id=6087, stack(0x00007f5894362000,0x00007f5894463000)]

Other Threads:
=>0x00007f588c076000 VMThread [stack: 0x00007f587c5f6000,0x00007f587c6f7000] [id=6092]
  0x00007f588c0c0800 WatcherThread [stack: 0x00007f5875edd000,0x00007f5875fde000] [id=6100]

VM state:at safepoint (normal execution)

VM Mutex/Monitor currently owned by a thread:  ([mutex/lock_event])
[0x00007f588c006b50] Threads_lock - owner thread: 0x00007f588c076000
[0x00007f588c007050] Heap_lock - owner thread: 0x00007f588c008800

Heap:
 PSYoungGen      total 34304K, used 2548K [0x00000000ebf00000, 0x00000000ee300000, 0x0000000100000000)
  eden space 31744K, 0% used [0x00000000ebf00000,0x00000000ebf00000,0x00000000ede00000)
  from space 2560K, 99% used [0x00000000ede00000,0x00000000ee07d030,0x00000000ee080000)
  to   space 2560K, 0% used [0x00000000ee080000,0x00000000ee080000,0x00000000ee300000)
 ParOldGen       total 42496K, used 13707K [0x00000000c3c00000, 0x00000000c6580000, 0x00000000ebf00000)
  object space 42496K, 32% used [0x00000000c3c00000,0x00000000c4962d98,0x00000000c6580000)
 Metaspace       used 14281K, capacity 14665K, committed 14848K, reserved 1060864K
  class space    used 2678K, capacity 2722K, committed 2816K, reserved 1048576K

Card table byte_map: [0x00007f5891866000,0x00007f5891a49000] byte_map_base: 0x00007f5891248000

Marking Bits: (ParMarkBitMap*) 0x00007f58938441a0
 Begin Bits: [0x00007f58761e0000, 0x00007f58770f0000)
 End Bits:   [0x00007f58770f0000, 0x00007f5878000000)

Polling page: 0x00007f5894361000

CodeCache: size=245760Kb used=3647Kb max_used=3647Kb free=242112Kb
 bounds [0x00007f587d000000, 0x00007f587d3a0000, 0x00007f588c000000]
 total_blobs=1215 nmethods=917 adapters=213
 compilation: enabled

Compilation events (10 events):
Event: 13.866 Thread 0x00007f588c0bb000  985       2       com.sun.proxy.$Proxy14::<init> (6 bytes)
Event: 13.866 Thread 0x00007f588c0bb000 nmethod 985 0x00007f587d392190 code [0x00007f587d392300, 0x00007f587d392528]
Event: 13.866 Thread 0x00007f588c0bb000  986   !   2       sun.reflect.GeneratedConstructorAccessor14::newInstance (53 bytes)
Event: 13.867 Thread 0x00007f588c0bb000 nmethod 986 0x00007f587d392650 code [0x00007f587d392820, 0x00007f587d392d48]
Event: 14.119 Thread 0x00007f588c0bb000  987       2       frege.prelude.PreludeBase$TST$2::call (5 bytes)
Event: 14.119 Thread 0x00007f588c0bb000 nmethod 987 0x00007f587d393210 code [0x00007f587d393380, 0x00007f587d393548]
Event: 14.119 Thread 0x00007f588c0bb000  988       2       frege.prelude.PreludeBase$TST$2::call (14 bytes)
Event: 14.119 Thread 0x00007f588c0bb000 nmethod 988 0x00007f587d393610 code [0x00007f587d393780, 0x00007f587d393948]
Event: 14.140 Thread 0x00007f588c0bb000  989       1       java.util.concurrent.atomic.AtomicInteger::get (5 bytes)
Event: 14.140 Thread 0x00007f588c0bb000 nmethod 989 0x00007f587d393a10 code [0x00007f587d393b60, 0x00007f587d393c70]

GC Heap History (9 events):
Event: 5.324 GC heap before
{Heap before GC invocations=1 (full 0):
 PSYoungGen      total 18432K, used 15872K [0x00000000ebf00000, 0x00000000ed380000, 0x0000000100000000)
  eden space 15872K, 100% used [0x00000000ebf00000,0x00000000ece80000,0x00000000ece80000)
  from space 2560K, 0% used [0x00000000ed100000,0x00000000ed100000,0x00000000ed380000)
  to   space 2560K, 0% used [0x00000000ece80000,0x00000000ece80000,0x00000000ed100000)
 ParOldGen       total 42496K, used 0K [0x00000000c3c00000, 0x00000000c6580000, 0x00000000ebf00000)
  object space 42496K, 0% used [0x00000000c3c00000,0x00000000c3c00000,0x00000000c6580000)
 Metaspace       used 7263K, capacity 8093K, committed 8320K, reserved 1056768K
  class space    used 797K, capacity 848K, committed 896K, reserved 1048576K
Event: 5.336 GC heap after
Heap after GC invocations=1 (full 0):
 PSYoungGen      total 18432K, used 2528K [0x00000000ebf00000, 0x00000000ed380000, 0x0000000100000000)
  eden space 15872K, 0% used [0x00000000ebf00000,0x00000000ebf00000,0x00000000ece80000)
  from space 2560K, 98% used [0x00000000ece80000,0x00000000ed0f8040,0x00000000ed100000)
  to   space 2560K, 0% used [0x00000000ed100000,0x00000000ed100000,0x00000000ed380000)
 ParOldGen       total 42496K, used 891K [0x00000000c3c00000, 0x00000000c6580000, 0x00000000ebf00000)
  object space 42496K, 2% used [0x00000000c3c00000,0x00000000c3cdeef8,0x00000000c6580000)
 Metaspace       used 7263K, capacity 8093K, committed 8320K, reserved 1056768K
  class space    used 797K, capacity 848K, committed 896K, reserved 1048576K
}
Event: 7.004 GC heap before
{Heap before GC invocations=2 (full 0):
 PSYoungGen      total 18432K, used 18400K [0x00000000ebf00000, 0x00000000ed380000, 0x0000000100000000)
  eden space 15872K, 100% used [0x00000000ebf00000,0x00000000ece80000,0x00000000ece80000)
  from space 2560K, 98% used [0x00000000ece80000,0x00000000ed0f8040,0x00000000ed100000)
  to   space 2560K, 0% used [0x00000000ed100000,0x00000000ed100000,0x00000000ed380000)
 ParOldGen       total 42496K, used 891K [0x00000000c3c00000, 0x00000000c6580000, 0x00000000ebf00000)
  object space 42496K, 2% used [0x00000000c3c00000,0x00000000c3cdeef8,0x00000000c6580000)
 Metaspace       used 9832K, capacity 10621K, committed 10880K, reserved 1058816K
  class space    used 1617K, capacity 1648K, committed 1664K, reserved 1048576K
Event: 7.023 GC heap after
Heap after GC invocations=2 (full 0):
 PSYoungGen      total 18432K, used 2534K [0x00000000ebf00000, 0x00000000ed380000, 0x0000000100000000)
  eden space 15872K, 0% used [0x00000000ebf00000,0x00000000ebf00000,0x00000000ece80000)
  from space 2560K, 98% used [0x00000000ed100000,0x00000000ed3798c8,0x00000000ed380000)
  to   space 2560K, 0% used [0x00000000ece80000,0x00000000ece80000,0x00000000ed100000)
 ParOldGen       total 42496K, used 3414K [0x00000000c3c00000, 0x00000000c6580000, 0x00000000ebf00000)
  object space 42496K, 8% used [0x00000000c3c00000,0x00000000c3f55960,0x00000000c6580000)
 Metaspace       used 9832K, capacity 10621K, committed 10880K, reserved 1058816K
  class space    used 1617K, capacity 1648K, committed 1664K, reserved 1048576K
}
Event: 7.486 GC heap before
{Heap before GC invocations=3 (full 0):
 PSYoungGen      total 18432K, used 18406K [0x00000000ebf00000, 0x00000000ed380000, 0x0000000100000000)
  eden space 15872K, 100% used [0x00000000ebf00000,0x00000000ece80000,0x00000000ece80000)
  from space 2560K, 98% used [0x00000000ed100000,0x00000000ed3798c8,0x00000000ed380000)
  to   space 2560K, 0% used [0x00000000ece80000,0x00000000ece80000,0x00000000ed100000)
 ParOldGen       total 42496K, used 3414K [0x00000000c3c00000, 0x00000000c6580000, 0x00000000ebf00000)
  object space 42496K, 8% used [0x00000000c3c00000,0x00000000c3f55960,0x00000000c6580000)
 Metaspace       used 11038K, capacity 11837K, committed 12032K, reserved 1058816K
  class space    used 1909K, capacity 1968K, committed 2048K, reserved 1048576K
Event: 7.497 GC heap after
Heap after GC invocations=3 (full 0):
 PSYoungGen      total 18432K, used 2551K [0x00000000ebf00000, 0x00000000ee300000, 0x0000000100000000)
  eden space 15872K, 0% used [0x00000000ebf00000,0x00000000ebf00000,0x00000000ece80000)
  from space 2560K, 99% used [0x00000000ece80000,0x00000000ed0fdf90,0x00000000ed100000)
  to   space 2560K, 0% used [0x00000000ee080000,0x00000000ee080000,0x00000000ee300000)
 ParOldGen       total 42496K, used 3995K [0x00000000c3c00000, 0x00000000c6580000, 0x00000000ebf00000)
  object space 42496K, 9% used [0x00000000c3c00000,0x00000000c3fe6e08,0x00000000c6580000)
 Metaspace       used 11038K, capacity 11837K, committed 12032K, reserved 1058816K
  class space    used 1909K, capacity 1968K, committed 2048K, reserved 1048576K
}
Event: 13.046 GC heap before
{Heap before GC invocations=4 (full 0):
 PSYoungGen      total 18432K, used 18423K [0x00000000ebf00000, 0x00000000ee300000, 0x0000000100000000)
  eden space 15872K, 100% used [0x00000000ebf00000,0x00000000ece80000,0x00000000ece80000)
  from space 2560K, 99% used [0x00000000ece80000,0x00000000ed0fdf90,0x00000000ed100000)
  to   space 2560K, 0% used [0x00000000ee080000,0x00000000ee080000,0x00000000ee300000)
 ParOldGen       total 42496K, used 3995K [0x00000000c3c00000, 0x00000000c6580000, 0x00000000ebf00000)
  object space 42496K, 9% used [0x00000000c3c00000,0x00000000c3fe6e08,0x00000000c6580000)
 Metaspace       used 13727K, capacity 14365K, committed 14464K, reserved 1060864K
  class space    used 2620K, capacity 2640K, committed 2688K, reserved 1048576K
Event: 13.256 GC heap after
Heap after GC invocations=4 (full 0):
 PSYoungGen      total 34304K, used 2559K [0x00000000ebf00000, 0x00000000ee300000, 0x0000000100000000)
  eden space 31744K, 0% used [0x00000000ebf00000,0x00000000ebf00000,0x00000000ede00000)
  from space 2560K, 99% used [0x00000000ee080000,0x00000000ee2ffd48,0x00000000ee300000)
  to   space 2560K, 0% used [0x00000000ede00000,0x00000000ede00000,0x00000000ee080000)
 ParOldGen       total 42496K, used 6643K [0x00000000c3c00000, 0x00000000c6580000, 0x00000000ebf00000)
  object space 42496K, 15% used [0x00000000c3c00000,0x00000000c427cc58,0x00000000c6580000)
 Metaspace       used 13727K, capacity 14365K, committed 14464K, reserved 1060864K
  class space    used 2620K, capacity 2640K, committed 2688K, reserved 1048576K
}
Event: 14.162 GC heap before
{Heap before GC invocations=5 (full 0):
 PSYoungGen      total 34304K, used 34303K [0x00000000ebf00000, 0x00000000ee300000, 0x0000000100000000)
  eden space 31744K, 100% used [0x00000000ebf00000,0x00000000ede00000,0x00000000ede00000)
  from space 2560K, 99% used [0x00000000ee080000,0x00000000ee2ffd48,0x00000000ee300000)
  to   space 2560K, 0% used [0x00000000ede00000,0x00000000ede00000,0x00000000ee080000)
 ParOldGen       total 42496K, used 6643K [0x00000000c3c00000, 0x00000000c6580000, 0x00000000ebf00000)
  object space 42496K, 15% used [0x00000000c3c00000,0x00000000c427cc58,0x00000000c6580000)
 Metaspace       used 14281K, capacity 14665K, committed 14848K, reserved 1060864K
  class space    used 2678K, capacity 2722K, committed 2816K, reserved 1048576K

Deoptimization events (10 events):
Event: 12.147 Thread 0x00007f588c12a800 Uncommon trap: reason=class_check action=maybe_recompile pc=0x00007f587d2aff40 method=java.lang.ClassLoader.loadClass(Ljava/lang/String;Z)Ljava/lang/Class; @ 38
Event: 12.147 Thread 0x00007f588c1b0000 Uncommon trap: reason=class_check action=maybe_recompile pc=0x00007f587d2aff40 method=java.lang.ClassLoader.loadClass(Ljava/lang/String;Z)Ljava/lang/Class; @ 38
Event: 12.148 Thread 0x00007f588c1b1800 Uncommon trap: reason=class_check action=maybe_recompile pc=0x00007f587d2aff40 method=java.lang.ClassLoader.loadClass(Ljava/lang/String;Z)Ljava/lang/Class; @ 38
Event: 12.148 Thread 0x00007f588c287800 Uncommon trap: reason=class_check action=maybe_recompile pc=0x00007f587d2aff40 method=java.lang.ClassLoader.loadClass(Ljava/lang/String;Z)Ljava/lang/Class; @ 38
Event: 12.148 Thread 0x00007f588c1c4000 Uncommon trap: reason=class_check action=maybe_recompile pc=0x00007f587d2aff40 method=java.lang.ClassLoader.loadClass(Ljava/lang/String;Z)Ljava/lang/Class; @ 38
Event: 12.192 Thread 0x00007f588c12a800 Uncommon trap: reason=unstable_if action=reinterpret pc=0x00007f587d178534 method=java.lang.String.replace(CC)Ljava/lang/String; @ 26
Event: 12.218 Thread 0x00007f588c129800 Uncommon trap: reason=class_check action=maybe_recompile pc=0x00007f587d2aff40 method=java.lang.ClassLoader.loadClass(Ljava/lang/String;Z)Ljava/lang/Class; @ 38
Event: 13.583 Thread 0x00007f588c12c800 Uncommon trap: reason=unstable_if action=reinterpret pc=0x00007f587d230b04 method=java.util.HashMap.getNode(ILjava/lang/Object;)Ljava/util/HashMap$Node; @ 49
Event: 13.583 Thread 0x00007f588c12c800 Uncommon trap: reason=unstable_if action=reinterpret pc=0x00007f587d22ef34 method=java.util.HashMap.getNode(ILjava/lang/Object;)Ljava/util/HashMap$Node; @ 49
Event: 14.119 Thread 0x00007f588c12c800 Uncommon trap: reason=unstable_if action=reinterpret pc=0x00007f587d3405b0 method=java.util.concurrent.ConcurrentHashMap.addCount(JI)V @ 7

Internal exceptions (10 events):
Event: 0.353 Thread 0x00007f588c008800 Exception <a 'java/lang/NoSuchMethodError': Method sun.misc.Unsafe.defineClass(Ljava/lang/String;[BII)Ljava/lang/Class; name or signature does not match> (0x00000000ebf07cc0) thrown at [/ssd/Android/AOSP-openjdk/external/jetbrains/jdk/hotspot/src/share/vm
Event: 0.353 Thread 0x00007f588c008800 Exception <a 'java/lang/NoSuchMethodError': Method sun.misc.Unsafe.prefetchRead(Ljava/lang/Object;J)V name or signature does not match> (0x00000000ebf07fa8) thrown at [/ssd/Android/AOSP-openjdk/external/jetbrains/jdk/hotspot/src/share/vm/prims/jni.cpp, li
Event: 12.089 Thread 0x00007f588c12c800 Implicit null exception at 0x00007f587d24ec05 to 0x00007f587d24f269
Event: 12.089 Thread 0x00007f588c1b0000 Implicit null exception at 0x00007f587d24ec05 to 0x00007f587d24f269
Event: 12.089 Thread 0x00007f588c285800 Implicit null exception at 0x00007f587d24ec05 to 0x00007f587d24f269
Event: 12.089 Thread 0x00007f588c129800 Implicit null exception at 0x00007f587d24ec05 to 0x00007f587d24f269
Event: 12.089 Thread 0x00007f588c1b1800 Implicit null exception at 0x00007f587d24ec05 to 0x00007f587d24f269
Event: 12.089 Thread 0x00007f588c12a800 Implicit null exception at 0x00007f587d24ec05 to 0x00007f587d24f269
Event: 12.089 Thread 0x00007f588c1c4000 Implicit null exception at 0x00007f587d24ec05 to 0x00007f587d24f269
Event: 12.089 Thread 0x00007f588c287800 Implicit null exception at 0x00007f587d24ec05 to 0x00007f587d24f269

Events (10 events):
Event: 14.075 loading class frege/compiler/Main$44$1$6
Event: 14.075 loading class frege/compiler/Main$44$1$6 done
Event: 14.119 Thread 0x00007f588c12c800 Uncommon trap: trap_request=0xffffff65 fr.pc=0x00007f587d3405b0
Event: 14.119 Thread 0x00007f588c12c800 DEOPT PACKING pc=0x00007f587d3405b0 sp=0x00007f5874db0e90
Event: 14.119 Thread 0x00007f588c12c800 DEOPT UNPACKING pc=0x00007f587d004f69 sp=0x00007f5874db0d70 mode 2
Event: 14.119 loading class frege/prelude/PreludeText
Event: 14.119 loading class frege/prelude/PreludeText done
Event: 14.155 loading class froid/Types
Event: 14.155 loading class froid/Types done
Event: 14.162 Executing VM operation: ParallelGCFailedAllocation


Dynamic libraries:
00400000-00401000 r-xp 00000000 08:04 3944526                            /nix/store/x7cz8zxmww3smmjkg5r8gf7n7yzgd1vd-android-studio/jre/bin/java
00600000-00601000 r--p 00000000 08:04 3944526                            /nix/store/x7cz8zxmww3smmjkg5r8gf7n7yzgd1vd-android-studio/jre/bin/java
00601000-00602000 rw-p 00001000 08:04 3944526                            /nix/store/x7cz8zxmww3smmjkg5r8gf7n7yzgd1vd-android-studio/jre/bin/java
009e7000-00a08000 rw-p 00000000 00:00 0                                  [heap]
c3c00000-c6580000 rw-p 00000000 00:00 0 
c6580000-ebf00000 ---p 00000000 00:00 0 
ebf00000-ee300000 rw-p 00000000 00:00 0 
f1000000-100000000 ---p 00000000 00:00 0 
100000000-1002c0000 rw-p 00000000 00:00 0 
1002c0000-140000000 ---p 00000000 00:00 0 
7f581c000000-7f581c023000 rw-p 00000000 00:00 0 
7f581c023000-7f5820000000 ---p 00000000 00:00 0 
7f5820000000-7f5820021000 rw-p 00000000 00:00 0 
7f5820021000-7f5824000000 ---p 00000000 00:00 0 
7f5824000000-7f5824021000 rw-p 00000000 00:00 0 
7f5824021000-7f5828000000 ---p 00000000 00:00 0 
7f5828000000-7f5828021000 rw-p 00000000 00:00 0 
7f5828021000-7f582c000000 ---p 00000000 00:00 0 
7f582c000000-7f582c03e000 rw-p 00000000 00:00 0 
7f582c03e000-7f5830000000 ---p 00000000 00:00 0 
7f5830000000-7f5830021000 rw-p 00000000 00:00 0 
7f5830021000-7f5834000000 ---p 00000000 00:00 0 
7f5834000000-7f5834285000 rw-p 00000000 00:00 0 
7f5834285000-7f5838000000 ---p 00000000 00:00 0 
7f5838000000-7f58384bc000 rw-p 00000000 00:00 0 
7f58384bc000-7f583c000000 ---p 00000000 00:00 0 
7f583c000000-7f583c021000 rw-p 00000000 00:00 0 
7f583c021000-7f5840000000 ---p 00000000 00:00 0 
7f5840000000-7f5840021000 rw-p 00000000 00:00 0 
7f5840021000-7f5844000000 ---p 00000000 00:00 0 
7f5844000000-7f5846131000 rw-p 00000000 00:00 0 
7f5846131000-7f5848000000 ---p 00000000 00:00 0 
7f5848000000-7f5848477000 rw-p 00000000 00:00 0 
7f5848477000-7f584c000000 ---p 00000000 00:00 0 
7f584c000000-7f584dc1a000 rw-p 00000000 00:00 0 
7f584dc1a000-7f5850000000 ---p 00000000 00:00 0 
7f58513e8000-7f5858000000 r--p 00000000 08:04 2238261                    /nix/store/5zy82yd0p3scpkp4lmxrz6vf3f9gk1nb-glibc-locales-2.25/lib/locale/locale-archive
7f5858000000-7f5858021000 rw-p 00000000 00:00 0 
7f5858021000-7f585c000000 ---p 00000000 00:00 0 
7f585c000000-7f585c021000 rw-p 00000000 00:00 0 
7f585c021000-7f5860000000 ---p 00000000 00:00 0 
7f5860000000-7f586027d000 rw-p 00000000 00:00 0 
7f586027d000-7f5864000000 ---p 00000000 00:00 0 
7f5864000000-7f5864021000 rw-p 00000000 00:00 0 
7f5864021000-7f5868000000 ---p 00000000 00:00 0 
7f5868000000-7f5868021000 rw-p 00000000 00:00 0 
7f5868021000-7f586c000000 ---p 00000000 00:00 0 
7f586c000000-7f586c021000 rw-p 00000000 00:00 0 
7f586c021000-7f5870000000 ---p 00000000 00:00 0 
7f5870000000-7f5870021000 rw-p 00000000 00:00 0 
7f5870021000-7f5874000000 ---p 00000000 00:00 0 
7f5874bb1000-7f5874bb4000 ---p 00000000 00:00 0 
7f5874bb4000-7f5874cb2000 rw-p 00000000 00:00 0 
7f5874cb2000-7f5874cb5000 ---p 00000000 00:00 0 
7f5874cb5000-7f5874db3000 rw-p 00000000 00:00 0 
7f5874db3000-7f5874db6000 ---p 00000000 00:00 0 
7f5874db6000-7f5874eb4000 rw-p 00000000 00:00 0 
7f5874eb4000-7f5874eb7000 ---p 00000000 00:00 0 
7f5874eb7000-7f5874fb5000 rw-p 00000000 00:00 0 
7f5874fb5000-7f5874fb8000 ---p 00000000 00:00 0 
7f5874fb8000-7f58750b6000 rw-p 00000000 00:00 0 
7f58750b6000-7f58750b9000 ---p 00000000 00:00 0 
7f58750b9000-7f5875377000 rw-p 00000000 00:00 0 
7f5875377000-7f58753b7000 ---p 00000000 00:00 0 
7f58753b7000-7f58755b7000 rw-p 00000000 00:00 0 
7f58755b7000-7f58755ce000 r-xp 00000000 08:04 3944617                    /nix/store/x7cz8zxmww3smmjkg5r8gf7n7yzgd1vd-android-studio/jre/jre/lib/amd64/libnet.so
7f58755ce000-7f58757cd000 ---p 00017000 08:04 3944617                    /nix/store/x7cz8zxmww3smmjkg5r8gf7n7yzgd1vd-android-studio/jre/jre/lib/amd64/libnet.so
7f58757cd000-7f58757ce000 r--p 00016000 08:04 3944617                    /nix/store/x7cz8zxmww3smmjkg5r8gf7n7yzgd1vd-android-studio/jre/jre/lib/amd64/libnet.so
7f58757ce000-7f58757cf000 rw-p 00017000 08:04 3944617                    /nix/store/x7cz8zxmww3smmjkg5r8gf7n7yzgd1vd-android-studio/jre/jre/lib/amd64/libnet.so
7f58757cf000-7f58757e0000 r-xp 00000000 08:04 3944618                    /nix/store/x7cz8zxmww3smmjkg5r8gf7n7yzgd1vd-android-studio/jre/jre/lib/amd64/libnio.so
7f58757e0000-7f58759df000 ---p 00011000 08:04 3944618                    /nix/store/x7cz8zxmww3smmjkg5r8gf7n7yzgd1vd-android-studio/jre/jre/lib/amd64/libnio.so
7f58759df000-7f58759e0000 r--p 00010000 08:04 3944618                    /nix/store/x7cz8zxmww3smmjkg5r8gf7n7yzgd1vd-android-studio/jre/jre/lib/amd64/libnio.so
7f58759e0000-7f58759e1000 rw-p 00011000 08:04 3944618                    /nix/store/x7cz8zxmww3smmjkg5r8gf7n7yzgd1vd-android-studio/jre/jre/lib/amd64/libnio.so
7f58759e1000-7f58759e4000 ---p 00000000 00:00 0 
7f58759e4000-7f5875ae2000 rw-p 00000000 00:00 0 
7f5875ae2000-7f5875ae5000 ---p 00000000 00:00 0 
7f5875ae5000-7f5875be3000 rw-p 00000000 00:00 0 
7f5875be3000-7f5875edd000 r--s 01c1e000 08:04 1855104                    /home/nik/projects/Piler/mobile/app/libs/frege-3.24.100.1-jdk7.jar
7f5875edd000-7f5875ede000 ---p 00000000 00:00 0 
7f5875ede000-7f5875fde000 rw-p 00000000 00:00 0 
7f5875fde000-7f5875fe1000 ---p 00000000 00:00 0 
7f5875fe1000-7f58760df000 rw-p 00000000 00:00 0 
7f58760df000-7f58760e2000 ---p 00000000 00:00 0 
7f58760e2000-7f5878000000 rw-p 00000000 00:00 0 
7f5878000000-7f5878021000 rw-p 00000000 00:00 0 
7f5878021000-7f587c000000 ---p 00000000 00:00 0 
7f587c06c000-7f587c0f1000 rw-p 00000000 00:00 0 
7f587c0f1000-7f587c0f4000 ---p 00000000 00:00 0 
7f587c0f4000-7f587c1f2000 rw-p 00000000 00:00 0 
7f587c1f2000-7f587c1f5000 ---p 00000000 00:00 0 
7f587c1f5000-7f587c2f3000 rw-p 00000000 00:00 0 
7f587c2f3000-7f587c2f6000 ---p 00000000 00:00 0 
7f587c2f6000-7f587c3f4000 rw-p 00000000 00:00 0 
7f587c3f4000-7f587c3f7000 ---p 00000000 00:00 0 
7f587c3f7000-7f587c4f5000 rw-p 00000000 00:00 0 
7f587c4f5000-7f587c4f8000 ---p 00000000 00:00 0 
7f587c4f8000-7f587c5f6000 rw-p 00000000 00:00 0 
7f587c5f6000-7f587c5f7000 ---p 00000000 00:00 0 
7f587c5f7000-7f587d000000 rw-p 00000000 00:00 0 
7f587d000000-7f587d3a0000 rwxp 00000000 00:00 0 
7f587d3a0000-7f588c000000 ---p 00000000 00:00 0 
7f588c000000-7f588c3aa000 rw-p 00000000 00:00 0 
7f588c3aa000-7f5890000000 ---p 00000000 00:00 0 
7f5890024000-7f58906fb000 rw-p 00000000 00:00 0 
7f58906fb000-7f58908c8000 r--s 03bec000 08:04 3944645                    /nix/store/x7cz8zxmww3smmjkg5r8gf7n7yzgd1vd-android-studio/jre/jre/lib/rt.jar
7f58908c8000-7f5891320000 rw-p 00000000 00:00 0 
7f5891320000-7f5891321000 ---p 00000000 00:00 0 
7f5891321000-7f5891421000 rw-p 00000000 00:00 0 
7f5891421000-7f5891422000 ---p 00000000 00:00 0 
7f5891422000-7f5891522000 rw-p 00000000 00:00 0 
7f5891522000-7f5891523000 ---p 00000000 00:00 0 
7f5891523000-7f5891623000 rw-p 00000000 00:00 0 
7f5891623000-7f5891624000 ---p 00000000 00:00 0 
7f5891624000-7f5891739000 rw-p 00000000 00:00 0 
7f5891739000-7f5891866000 ---p 00000000 00:00 0 
7f5891866000-7f589187b000 rw-p 00000000 00:00 0 
7f589187b000-7f58919a7000 ---p 00000000 00:00 0 
7f58919a7000-7f58919ba000 rw-p 00000000 00:00 0 
7f58919ba000-7f5891a48000 ---p 00000000 00:00 0 
7f5891a48000-7f5891a58000 rw-p 00000000 00:00 0 
7f5891a58000-7f5891e09000 ---p 00000000 00:00 0 
7f5891e09000-7f5891e23000 r-xp 00000000 08:04 3944626                    /nix/store/x7cz8zxmww3smmjkg5r8gf7n7yzgd1vd-android-studio/jre/jre/lib/amd64/libzip.so
7f5891e23000-7f5892023000 ---p 0001a000 08:04 3944626                    /nix/store/x7cz8zxmww3smmjkg5r8gf7n7yzgd1vd-android-studio/jre/jre/lib/amd64/libzip.so
7f5892023000-7f5892024000 r--p 0001a000 08:04 3944626                    /nix/store/x7cz8zxmww3smmjkg5r8gf7n7yzgd1vd-android-studio/jre/jre/lib/amd64/libzip.so
7f5892024000-7f5892025000 rw-p 0001b000 08:04 3944626                    /nix/store/x7cz8zxmww3smmjkg5r8gf7n7yzgd1vd-android-studio/jre/jre/lib/amd64/libzip.so
7f5892025000-7f5892052000 r-xp 00000000 08:04 3944605                    /nix/store/x7cz8zxmww3smmjkg5r8gf7n7yzgd1vd-android-studio/jre/jre/lib/amd64/libjava.so
7f5892052000-7f5892251000 ---p 0002d000 08:04 3944605                    /nix/store/x7cz8zxmww3smmjkg5r8gf7n7yzgd1vd-android-studio/jre/jre/lib/amd64/libjava.so
7f5892251000-7f5892252000 r--p 0002c000 08:04 3944605                    /nix/store/x7cz8zxmww3smmjkg5r8gf7n7yzgd1vd-android-studio/jre/jre/lib/amd64/libjava.so
7f5892252000-7f5892254000 rw-p 0002d000 08:04 3944605                    /nix/store/x7cz8zxmww3smmjkg5r8gf7n7yzgd1vd-android-studio/jre/jre/lib/amd64/libjava.so
7f5892254000-7f5892264000 r-xp 00000000 08:04 3944625                    /nix/store/x7cz8zxmww3smmjkg5r8gf7n7yzgd1vd-android-studio/jre/jre/lib/amd64/libverify.so
7f5892264000-7f5892463000 ---p 00010000 08:04 3944625                    /nix/store/x7cz8zxmww3smmjkg5r8gf7n7yzgd1vd-android-studio/jre/jre/lib/amd64/libverify.so
7f5892463000-7f5892465000 r--p 0000f000 08:04 3944625                    /nix/store/x7cz8zxmww3smmjkg5r8gf7n7yzgd1vd-android-studio/jre/jre/lib/amd64/libverify.so
7f5892465000-7f5892466000 rw-p 00011000 08:04 3944625                    /nix/store/x7cz8zxmww3smmjkg5r8gf7n7yzgd1vd-android-studio/jre/jre/lib/amd64/libverify.so
7f5892466000-7f589246d000 r-xp 00000000 08:04 1835335                    /nix/store/kjwbqnh13dxh6w4pk2gb3ddmhpiaihqg-glibc-2.25/lib/librt-2.25.so
7f589246d000-7f589266c000 ---p 00007000 08:04 1835335                    /nix/store/kjwbqnh13dxh6w4pk2gb3ddmhpiaihqg-glibc-2.25/lib/librt-2.25.so
7f589266c000-7f589266d000 r--p 00006000 08:04 1835335                    /nix/store/kjwbqnh13dxh6w4pk2gb3ddmhpiaihqg-glibc-2.25/lib/librt-2.25.so
7f589266d000-7f589266e000 rw-p 00007000 08:04 1835335                    /nix/store/kjwbqnh13dxh6w4pk2gb3ddmhpiaihqg-glibc-2.25/lib/librt-2.25.so
7f589266e000-7f589277f000 r-xp 00000000 08:04 1835317                    /nix/store/kjwbqnh13dxh6w4pk2gb3ddmhpiaihqg-glibc-2.25/lib/libm-2.25.so
7f589277f000-7f589297f000 ---p 00111000 08:04 1835317                    /nix/store/kjwbqnh13dxh6w4pk2gb3ddmhpiaihqg-glibc-2.25/lib/libm-2.25.so
7f589297f000-7f5892980000 r--p 00111000 08:04 1835317                    /nix/store/kjwbqnh13dxh6w4pk2gb3ddmhpiaihqg-glibc-2.25/lib/libm-2.25.so
7f5892980000-7f5892981000 rw-p 00112000 08:04 1835317                    /nix/store/kjwbqnh13dxh6w4pk2gb3ddmhpiaihqg-glibc-2.25/lib/libm-2.25.so
7f5892981000-7f5893567000 r-xp 00000000 08:04 4075730                    /nix/store/x7cz8zxmww3smmjkg5r8gf7n7yzgd1vd-android-studio/jre/jre/lib/amd64/server/libjvm.so
7f5893567000-7f5893767000 ---p 00be6000 08:04 4075730                    /nix/store/x7cz8zxmww3smmjkg5r8gf7n7yzgd1vd-android-studio/jre/jre/lib/amd64/server/libjvm.so
7f5893767000-7f5893806000 r--p 00be6000 08:04 4075730                    /nix/store/x7cz8zxmww3smmjkg5r8gf7n7yzgd1vd-android-studio/jre/jre/lib/amd64/server/libjvm.so
7f5893806000-7f589382f000 rw-p 00c85000 08:04 4075730                    /nix/store/x7cz8zxmww3smmjkg5r8gf7n7yzgd1vd-android-studio/jre/jre/lib/amd64/server/libjvm.so
7f589382f000-7f5893871000 rw-p 00000000 00:00 0 
7f5893871000-7f589388a000 r-xp 00000000 08:04 1835331                    /nix/store/kjwbqnh13dxh6w4pk2gb3ddmhpiaihqg-glibc-2.25/lib/libpthread-2.25.so
7f589388a000-7f5893a89000 ---p 00019000 08:04 1835331                    /nix/store/kjwbqnh13dxh6w4pk2gb3ddmhpiaihqg-glibc-2.25/lib/libpthread-2.25.so
7f5893a89000-7f5893a8a000 r--p 00018000 08:04 1835331                    /nix/store/kjwbqnh13dxh6w4pk2gb3ddmhpiaihqg-glibc-2.25/lib/libpthread-2.25.so
7f5893a8a000-7f5893a8b000 rw-p 00019000 08:04 1835331                    /nix/store/kjwbqnh13dxh6w4pk2gb3ddmhpiaihqg-glibc-2.25/lib/libpthread-2.25.so
7f5893a8b000-7f5893a8f000 rw-p 00000000 00:00 0 
7f5893a8f000-7f5893a92000 r-xp 00000000 08:04 1835315                    /nix/store/kjwbqnh13dxh6w4pk2gb3ddmhpiaihqg-glibc-2.25/lib/libdl-2.25.so
7f5893a92000-7f5893c91000 ---p 00003000 08:04 1835315                    /nix/store/kjwbqnh13dxh6w4pk2gb3ddmhpiaihqg-glibc-2.25/lib/libdl-2.25.so
7f5893c91000-7f5893c92000 r--p 00002000 08:04 1835315                    /nix/store/kjwbqnh13dxh6w4pk2gb3ddmhpiaihqg-glibc-2.25/lib/libdl-2.25.so
7f5893c92000-7f5893c93000 rw-p 00003000 08:04 1835315                    /nix/store/kjwbqnh13dxh6w4pk2gb3ddmhpiaihqg-glibc-2.25/lib/libdl-2.25.so
7f5893c93000-7f5893e28000 r-xp 00000000 08:04 1835310                    /nix/store/kjwbqnh13dxh6w4pk2gb3ddmhpiaihqg-glibc-2.25/lib/libc-2.25.so
7f5893e28000-7f5894028000 ---p 00195000 08:04 1835310                    /nix/store/kjwbqnh13dxh6w4pk2gb3ddmhpiaihqg-glibc-2.25/lib/libc-2.25.so
7f5894028000-7f589402c000 r--p 00195000 08:04 1835310                    /nix/store/kjwbqnh13dxh6w4pk2gb3ddmhpiaihqg-glibc-2.25/lib/libc-2.25.so
7f589402c000-7f589402e000 rw-p 00199000 08:04 1835310                    /nix/store/kjwbqnh13dxh6w4pk2gb3ddmhpiaihqg-glibc-2.25/lib/libc-2.25.so
7f589402e000-7f5894032000 rw-p 00000000 00:00 0 
7f5894032000-7f5894048000 r-xp 00000000 08:04 4333926                    /nix/store/x7cz8zxmww3smmjkg5r8gf7n7yzgd1vd-android-studio/jre/lib/amd64/jli/libjli.so
7f5894048000-7f5894247000 ---p 00016000 08:04 4333926                    /nix/store/x7cz8zxmww3smmjkg5r8gf7n7yzgd1vd-android-studio/jre/lib/amd64/jli/libjli.so
7f5894247000-7f5894248000 r--p 00015000 08:04 4333926                    /nix/store/x7cz8zxmww3smmjkg5r8gf7n7yzgd1vd-android-studio/jre/lib/amd64/jli/libjli.so
7f5894248000-7f5894249000 rw-p 00016000 08:04 4333926                    /nix/store/x7cz8zxmww3smmjkg5r8gf7n7yzgd1vd-android-studio/jre/lib/amd64/jli/libjli.so
7f5894249000-7f589426c000 r-xp 00000000 08:04 1835306                    /nix/store/kjwbqnh13dxh6w4pk2gb3ddmhpiaihqg-glibc-2.25/lib/ld-2.25.so
7f589426c000-7f5894323000 rw-p 00000000 00:00 0 
7f5894323000-7f589432b000 rw-s 00000000 08:04 3817995                    /tmp/hsperfdata_nik/6082
7f589432b000-7f5894360000 r--s 00000000 00:12 22393                      /run/nscd/db1SEZOa (deleted)
7f5894360000-7f5894361000 rw-p 00000000 00:00 0 
7f5894361000-7f5894362000 ---p 00000000 00:00 0 
7f5894362000-7f5894365000 ---p 00000000 00:00 0 
7f5894365000-7f589446b000 rw-p 00000000 00:00 0 
7f589446b000-7f589446c000 r--p 00022000 08:04 1835306                    /nix/store/kjwbqnh13dxh6w4pk2gb3ddmhpiaihqg-glibc-2.25/lib/ld-2.25.so
7f589446c000-7f589446d000 rw-p 00023000 08:04 1835306                    /nix/store/kjwbqnh13dxh6w4pk2gb3ddmhpiaihqg-glibc-2.25/lib/ld-2.25.so
7f589446d000-7f589446e000 rw-p 00000000 00:00 0 
7fffa525e000-7fffa527f000 rw-p 00000000 00:00 0                          [stack]
7fffa52a4000-7fffa52a6000 r--p 00000000 00:00 0                          [vvar]
7fffa52a6000-7fffa52a8000 r-xp 00000000 00:00 0                          [vdso]
ffffffffff600000-ffffffffff601000 r-xp 00000000 00:00 0                  [vsyscall]

VM Arguments:
jvm_args: -Dfile.encoding=UTF-8 -Duser.country=US -Duser.language=en -Duser.variant 
java_command: frege.compiler.Main -j -target 1.7 -v -inline -O -d src/main/java -make -fp /home/nik/Android/Sdk/platforms/android-27/android.jar -sp src/main/frege/ src/main/frege/
java_class_path (initial): /home/nik/projects/Piler/mobile/app/libs/frege-3.24.100.1-jdk7.jar:/home/nik/projects/Piler/mobile/app/libs/froid_0.0.2.jar:/home/nik/Android/Sdk/platforms/android-27/android.jar
Launcher Type: SUN_STANDARD

Environment Variables:
PATH=/nix/store/c07gdr6cm43j1cphadzafq185k711vx4-coreutils-8.26/bin:/nix/store/7pyzxi7k5l6nym972gi2nq8s9f9b2q0j-findutils-4.6.0/bin:/nix/store/r6s8rcd28wsk4gwviyc93343bq5zwlqq-gnugrep-3.0/bin:/nix/store/l40jpwx8yxhvg3zb9irqyk8yhxznyd6v-which-2.21/bin:/nix/store/fvhg58wd3xp46q8rz3zc7lkjr4lndz53-file-5.28/bin:/nix/store/nf7gb5akijk5afn6nwm8qy996yrlb7dx-glxinfo-8.3.0/bin:/nix/store/3ibl7s2kqm6mnmp8bx51b8m5aq725j55-pciutils-3.5.2/bin:/nix/store/ligi8gcqvrgfgnkapji9gdyfxh2k9hdf-setxkbmap-1.3.1/bin:/nix/store/g3skr3kss1fqqzl5viyg178qbcp4cdky-gnutar-1.29/bin:/nix/store/kdx0bwfy20q6blpgpdb7psbn1y435r56-gzip-1.8/bin:/nix/store/vgzh9wrrn9xja5fjgz6h4dw50cvnsxmd-git-2.12.2/bin
LD_LIBRARY_PATH=/nix/store/x7cz8zxmww3smmjkg5r8gf7n7yzgd1vd-android-studio/bin:/nix/store/3m9wn3mkiyhy9wfqv8xc0w7x2hm5gr6s-fontconfig-2.12.1-lib/lib:/nix/store/h8y0vbvcqz6jg11m3vn5fqpm0w4895ap-freetype-2.6.5/lib:/nix/store/5j7j1h5abb40kywvgkpaxc8rf4j8ja8x-libXext-1.3.3/lib:/nix/store/bx0xp6rk90i95g3n4067338gz6gznagv-libXi-1.7.9/lib:/nix/store/7y33fyidr76z5lfrgm1ymx8x0wjjvapn-libXrender-0.9.10/lib:/nix/store/p3wh1sx3a1waqaab8whnr6r7h2253xva-libXtst-1.2.3/lib:/nix/store/lc9cdddv2xv45ighz8znsanjfgkcdgbx-gcc-5.4.0-lib/lib:/nix/store/yazqb91vcgqza2711h4x8jwywyfni5lb-gcc-5.4.0-lib/lib:/nix/store/sg6ri2jj92sbv7f4rvchzr00d24pi4nq-zlib-1.2.11/lib:/nix/store/pkjjygzk19vfc1b5xxz6jz5hd2sickb2-zlib-1.2.11/lib:/nix/store/xp3m1yx8s1hfwr4wrmkzsy32myzzwbi4-libXrandr-1.5.1/lib:/nix/store/4lapb4ylcl8nwfdqpf8jbaz34w37v9p6-libpulseaudio-10.0/lib:/nix/store/0wznqd6bvr9860885m5lbm3zl7ygkpa6-libX11-1.6.5/lib:/run/opengl-driver/lib:/run/opengl-driver-32/lib:/usr/lib:/usr/lib32
DISPLAY=:0.0

Signal Handlers:
SIGSEGV: [libjvm.so+0x9daac0], sa_mask[0]=11111111011111111101111111111110, sa_flags=SA_RESTART|SA_SIGINFO
SIGBUS: [libjvm.so+0x9daac0], sa_mask[0]=11111111011111111101111111111110, sa_flags=SA_RESTART|SA_SIGINFO
SIGFPE: [libjvm.so+0x840d90], sa_mask[0]=11111111011111111101111111111110, sa_flags=SA_RESTART|SA_SIGINFO
SIGPIPE: [libjvm.so+0x840d90], sa_mask[0]=11111111011111111101111111111110, sa_flags=SA_RESTART|SA_SIGINFO
SIGXFSZ: [libjvm.so+0x840d90], sa_mask[0]=11111111011111111101111111111110, sa_flags=SA_RESTART|SA_SIGINFO
SIGILL: [libjvm.so+0x840d90], sa_mask[0]=11111111011111111101111111111110, sa_flags=SA_RESTART|SA_SIGINFO
SIGUSR1: SIG_DFL, sa_mask[0]=00000000000000000000000000000000, sa_flags=none
SIGUSR2: [libjvm.so+0x840c60], sa_mask[0]=00100000000000000000000000000000, sa_flags=SA_RESTART|SA_SIGINFO
SIGHUP: [libjvm.so+0x840e50], sa_mask[0]=11111111011111111101111111111110, sa_flags=SA_RESTART|SA_SIGINFO
SIGINT: [libjvm.so+0x840e50], sa_mask[0]=11111111011111111101111111111110, sa_flags=SA_RESTART|SA_SIGINFO
SIGTERM: [libjvm.so+0x840e50], sa_mask[0]=11111111011111111101111111111110, sa_flags=SA_RESTART|SA_SIGINFO
SIGQUIT: [libjvm.so+0x840e50], sa_mask[0]=11111111011111111101111111111110, sa_flags=SA_RESTART|SA_SIGINFO


---------------  S Y S T E M  ---------------

OS:NAME=NixOS
ID=nixos
VERSION="17.03.1584.48ecdcf598 (Gorilla)"
VERSION_CODENAME=gorilla
VERSION_ID="17.03.1584.48ecdcf598"
PRETTY_NAME="NixOS 17.03.1584.48ecdcf598 (Gorilla)"
HOME_URL="https://nixos.org/"
SUPPORT_URL="https://nixos.org/nixos/support.html"
BUG_REPORT_URL="https://github.com/NixOS/nixpkgs/issues"

uname:Linux 4.9.38 #1-NixOS SMP Sat Jul 15 10:17:55 UTC 2017 x86_64
libc:glibc 2.25 NPTL 2.25 
rlimit: STACK 8192k, CORE 0k, NPROC 15364, NOFILE 4096, AS infinity
load average:3.75 2.47 1.67

/proc/meminfo:
MemTotal:        3941256 kB
MemFree:           89632 kB
MemAvailable:        120 kB
Buffers:            2528 kB
Cached:           156280 kB
SwapCached:            0 kB
Active:          3599108 kB
Inactive:         133688 kB
Active(anon):    3576844 kB
Inactive(anon):   114932 kB
Active(file):      22264 kB
Inactive(file):    18756 kB
Unevictable:           0 kB
Mlocked:               0 kB
SwapTotal:             0 kB
SwapFree:              0 kB
Dirty:               248 kB
Writeback:             8 kB
AnonPages:       3574216 kB
Mapped:            85920 kB
Shmem:            117560 kB
Slab:              52376 kB
SReclaimable:      26968 kB
SUnreclaim:        25408 kB
KernelStack:        6032 kB
PageTables:        21192 kB
NFS_Unstable:          0 kB
Bounce:                0 kB
WritebackTmp:          0 kB
CommitLimit:     1970628 kB
Committed_AS:    5459504 kB
VmallocTotal:   34359738367 kB
VmallocUsed:           0 kB
VmallocChunk:          0 kB
AnonHugePages:         0 kB
ShmemHugePages:        0 kB
ShmemPmdMapped:        0 kB
HugePages_Total:       0
HugePages_Free:        0
HugePages_Rsvd:        0
HugePages_Surp:        0
Hugepagesize:       2048 kB
DirectMap4k:      103828 kB
DirectMap2M:     3979264 kB
DirectMap1G:           0 kB


CPU:total 4 (2 cores per cpu, 2 threads per core) family 6 model 78 stepping 3, cmov, cx8, fxsr, mmx, sse, sse2, sse3, ssse3, sse4.1, sse4.2, popcnt, avx, avx2, aes, clmul, erms, 3dnowpref, lzcnt, ht, tsc, tscinvbit, bmi1, bmi2, adx

/proc/cpuinfo:
processor	: 0
vendor_id	: GenuineIntel
cpu family	: 6
model		: 78
model name	: Intel(R) Core(TM) i5-6200U CPU @ 2.30GHz
stepping	: 3
microcode	: 0x7c
cpu MHz		: 2699.853
cache size	: 3072 KB
physical id	: 0
siblings	: 4
core id		: 0
cpu cores	: 2
apicid		: 0
initial apicid	: 0
fpu		: yes
fpu_exception	: yes
cpuid level	: 22
wp		: yes
flags		: fpu vme de pse tsc msr pae mce cx8 apic sep mtrr pge mca cmov pat pse36 clflush dts acpi mmx fxsr sse sse2 ss ht tm pbe syscall nx pdpe1gb rdtscp lm constant_tsc art arch_perfmon pebs bts rep_good nopl xtopology nonstop_tsc aperfmperf eagerfpu pni pclmulqdq dtes64 monitor ds_cpl vmx est tm2 ssse3 sdbg fma cx16 xtpr pdcm pcid sse4_1 sse4_2 x2apic movbe popcnt tsc_deadline_timer aes xsave avx f16c rdrand lahf_lm abm 3dnowprefetch epb intel_pt tpr_shadow vnmi flexpriority ept vpid fsgsbase tsc_adjust bmi1 avx2 smep bmi2 erms invpcid mpx rdseed adx smap clflushopt xsaveopt xsavec xgetbv1 xsaves dtherm ida arat pln pts hwp hwp_notify hwp_act_window hwp_epp
bugs		:
bogomips	: 4800.00
clflush size	: 64
cache_alignment	: 64
address sizes	: 39 bits physical, 48 bits virtual
power management:

processor	: 1
vendor_id	: GenuineIntel
cpu family	: 6
model		: 78
model name	: Intel(R) Core(TM) i5-6200U CPU @ 2.30GHz
stepping	: 3
microcode	: 0x7c
cpu MHz		: 2700.000
cache size	: 3072 KB
physical id	: 0
siblings	: 4
core id		: 1
cpu cores	: 2
apicid		: 2
initial apicid	: 2
fpu		: yes
fpu_exception	: yes
cpuid level	: 22
wp		: yes
flags		: fpu vme de pse tsc msr pae mce cx8 apic sep mtrr pge mca cmov pat pse36 clflush dts acpi mmx fxsr sse sse2 ss ht tm pbe syscall nx pdpe1gb rdtscp lm constant_tsc art arch_perfmon pebs bts rep_good nopl xtopology nonstop_tsc aperfmperf eagerfpu pni pclmulqdq dtes64 monitor ds_cpl vmx est tm2 ssse3 sdbg fma cx16 xtpr pdcm pcid sse4_1 sse4_2 x2apic movbe popcnt tsc_deadline_timer aes xsave avx f16c rdrand lahf_lm abm 3dnowprefetch epb intel_pt tpr_shadow vnmi flexpriority ept vpid fsgsbase tsc_adjust bmi1 avx2 smep bmi2 erms invpcid mpx rdseed adx smap clflushopt xsaveopt xsavec xgetbv1 xsaves dtherm ida arat pln pts hwp hwp_notify hwp_act_window hwp_epp
bugs		:
bogomips	: 4803.96
clflush size	: 64
cache_alignment	: 64
address sizes	: 39 bits physical, 48 bits virtual
power management:

processor	: 2
vendor_id	: GenuineIntel
cpu family	: 6
model		: 78
model name	: Intel(R) Core(TM) i5-6200U CPU @ 2.30GHz
stepping	: 3
microcode	: 0x7c
cpu MHz		: 2700.000
cache size	: 3072 KB
physical id	: 0
siblings	: 4
core id		: 0
cpu cores	: 2
apicid		: 1
initial apicid	: 1
fpu		: yes
fpu_exception	: yes
cpuid level	: 22
wp		: yes
flags		: fpu vme de pse tsc msr pae mce cx8 apic sep mtrr pge mca cmov pat pse36 clflush dts acpi mmx fxsr sse sse2 ss ht tm pbe syscall nx pdpe1gb rdtscp lm constant_tsc art arch_perfmon pebs bts rep_good nopl xtopology nonstop_tsc aperfmperf eagerfpu pni pclmulqdq dtes64 monitor ds_cpl vmx est tm2 ssse3 sdbg fma cx16 xtpr pdcm pcid sse4_1 sse4_2 x2apic movbe popcnt tsc_deadline_timer aes xsave avx f16c rdrand lahf_lm abm 3dnowprefetch epb intel_pt tpr_shadow vnmi flexpriority ept vpid fsgsbase tsc_adjust bmi1 avx2 smep bmi2 erms invpcid mpx rdseed adx smap clflushopt xsaveopt xsavec xgetbv1 xsaves dtherm ida arat pln pts hwp hwp_notify hwp_act_window hwp_epp
bugs		:
bogomips	: 4805.33
clflush size	: 64
cache_alignment	: 64
address sizes	: 39 bits physical, 48 bits virtual
power management:

processor	: 3
vendor_id	: GenuineIntel
cpu family	: 6
model		: 78
model name	: Intel(R) Core(TM) i5-6200U CPU @ 2.30GHz
stepping	: 3
microcode	: 0x7c
cpu MHz		: 2699.853
cache size	: 3072 KB
physical id	: 0
siblings	: 4
core id		: 1
cpu cores	: 2
apicid		: 3
initial apicid	: 3
fpu		: yes
fpu_exception	: yes
cpuid level	: 22
wp		: yes
flags		: fpu vme de pse tsc msr pae mce cx8 apic sep mtrr pge mca cmov pat pse36 clflush dts acpi mmx fxsr sse sse2 ss ht tm pbe syscall nx pdpe1gb rdtscp lm constant_tsc art arch_perfmon pebs bts rep_good nopl xtopology nonstop_tsc aperfmperf eagerfpu pni pclmulqdq dtes64 monitor ds_cpl vmx est tm2 ssse3 sdbg fma cx16 xtpr pdcm pcid sse4_1 sse4_2 x2apic movbe popcnt tsc_deadline_timer aes xsave avx f16c rdrand lahf_lm abm 3dnowprefetch epb intel_pt tpr_shadow vnmi flexpriority ept vpid fsgsbase tsc_adjust bmi1 avx2 smep bmi2 erms invpcid mpx rdseed adx smap clflushopt xsaveopt xsavec xgetbv1 xsaves dtherm ida arat pln pts hwp hwp_notify hwp_act_window hwp_epp
bugs		:
bogomips	: 4804.15
clflush size	: 64
cache_alignment	: 64
address sizes	: 39 bits physical, 48 bits virtual
power management:



Memory: 4k page, physical 3941256k(89724k free), swap 0k(0k free)

vm_info: OpenJDK 64-Bit Server VM (25.76-b03) for linux-amd64 JRE (1.8.0_76-release-b03), built on Jun 29 2016 09:39:19 by "builder" with gcc 4.8.4

time: Mon Dec 25 12:15:28 2017
elapsed time: 32 seconds (0d 0h 0m 32s)

