#
# There is insufficient memory for the Java Runtime Environment to continue.
# Native memory allocation (mmap) failed to map 43515904 bytes for committing reserved memory.
# Possible reasons:
#   The system is out of physical RAM or swap space
#   In 32 bit mode, the process size limit was hit
# Possible solutions:
#   Reduce memory load on the system
#   Increase physical memory or swap space
#   Check if swap backing store is full
#   Use 64 bit Java on a 64 bit OS
#   Decrease Java heap size (-Xmx/-Xms)
#   Decrease number of Java threads
#   Decrease Java thread stack sizes (-Xss)
#   Set larger code cache with -XX:ReservedCodeCacheSize=
# This output file may be truncated or incomplete.
#
#  Out of Memory Error (os_linux.cpp:2627), pid=4742, tid=0x00007f55c3652700
#
# JRE version:  (8.0_76-b03) (build )
# Java VM: OpenJDK 64-Bit Server VM (25.76-b03 mixed mode linux-amd64 compressed oops)
# Failed to write core dump. Core dumps have been disabled. To enable core dumping, try "ulimit -c unlimited" before starting Java again
#

---------------  T H R E A D  ---------------

Current thread (0x00007f55bc008800):  JavaThread "Unknown thread" [_thread_in_vm, id=4749, stack(0x00007f55c3552000,0x00007f55c3653000)]

Stack: [0x00007f55c3552000,0x00007f55c3653000],  sp=0x00007f55c3651620,  free space=1021k
Native frames: (J=compiled Java code, j=interpreted, Vv=VM code, C=native code)
V  [libjvm.so+0x9d9fcd]  VMError::report_and_die()+0x15d
V  [libjvm.so+0x4b4d4a]  report_vm_out_of_memory(char const*, int, unsigned long, VMErrorType, char const*)+0x8a
V  [libjvm.so+0x845190]  os::pd_commit_memory(char*, unsigned long, unsigned long, bool)+0xf0
V  [libjvm.so+0x83fcbf]  os::commit_memory(char*, unsigned long, unsigned long, bool)+0x1f
V  [libjvm.so+0x8b4d9b]  PSVirtualSpace::expand_by(unsigned long)+0x5b
V  [libjvm.so+0x8a6d18]  PSOldGen::initialize(ReservedSpace, unsigned long, char const*, int)+0xa8
V  [libjvm.so+0x2c3793]  AdjoiningGenerations::AdjoiningGenerations(ReservedSpace, GenerationSizer*, unsigned long)+0x353
V  [libjvm.so+0x868921]  ParallelScavengeHeap::initialize()+0x211
V  [libjvm.so+0x9a5e59]  Universe::initialize_heap()+0x189
V  [libjvm.so+0x9a6053]  universe_init()+0x33
V  [libjvm.so+0x5da925]  init_globals()+0x55
V  [libjvm.so+0x989ca3]  Threads::create_vm(JavaVMInitArgs*, bool*)+0x2b3
V  [libjvm.so+0x647c52]  JNI_CreateJavaVM+0x52
C  [libjli.so+0x77c8]  JavaMain+0x88
C  [libpthread.so.0+0x7234]  start_thread+0xc4


---------------  P R O C E S S  ---------------

Java Threads: ( => current thread )

Other Threads:

=>0x00007f55bc008800 (exited) JavaThread "Unknown thread" [_thread_in_vm, id=4749, stack(0x00007f55c3552000,0x00007f55c3653000)]

VM state:not at safepoint (not fully initialized)

VM Mutex/Monitor currently owned by a thread: None

GC Heap History (0 events):
No events

Deoptimization events (0 events):
No events

Internal exceptions (0 events):
No events

Events (0 events):
No events


Dynamic libraries:
00400000-00401000 r-xp 00000000 08:04 3944526                            /nix/store/x7cz8zxmww3smmjkg5r8gf7n7yzgd1vd-android-studio/jre/bin/java
00600000-00601000 r--p 00000000 08:04 3944526                            /nix/store/x7cz8zxmww3smmjkg5r8gf7n7yzgd1vd-android-studio/jre/bin/java
00601000-00602000 rw-p 00001000 08:04 3944526                            /nix/store/x7cz8zxmww3smmjkg5r8gf7n7yzgd1vd-android-studio/jre/bin/java
020df000-02100000 rw-p 00000000 00:00 0                                  [heap]
c6580000-ebf00000 ---p 00000000 00:00 0 
ebf00000-ed380000 rw-p 00000000 00:00 0 
ed380000-100000000 ---p 00000000 00:00 0 
7f55ad000000-7f55ad270000 rwxp 00000000 00:00 0 
7f55ad270000-7f55bc000000 ---p 00000000 00:00 0 
7f55bc000000-7f55bc033000 rw-p 00000000 00:00 0 
7f55bc033000-7f55c0000000 ---p 00000000 00:00 0 
7f55c07e1000-7f55c0a56000 rw-p 00000000 00:00 0 
7f55c0a56000-7f55c0b97000 ---p 00000000 00:00 0 
7f55c0b97000-7f55c0ba2000 rw-p 00000000 00:00 0 
7f55c0ba2000-7f55c0c38000 ---p 00000000 00:00 0 
7f55c0c38000-7f55c0c43000 rw-p 00000000 00:00 0 
7f55c0c43000-7f55c0ff9000 ---p 00000000 00:00 0 
7f55c0ff9000-7f55c1013000 r-xp 00000000 08:04 3944626                    /nix/store/x7cz8zxmww3smmjkg5r8gf7n7yzgd1vd-android-studio/jre/jre/lib/amd64/libzip.so
7f55c1013000-7f55c1213000 ---p 0001a000 08:04 3944626                    /nix/store/x7cz8zxmww3smmjkg5r8gf7n7yzgd1vd-android-studio/jre/jre/lib/amd64/libzip.so
7f55c1213000-7f55c1214000 r--p 0001a000 08:04 3944626                    /nix/store/x7cz8zxmww3smmjkg5r8gf7n7yzgd1vd-android-studio/jre/jre/lib/amd64/libzip.so
7f55c1214000-7f55c1215000 rw-p 0001b000 08:04 3944626                    /nix/store/x7cz8zxmww3smmjkg5r8gf7n7yzgd1vd-android-studio/jre/jre/lib/amd64/libzip.so
7f55c1215000-7f55c1242000 r-xp 00000000 08:04 3944605                    /nix/store/x7cz8zxmww3smmjkg5r8gf7n7yzgd1vd-android-studio/jre/jre/lib/amd64/libjava.so
7f55c1242000-7f55c1441000 ---p 0002d000 08:04 3944605                    /nix/store/x7cz8zxmww3smmjkg5r8gf7n7yzgd1vd-android-studio/jre/jre/lib/amd64/libjava.so
7f55c1441000-7f55c1442000 r--p 0002c000 08:04 3944605                    /nix/store/x7cz8zxmww3smmjkg5r8gf7n7yzgd1vd-android-studio/jre/jre/lib/amd64/libjava.so
7f55c1442000-7f55c1444000 rw-p 0002d000 08:04 3944605                    /nix/store/x7cz8zxmww3smmjkg5r8gf7n7yzgd1vd-android-studio/jre/jre/lib/amd64/libjava.so
7f55c1444000-7f55c1454000 r-xp 00000000 08:04 3944625                    /nix/store/x7cz8zxmww3smmjkg5r8gf7n7yzgd1vd-android-studio/jre/jre/lib/amd64/libverify.so
7f55c1454000-7f55c1653000 ---p 00010000 08:04 3944625                    /nix/store/x7cz8zxmww3smmjkg5r8gf7n7yzgd1vd-android-studio/jre/jre/lib/amd64/libverify.so
7f55c1653000-7f55c1655000 r--p 0000f000 08:04 3944625                    /nix/store/x7cz8zxmww3smmjkg5r8gf7n7yzgd1vd-android-studio/jre/jre/lib/amd64/libverify.so
7f55c1655000-7f55c1656000 rw-p 00011000 08:04 3944625                    /nix/store/x7cz8zxmww3smmjkg5r8gf7n7yzgd1vd-android-studio/jre/jre/lib/amd64/libverify.so
7f55c1656000-7f55c165d000 r-xp 00000000 08:04 1835335                    /nix/store/kjwbqnh13dxh6w4pk2gb3ddmhpiaihqg-glibc-2.25/lib/librt-2.25.so
7f55c165d000-7f55c185c000 ---p 00007000 08:04 1835335                    /nix/store/kjwbqnh13dxh6w4pk2gb3ddmhpiaihqg-glibc-2.25/lib/librt-2.25.so
7f55c185c000-7f55c185d000 r--p 00006000 08:04 1835335                    /nix/store/kjwbqnh13dxh6w4pk2gb3ddmhpiaihqg-glibc-2.25/lib/librt-2.25.so
7f55c185d000-7f55c185e000 rw-p 00007000 08:04 1835335                    /nix/store/kjwbqnh13dxh6w4pk2gb3ddmhpiaihqg-glibc-2.25/lib/librt-2.25.so
7f55c185e000-7f55c196f000 r-xp 00000000 08:04 1835317                    /nix/store/kjwbqnh13dxh6w4pk2gb3ddmhpiaihqg-glibc-2.25/lib/libm-2.25.so
7f55c196f000-7f55c1b6f000 ---p 00111000 08:04 1835317                    /nix/store/kjwbqnh13dxh6w4pk2gb3ddmhpiaihqg-glibc-2.25/lib/libm-2.25.so
7f55c1b6f000-7f55c1b70000 r--p 00111000 08:04 1835317                    /nix/store/kjwbqnh13dxh6w4pk2gb3ddmhpiaihqg-glibc-2.25/lib/libm-2.25.so
7f55c1b70000-7f55c1b71000 rw-p 00112000 08:04 1835317                    /nix/store/kjwbqnh13dxh6w4pk2gb3ddmhpiaihqg-glibc-2.25/lib/libm-2.25.so
7f55c1b71000-7f55c2757000 r-xp 00000000 08:04 4075730                    /nix/store/x7cz8zxmww3smmjkg5r8gf7n7yzgd1vd-android-studio/jre/jre/lib/amd64/server/libjvm.so
7f55c2757000-7f55c2957000 ---p 00be6000 08:04 4075730                    /nix/store/x7cz8zxmww3smmjkg5r8gf7n7yzgd1vd-android-studio/jre/jre/lib/amd64/server/libjvm.so
7f55c2957000-7f55c29f6000 r--p 00be6000 08:04 4075730                    /nix/store/x7cz8zxmww3smmjkg5r8gf7n7yzgd1vd-android-studio/jre/jre/lib/amd64/server/libjvm.so
7f55c29f6000-7f55c2a1f000 rw-p 00c85000 08:04 4075730                    /nix/store/x7cz8zxmww3smmjkg5r8gf7n7yzgd1vd-android-studio/jre/jre/lib/amd64/server/libjvm.so
7f55c2a1f000-7f55c2a61000 rw-p 00000000 00:00 0 
7f55c2a61000-7f55c2a7a000 r-xp 00000000 08:04 1835331                    /nix/store/kjwbqnh13dxh6w4pk2gb3ddmhpiaihqg-glibc-2.25/lib/libpthread-2.25.so
7f55c2a7a000-7f55c2c79000 ---p 00019000 08:04 1835331                    /nix/store/kjwbqnh13dxh6w4pk2gb3ddmhpiaihqg-glibc-2.25/lib/libpthread-2.25.so
7f55c2c79000-7f55c2c7a000 r--p 00018000 08:04 1835331                    /nix/store/kjwbqnh13dxh6w4pk2gb3ddmhpiaihqg-glibc-2.25/lib/libpthread-2.25.so
7f55c2c7a000-7f55c2c7b000 rw-p 00019000 08:04 1835331                    /nix/store/kjwbqnh13dxh6w4pk2gb3ddmhpiaihqg-glibc-2.25/lib/libpthread-2.25.so
7f55c2c7b000-7f55c2c7f000 rw-p 00000000 00:00 0 
7f55c2c7f000-7f55c2c82000 r-xp 00000000 08:04 1835315                    /nix/store/kjwbqnh13dxh6w4pk2gb3ddmhpiaihqg-glibc-2.25/lib/libdl-2.25.so
7f55c2c82000-7f55c2e81000 ---p 00003000 08:04 1835315                    /nix/store/kjwbqnh13dxh6w4pk2gb3ddmhpiaihqg-glibc-2.25/lib/libdl-2.25.so
7f55c2e81000-7f55c2e82000 r--p 00002000 08:04 1835315                    /nix/store/kjwbqnh13dxh6w4pk2gb3ddmhpiaihqg-glibc-2.25/lib/libdl-2.25.so
7f55c2e82000-7f55c2e83000 rw-p 00003000 08:04 1835315                    /nix/store/kjwbqnh13dxh6w4pk2gb3ddmhpiaihqg-glibc-2.25/lib/libdl-2.25.so
7f55c2e83000-7f55c3018000 r-xp 00000000 08:04 1835310                    /nix/store/kjwbqnh13dxh6w4pk2gb3ddmhpiaihqg-glibc-2.25/lib/libc-2.25.so
7f55c3018000-7f55c3218000 ---p 00195000 08:04 1835310                    /nix/store/kjwbqnh13dxh6w4pk2gb3ddmhpiaihqg-glibc-2.25/lib/libc-2.25.so
7f55c3218000-7f55c321c000 r--p 00195000 08:04 1835310                    /nix/store/kjwbqnh13dxh6w4pk2gb3ddmhpiaihqg-glibc-2.25/lib/libc-2.25.so
7f55c321c000-7f55c321e000 rw-p 00199000 08:04 1835310                    /nix/store/kjwbqnh13dxh6w4pk2gb3ddmhpiaihqg-glibc-2.25/lib/libc-2.25.so
7f55c321e000-7f55c3222000 rw-p 00000000 00:00 0 
7f55c3222000-7f55c3238000 r-xp 00000000 08:04 4333926                    /nix/store/x7cz8zxmww3smmjkg5r8gf7n7yzgd1vd-android-studio/jre/lib/amd64/jli/libjli.so
7f55c3238000-7f55c3437000 ---p 00016000 08:04 4333926                    /nix/store/x7cz8zxmww3smmjkg5r8gf7n7yzgd1vd-android-studio/jre/lib/amd64/jli/libjli.so
7f55c3437000-7f55c3438000 r--p 00015000 08:04 4333926                    /nix/store/x7cz8zxmww3smmjkg5r8gf7n7yzgd1vd-android-studio/jre/lib/amd64/jli/libjli.so
7f55c3438000-7f55c3439000 rw-p 00016000 08:04 4333926                    /nix/store/x7cz8zxmww3smmjkg5r8gf7n7yzgd1vd-android-studio/jre/lib/amd64/jli/libjli.so
7f55c3439000-7f55c345c000 r-xp 00000000 08:04 1835306                    /nix/store/kjwbqnh13dxh6w4pk2gb3ddmhpiaihqg-glibc-2.25/lib/ld-2.25.so
7f55c3513000-7f55c351b000 rw-s 00000000 08:04 3817995                    /tmp/hsperfdata_nik/4742
7f55c351b000-7f55c3550000 r--s 00000000 00:12 13187                      /run/nscd/dbAliI0L (deleted)
7f55c3550000-7f55c3551000 rw-p 00000000 00:00 0 
7f55c3551000-7f55c3552000 r--p 00000000 00:00 0 
7f55c3552000-7f55c3555000 ---p 00000000 00:00 0 
7f55c3555000-7f55c365b000 rw-p 00000000 00:00 0 
7f55c365b000-7f55c365c000 r--p 00022000 08:04 1835306                    /nix/store/kjwbqnh13dxh6w4pk2gb3ddmhpiaihqg-glibc-2.25/lib/ld-2.25.so
7f55c365c000-7f55c365d000 rw-p 00023000 08:04 1835306                    /nix/store/kjwbqnh13dxh6w4pk2gb3ddmhpiaihqg-glibc-2.25/lib/ld-2.25.so
7f55c365d000-7f55c365e000 rw-p 00000000 00:00 0 
7ffe75ca4000-7ffe75cc5000 rw-p 00000000 00:00 0                          [stack]
7ffe75d5f000-7ffe75d61000 r--p 00000000 00:00 0                          [vvar]
7ffe75d61000-7ffe75d63000 r-xp 00000000 00:00 0                          [vdso]
ffffffffff600000-ffffffffff601000 r-xp 00000000 00:00 0                  [vsyscall]

VM Arguments:
jvm_args: -Dfile.encoding=UTF-8 -Duser.country=US -Duser.language=en -Duser.variant 
java_command: frege.compiler.Main -j -target 1.7 -v -inline -O -d src/main/java -make -fp /home/nik/Android/Sdk/platforms/android-27/android.jar -sp src/main/frege/ src/main/frege/
java_class_path (initial): /home/nik/projects/Piler/mobile/app/libs/frege-3.24.100.1-jdk7.jar:/home/nik/projects/Piler/mobile/app/libs/froid_0.0.2.jar:/home/nik/Android/Sdk/platforms/android-27/android.jar
Launcher Type: SUN_STANDARD

Environment Variables:
PATH=/nix/store/c07gdr6cm43j1cphadzafq185k711vx4-coreutils-8.26/bin:/nix/store/7pyzxi7k5l6nym972gi2nq8s9f9b2q0j-findutils-4.6.0/bin:/nix/store/r6s8rcd28wsk4gwviyc93343bq5zwlqq-gnugrep-3.0/bin:/nix/store/l40jpwx8yxhvg3zb9irqyk8yhxznyd6v-which-2.21/bin:/nix/store/fvhg58wd3xp46q8rz3zc7lkjr4lndz53-file-5.28/bin:/nix/store/nf7gb5akijk5afn6nwm8qy996yrlb7dx-glxinfo-8.3.0/bin:/nix/store/3ibl7s2kqm6mnmp8bx51b8m5aq725j55-pciutils-3.5.2/bin:/nix/store/ligi8gcqvrgfgnkapji9gdyfxh2k9hdf-setxkbmap-1.3.1/bin:/nix/store/g3skr3kss1fqqzl5viyg178qbcp4cdky-gnutar-1.29/bin:/nix/store/kdx0bwfy20q6blpgpdb7psbn1y435r56-gzip-1.8/bin:/nix/store/vgzh9wrrn9xja5fjgz6h4dw50cvnsxmd-git-2.12.2/bin
LD_LIBRARY_PATH=/nix/store/x7cz8zxmww3smmjkg5r8gf7n7yzgd1vd-android-studio/bin:/nix/store/3m9wn3mkiyhy9wfqv8xc0w7x2hm5gr6s-fontconfig-2.12.1-lib/lib:/nix/store/h8y0vbvcqz6jg11m3vn5fqpm0w4895ap-freetype-2.6.5/lib:/nix/store/5j7j1h5abb40kywvgkpaxc8rf4j8ja8x-libXext-1.3.3/lib:/nix/store/bx0xp6rk90i95g3n4067338gz6gznagv-libXi-1.7.9/lib:/nix/store/7y33fyidr76z5lfrgm1ymx8x0wjjvapn-libXrender-0.9.10/lib:/nix/store/p3wh1sx3a1waqaab8whnr6r7h2253xva-libXtst-1.2.3/lib:/nix/store/lc9cdddv2xv45ighz8znsanjfgkcdgbx-gcc-5.4.0-lib/lib:/nix/store/yazqb91vcgqza2711h4x8jwywyfni5lb-gcc-5.4.0-lib/lib:/nix/store/sg6ri2jj92sbv7f4rvchzr00d24pi4nq-zlib-1.2.11/lib:/nix/store/pkjjygzk19vfc1b5xxz6jz5hd2sickb2-zlib-1.2.11/lib:/nix/store/xp3m1yx8s1hfwr4wrmkzsy32myzzwbi4-libXrandr-1.5.1/lib:/nix/store/4lapb4ylcl8nwfdqpf8jbaz34w37v9p6-libpulseaudio-10.0/lib:/nix/store/0wznqd6bvr9860885m5lbm3zl7ygkpa6-libX11-1.6.5/lib:/run/opengl-driver/lib:/run/opengl-driver-32/lib:/usr/lib:/usr/lib32
DISPLAY=:0.0

Signal Handlers:
SIGSEGV: [libjvm.so+0x9daac0], sa_mask[0]=11111111011111111101111111111110, sa_flags=SA_RESTART|SA_SIGINFO
SIGBUS: [libjvm.so+0x9daac0], sa_mask[0]=11111111011111111101111111111110, sa_flags=SA_RESTART|SA_SIGINFO
SIGFPE: [libjvm.so+0x840d90], sa_mask[0]=11111111011111111101111111111110, sa_flags=SA_RESTART|SA_SIGINFO
SIGPIPE: [libjvm.so+0x840d90], sa_mask[0]=11111111011111111101111111111110, sa_flags=SA_RESTART|SA_SIGINFO
SIGXFSZ: [libjvm.so+0x840d90], sa_mask[0]=11111111011111111101111111111110, sa_flags=SA_RESTART|SA_SIGINFO
SIGILL: [libjvm.so+0x840d90], sa_mask[0]=11111111011111111101111111111110, sa_flags=SA_RESTART|SA_SIGINFO
SIGUSR1: SIG_DFL, sa_mask[0]=00000000000000000000000000000000, sa_flags=none
SIGUSR2: [libjvm.so+0x840c60], sa_mask[0]=00100000000000000000000000000000, sa_flags=SA_RESTART|SA_SIGINFO
SIGHUP: SIG_DFL, sa_mask[0]=00000000000000000000000000000000, sa_flags=none
SIGINT: SIG_DFL, sa_mask[0]=00000000000000000000000000000000, sa_flags=none
SIGTERM: SIG_DFL, sa_mask[0]=00000000000000000000000000000000, sa_flags=none
SIGQUIT: SIG_DFL, sa_mask[0]=00000000000000000000000000000000, sa_flags=none


---------------  S Y S T E M  ---------------

OS:NAME=NixOS
ID=nixos
VERSION="17.03.1584.48ecdcf598 (Gorilla)"
VERSION_CODENAME=gorilla
VERSION_ID="17.03.1584.48ecdcf598"
PRETTY_NAME="NixOS 17.03.1584.48ecdcf598 (Gorilla)"
HOME_URL="https://nixos.org/"
SUPPORT_URL="https://nixos.org/nixos/support.html"
BUG_REPORT_URL="https://github.com/NixOS/nixpkgs/issues"

uname:Linux 4.9.38 #1-NixOS SMP Sat Jul 15 10:17:55 UTC 2017 x86_64
libc:glibc 2.25 NPTL 2.25 
rlimit: STACK 8192k, CORE 0k, NPROC 15364, NOFILE 4096, AS infinity
load average:3.60 3.26 2.09

/proc/meminfo:
MemTotal:        3941256 kB
MemFree:          109104 kB
MemAvailable:      14200 kB
Buffers:            1760 kB
Cached:           122252 kB
SwapCached:            0 kB
Active:          3598728 kB
Inactive:         106460 kB
Active(anon):    3583820 kB
Inactive(anon):    91416 kB
Active(file):      14908 kB
Inactive(file):    15044 kB
Unevictable:           0 kB
Mlocked:               0 kB
SwapTotal:             0 kB
SwapFree:              0 kB
Dirty:                88 kB
Writeback:          7428 kB
AnonPages:       3581200 kB
Mapped:            58392 kB
Shmem:             94036 kB
Slab:              57100 kB
SReclaimable:      27256 kB
SUnreclaim:        29844 kB
KernelStack:        6016 kB
PageTables:        21768 kB
NFS_Unstable:          0 kB
Bounce:                0 kB
WritebackTmp:          0 kB
CommitLimit:     1970628 kB
Committed_AS:    5324664 kB
VmallocTotal:   34359738367 kB
VmallocUsed:           0 kB
VmallocChunk:          0 kB
AnonHugePages:         0 kB
ShmemHugePages:        0 kB
ShmemPmdMapped:        0 kB
HugePages_Total:       0
HugePages_Free:        0
HugePages_Rsvd:        0
HugePages_Surp:        0
Hugepagesize:       2048 kB
DirectMap4k:       95636 kB
DirectMap2M:     3987456 kB
DirectMap1G:           0 kB


CPU:total 4 (2 cores per cpu, 2 threads per core) family 6 model 78 stepping 3, cmov, cx8, fxsr, mmx, sse, sse2, sse3, ssse3, sse4.1, sse4.2, popcnt, avx, avx2, aes, clmul, erms, 3dnowpref, lzcnt, ht, tsc, tscinvbit, bmi1, bmi2, adx

/proc/cpuinfo:
processor	: 0
vendor_id	: GenuineIntel
cpu family	: 6
model		: 78
model name	: Intel(R) Core(TM) i5-6200U CPU @ 2.30GHz
stepping	: 3
microcode	: 0x7c
cpu MHz		: 516.503
cache size	: 3072 KB
physical id	: 0
siblings	: 4
core id		: 0
cpu cores	: 2
apicid		: 0
initial apicid	: 0
fpu		: yes
fpu_exception	: yes
cpuid level	: 22
wp		: yes
flags		: fpu vme de pse tsc msr pae mce cx8 apic sep mtrr pge mca cmov pat pse36 clflush dts acpi mmx fxsr sse sse2 ss ht tm pbe syscall nx pdpe1gb rdtscp lm constant_tsc art arch_perfmon pebs bts rep_good nopl xtopology nonstop_tsc aperfmperf eagerfpu pni pclmulqdq dtes64 monitor ds_cpl vmx est tm2 ssse3 sdbg fma cx16 xtpr pdcm pcid sse4_1 sse4_2 x2apic movbe popcnt tsc_deadline_timer aes xsave avx f16c rdrand lahf_lm abm 3dnowprefetch epb intel_pt tpr_shadow vnmi flexpriority ept vpid fsgsbase tsc_adjust bmi1 avx2 smep bmi2 erms invpcid mpx rdseed adx smap clflushopt xsaveopt xsavec xgetbv1 xsaves dtherm ida arat pln pts hwp hwp_notify hwp_act_window hwp_epp
bugs		:
bogomips	: 4800.00
clflush size	: 64
cache_alignment	: 64
address sizes	: 39 bits physical, 48 bits virtual
power management:

processor	: 1
vendor_id	: GenuineIntel
cpu family	: 6
model		: 78
model name	: Intel(R) Core(TM) i5-6200U CPU @ 2.30GHz
stepping	: 3
microcode	: 0x7c
cpu MHz		: 573.193
cache size	: 3072 KB
physical id	: 0
siblings	: 4
core id		: 1
cpu cores	: 2
apicid		: 2
initial apicid	: 2
fpu		: yes
fpu_exception	: yes
cpuid level	: 22
wp		: yes
flags		: fpu vme de pse tsc msr pae mce cx8 apic sep mtrr pge mca cmov pat pse36 clflush dts acpi mmx fxsr sse sse2 ss ht tm pbe syscall nx pdpe1gb rdtscp lm constant_tsc art arch_perfmon pebs bts rep_good nopl xtopology nonstop_tsc aperfmperf eagerfpu pni pclmulqdq dtes64 monitor ds_cpl vmx est tm2 ssse3 sdbg fma cx16 xtpr pdcm pcid sse4_1 sse4_2 x2apic movbe popcnt tsc_deadline_timer aes xsave avx f16c rdrand lahf_lm abm 3dnowprefetch epb intel_pt tpr_shadow vnmi flexpriority ept vpid fsgsbase tsc_adjust bmi1 avx2 smep bmi2 erms invpcid mpx rdseed adx smap clflushopt xsaveopt xsavec xgetbv1 xsaves dtherm ida arat pln pts hwp hwp_notify hwp_act_window hwp_epp
bugs		:
bogomips	: 4803.96
clflush size	: 64
cache_alignment	: 64
address sizes	: 39 bits physical, 48 bits virtual
power management:

processor	: 2
vendor_id	: GenuineIntel
cpu family	: 6
model		: 78
model name	: Intel(R) Core(TM) i5-6200U CPU @ 2.30GHz
stepping	: 3
microcode	: 0x7c
cpu MHz		: 569.824
cache size	: 3072 KB
physical id	: 0
siblings	: 4
core id		: 0
cpu cores	: 2
apicid		: 1
initial apicid	: 1
fpu		: yes
fpu_exception	: yes
cpuid level	: 22
wp		: yes
flags		: fpu vme de pse tsc msr pae mce cx8 apic sep mtrr pge mca cmov pat pse36 clflush dts acpi mmx fxsr sse sse2 ss ht tm pbe syscall nx pdpe1gb rdtscp lm constant_tsc art arch_perfmon pebs bts rep_good nopl xtopology nonstop_tsc aperfmperf eagerfpu pni pclmulqdq dtes64 monitor ds_cpl vmx est tm2 ssse3 sdbg fma cx16 xtpr pdcm pcid sse4_1 sse4_2 x2apic movbe popcnt tsc_deadline_timer aes xsave avx f16c rdrand lahf_lm abm 3dnowprefetch epb intel_pt tpr_shadow vnmi flexpriority ept vpid fsgsbase tsc_adjust bmi1 avx2 smep bmi2 erms invpcid mpx rdseed adx smap clflushopt xsaveopt xsavec xgetbv1 xsaves dtherm ida arat pln pts hwp hwp_notify hwp_act_window hwp_epp
bugs		:
bogomips	: 4805.30
clflush size	: 64
cache_alignment	: 64
address sizes	: 39 bits physical, 48 bits virtual
power management:

processor	: 3
vendor_id	: GenuineIntel
cpu family	: 6
model		: 78
model name	: Intel(R) Core(TM) i5-6200U CPU @ 2.30GHz
stepping	: 3
microcode	: 0x7c
cpu MHz		: 585.058
cache size	: 3072 KB
physical id	: 0
siblings	: 4
core id		: 1
cpu cores	: 2
apicid		: 3
initial apicid	: 3
fpu		: yes
fpu_exception	: yes
cpuid level	: 22
wp		: yes
flags		: fpu vme de pse tsc msr pae mce cx8 apic sep mtrr pge mca cmov pat pse36 clflush dts acpi mmx fxsr sse sse2 ss ht tm pbe syscall nx pdpe1gb rdtscp lm constant_tsc art arch_perfmon pebs bts rep_good nopl xtopology nonstop_tsc aperfmperf eagerfpu pni pclmulqdq dtes64 monitor ds_cpl vmx est tm2 ssse3 sdbg fma cx16 xtpr pdcm pcid sse4_1 sse4_2 x2apic movbe popcnt tsc_deadline_timer aes xsave avx f16c rdrand lahf_lm abm 3dnowprefetch epb intel_pt tpr_shadow vnmi flexpriority ept vpid fsgsbase tsc_adjust bmi1 avx2 smep bmi2 erms invpcid mpx rdseed adx smap clflushopt xsaveopt xsavec xgetbv1 xsaves dtherm ida arat pln pts hwp hwp_notify hwp_act_window hwp_epp
bugs		:
bogomips	: 4804.12
clflush size	: 64
cache_alignment	: 64
address sizes	: 39 bits physical, 48 bits virtual
power management:



Memory: 4k page, physical 3941256k(109104k free), swap 0k(0k free)

vm_info: OpenJDK 64-Bit Server VM (25.76-b03) for linux-amd64 JRE (1.8.0_76-release-b03), built on Jun 29 2016 09:39:19 by "builder" with gcc 4.8.4

time: Mon Dec 25 15:17:13 2017
elapsed time: 3 seconds (0d 0h 0m 3s)

